Using pre-set license

 COMMAND LINE ARGUMENTS:
/Applications/Unity/Hub/Editor/2021.1.3f1/Unity.app/Contents/MacOS/Unity
-adb2
-batchMode
-noUpm
-name
AssetImportWorker1
-projectPath
/Users/kids/Desktop/3D Stuff/Unity Chess
-logFile
Logs/AssetImportWorker1.log
-srvPort
59728
Successfully changed project path to: /Users/kids/Desktop/3D Stuff/Unity Chess
/Users/kids/Desktop/3D Stuff/Unity Chess
Using Asset Import Pipeline V2.
Refreshing native plugins compatible for Editor in 322.65 ms, found 1 plugins.
Preloading 0 native plugins for Editor in 0.00 ms.
Initialize engine version: 2021.1.3f1 (4bef613afd59)
[Subsystems] Discovering subsystems at path /Applications/Unity/Hub/Editor/2021.1.3f1/Unity.app/Contents/Resources/UnitySubsystems
[Subsystems] Discovering subsystems at path /Users/kids/Desktop/3D Stuff/Unity Chess/Assets
GfxDevice: creating device client; threaded=0; jobified=0
2021-07-23 16:14:51.837 Unity[81724:6235994] iMac preferred device: AMD Radeon Pro 560X (high power)
2021-07-23 16:14:51.837 Unity[81724:6235994] Metal devices available: 1
2021-07-23 16:14:51.837 Unity[81724:6235994] 0: AMD Radeon Pro 560X (high power)
2021-07-23 16:14:51.837 Unity[81724:6235994] Using device AMD Radeon Pro 560X (high power)
Initializing Metal device caps: AMD Radeon Pro 560X
Initialize mono
Mono path[0] = '/Applications/Unity/Hub/Editor/2021.1.3f1/Unity.app/Contents/Managed'
Mono path[1] = '/Applications/Unity/Hub/Editor/2021.1.3f1/Unity.app/Contents/MonoBleedingEdge/lib/mono/unityjit'
Mono config path = '/Applications/Unity/Hub/Editor/2021.1.3f1/Unity.app/Contents/MonoBleedingEdge/etc'
Using monoOptions --debugger-agent=transport=dt_socket,embedding=1,server=y,suspend=n,address=127.0.0.1:56724
Begin MonoManager ReloadAssembly
Registering precompiled unity dll's ...
Register platform support module: /Applications/Unity/Hub/Editor/2021.1.3f1/Unity.app/Contents/PlaybackEngines/MacStandaloneSupport/UnityEditor.OSXStandalone.Extensions.dll
Registered in 0.002033 seconds.
Native extension for OSXStandalone target not found
Refreshing native plugins compatible for Editor in 77.06 ms, found 1 plugins.
Preloading 0 native plugins for Editor in 0.00 ms.
Mono: successfully reloaded assembly
- Completed reload, in  4.559 seconds
Platform modules already initialized, skipping
Registering precompiled user dll's ...
Registered in 0.290453 seconds.
