Using pre-set license

 COMMAND LINE ARGUMENTS:
/Applications/Unity/Hub/Editor/2021.1.3f1/Unity.app/Contents/MacOS/Unity
-adb2
-batchMode
-noUpm
-name
AssetImportWorker0
-projectPath
/Users/kids/Desktop/3D Stuff/Unity Chess
-logFile
Logs/AssetImportWorker0.log
-srvPort
51835
Successfully changed project path to: /Users/kids/Desktop/3D Stuff/Unity Chess
/Users/kids/Desktop/3D Stuff/Unity Chess
Using Asset Import Pipeline V2.
Refreshing native plugins compatible for Editor in 110.66 ms, found 1 plugins.
Preloading 0 native plugins for Editor in 0.00 ms.
Initialize engine version: 2021.1.3f1 (4bef613afd59)
[Subsystems] Discovering subsystems at path /Applications/Unity/Hub/Editor/2021.1.3f1/Unity.app/Contents/Resources/UnitySubsystems
[Subsystems] Discovering subsystems at path /Users/kids/Desktop/3D Stuff/Unity Chess/Assets
GfxDevice: creating device client; threaded=0; jobified=0
2021-07-25 13:00:29.696 Unity[11842:7305002] iMac preferred device: AMD Radeon Pro 560X (high power)
2021-07-25 13:00:29.696 Unity[11842:7305002] Metal devices available: 1
2021-07-25 13:00:29.696 Unity[11842:7305002] 0: AMD Radeon Pro 560X (high power)
2021-07-25 13:00:29.697 Unity[11842:7305002] Using device AMD Radeon Pro 560X (high power)
Initializing Metal device caps: AMD Radeon Pro 560X
Shader 'Universal Render Pipeline/Particles/Lit': fallback shader 'Universal Render Pipeline/Particles/SimpleLit' not found
Initialize mono
Mono path[0] = '/Applications/Unity/Hub/Editor/2021.1.3f1/Unity.app/Contents/Managed'
Mono path[1] = '/Applications/Unity/Hub/Editor/2021.1.3f1/Unity.app/Contents/MonoBleedingEdge/lib/mono/unityjit'
Mono config path = '/Applications/Unity/Hub/Editor/2021.1.3f1/Unity.app/Contents/MonoBleedingEdge/etc'
Using monoOptions --debugger-agent=transport=dt_socket,embedding=1,server=y,suspend=n,address=127.0.0.1:56842
Begin MonoManager ReloadAssembly
Registering precompiled unity dll's ...
Register platform support module: /Applications/Unity/Hub/Editor/2021.1.3f1/Unity.app/Contents/PlaybackEngines/MacStandaloneSupport/UnityEditor.OSXStandalone.Extensions.dll
Registered in 0.032857 seconds.
Native extension for OSXStandalone target not found
Refreshing native plugins compatible for Editor in 93.52 ms, found 1 plugins.
Preloading 0 native plugins for Editor in 0.00 ms.
Mono: successfully reloaded assembly
- Completed reload, in  2.141 seconds
Platform modules already initialized, skipping
Registering precompiled user dll's ...
Registered in 0.041930 seconds.
Begin MonoManager ReloadAssembly
Native extension for OSXStandalone target not found
Refreshing native plugins compatible for Editor in 94.37 ms, found 1 plugins.
Preloading 0 native plugins for Editor in 0.00 ms.
Mono: successfully reloaded assembly
- Completed reload, in  1.395 seconds
Platform modules already initialized, skipping
========================================================================
Worker process is ready to serve import requests
Shader 'Universal Render Pipeline/Particles/Lit': fallback shader 'Universal Render Pipeline/Particles/SimpleLit' not found
Launching external process: /Applications/Unity/Hub/Editor/2021.1.3f1/Unity.app/Contents/Tools/UnityShaderCompiler
Launched and connected shader compiler UnityShaderCompiler after 0.05 seconds
Refreshing native plugins compatible for Editor in 0.68 ms, found 1 plugins.
Preloading 0 native plugins for Editor in 0.00 ms.
Unloading 3948 Unused Serialized files (Serialized files now loaded: 0)
System memory in use before: 239.7 MB.
System memory in use after: 239.9 MB.

Unloading 14 unused Assets to reduce memory usage. Loaded Objects now: 4412.
Total: 3.431048 ms (FindLiveObjects: 0.507957 ms CreateObjectMapping: 0.397739 ms MarkObjects: 2.460058 ms  DeleteObjects: 0.064062 ms)

========================================================================
Received Import Request.
  path: Assets/Chess.unity
  artifactKey: Guid(2b210551d66f64cf9a7f74fc8267f06d) Importer(815301076,1909f56bfc062723c751e8b465ee728b)
Start importing Assets/Chess.unity using Guid(2b210551d66f64cf9a7f74fc8267f06d) Importer(815301076,1909f56bfc062723c751e8b465ee728b)  -> (artifact id: '10f2ca16e08c236ff9871afeaaead01b') in 0.011894 seconds 
========================================================================
Received Import Request.
  Time since last request: 62.123802 seconds.
  path: Assets/Chess (crashed version).unity
  artifactKey: Guid(27f593a20c0e94398906bd5e2ba64ce2) Importer(815301076,1909f56bfc062723c751e8b465ee728b)
Start importing Assets/Chess (crashed version).unity using Guid(27f593a20c0e94398906bd5e2ba64ce2) Importer(815301076,1909f56bfc062723c751e8b465ee728b)  -> (artifact id: '49fafe00431715839963496f0f1f9197') in 0.002791 seconds 
========================================================================
Received Prepare
Registering precompiled user dll's ...
Registered in 0.027943 seconds.
Begin MonoManager ReloadAssembly
Native extension for OSXStandalone target not found
Refreshing native plugins compatible for Editor in 0.63 ms, found 1 plugins.
Preloading 0 native plugins for Editor in 0.00 ms.
Mono: successfully reloaded assembly
- Completed reload, in  1.238 seconds
Platform modules already initialized, skipping
Shader 'Universal Render Pipeline/Particles/Lit': fallback shader 'Universal Render Pipeline/Particles/SimpleLit' not found
Refreshing native plugins compatible for Editor in 0.70 ms, found 1 plugins.
Preloading 0 native plugins for Editor in 0.00 ms.
Unloading 3884 Unused Serialized files (Serialized files now loaded: 0)
System memory in use before: 235.1 MB.
System memory in use after: 235.4 MB.

Unloading 9 unused Assets to reduce memory usage. Loaded Objects now: 4415.
Total: 3.101013 ms (FindLiveObjects: 0.420210 ms CreateObjectMapping: 0.293653 ms MarkObjects: 2.367759 ms  DeleteObjects: 0.017960 ms)

========================================================================
Received Prepare
Registering precompiled user dll's ...
Registered in 0.022761 seconds.
Begin MonoManager ReloadAssembly
Native extension for OSXStandalone target not found
Refreshing native plugins compatible for Editor in 0.92 ms, found 1 plugins.
Preloading 0 native plugins for Editor in 0.00 ms.
Mono: successfully reloaded assembly
- Completed reload, in  1.264 seconds
Platform modules already initialized, skipping
Shader 'Universal Render Pipeline/Particles/Lit': fallback shader 'Universal Render Pipeline/Particles/SimpleLit' not found
Refreshing native plugins compatible for Editor in 0.64 ms, found 1 plugins.
Preloading 0 native plugins for Editor in 0.00 ms.
Unloading 3884 Unused Serialized files (Serialized files now loaded: 0)
System memory in use before: 235.4 MB.
System memory in use after: 235.7 MB.

Unloading 9 unused Assets to reduce memory usage. Loaded Objects now: 4418.
Total: 2.639702 ms (FindLiveObjects: 0.368428 ms CreateObjectMapping: 0.266708 ms MarkObjects: 1.988994 ms  DeleteObjects: 0.014433 ms)

========================================================================
Received Import Request.
  Time since last request: 530.342228 seconds.
  path: ProjectSettings/TagManager.asset
  artifactKey: Guid(00000000000000003000000000000000) Importer(815301076,1909f56bfc062723c751e8b465ee728b)
Start importing ProjectSettings/TagManager.asset using Guid(00000000000000003000000000000000) Importer(815301076,1909f56bfc062723c751e8b465ee728b)  -> (artifact id: '8bf699fb17682db8c980de748d78c4bf') in 0.535584 seconds 
========================================================================
Received Prepare
Registering precompiled user dll's ...
Registered in 0.008945 seconds.
Begin MonoManager ReloadAssembly
Native extension for OSXStandalone target not found
Refreshing native plugins compatible for Editor in 0.66 ms, found 1 plugins.
Preloading 0 native plugins for Editor in 0.00 ms.
Mono: successfully reloaded assembly
- Completed reload, in  1.191 seconds
Platform modules already initialized, skipping
Shader 'Universal Render Pipeline/Particles/Lit': fallback shader 'Universal Render Pipeline/Particles/SimpleLit' not found
Refreshing native plugins compatible for Editor in 0.63 ms, found 1 plugins.
Preloading 0 native plugins for Editor in 0.00 ms.
Unloading 3884 Unused Serialized files (Serialized files now loaded: 0)
System memory in use before: 240.1 MB.
System memory in use after: 240.4 MB.

Unloading 10 unused Assets to reduce memory usage. Loaded Objects now: 4421.
Total: 2.520528 ms (FindLiveObjects: 0.382123 ms CreateObjectMapping: 0.244748 ms MarkObjects: 1.875455 ms  DeleteObjects: 0.017306 ms)

========================================================================
Received Prepare
Registering precompiled user dll's ...
Registered in 0.013091 seconds.
Begin MonoManager ReloadAssembly
Native extension for OSXStandalone target not found
Refreshing native plugins compatible for Editor in 0.83 ms, found 1 plugins.
Preloading 0 native plugins for Editor in 0.00 ms.
Mono: successfully reloaded assembly
- Completed reload, in  1.167 seconds
Platform modules already initialized, skipping
Shader 'Universal Render Pipeline/Particles/Lit': fallback shader 'Universal Render Pipeline/Particles/SimpleLit' not found
Refreshing native plugins compatible for Editor in 0.65 ms, found 1 plugins.
Preloading 0 native plugins for Editor in 0.00 ms.
Unloading 3884 Unused Serialized files (Serialized files now loaded: 0)
System memory in use before: 240.4 MB.
System memory in use after: 240.7 MB.

Unloading 9 unused Assets to reduce memory usage. Loaded Objects now: 4424.
Total: 3.231887 ms (FindLiveObjects: 0.499643 ms CreateObjectMapping: 0.444849 ms MarkObjects: 2.265478 ms  DeleteObjects: 0.020421 ms)

========================================================================
Received Prepare
Registering precompiled user dll's ...
Registered in 0.011292 seconds.
Begin MonoManager ReloadAssembly
Native extension for OSXStandalone target not found
Refreshing native plugins compatible for Editor in 0.62 ms, found 1 plugins.
Preloading 0 native plugins for Editor in 0.00 ms.
Mono: successfully reloaded assembly
- Completed reload, in  1.194 seconds
Platform modules already initialized, skipping
Shader 'Universal Render Pipeline/Particles/Lit': fallback shader 'Universal Render Pipeline/Particles/SimpleLit' not found
Refreshing native plugins compatible for Editor in 0.89 ms, found 1 plugins.
Preloading 0 native plugins for Editor in 0.00 ms.
Unloading 3884 Unused Serialized files (Serialized files now loaded: 0)
System memory in use before: 240.7 MB.
System memory in use after: 240.9 MB.

Unloading 9 unused Assets to reduce memory usage. Loaded Objects now: 4427.
Total: 2.263411 ms (FindLiveObjects: 0.278304 ms CreateObjectMapping: 0.187827 ms MarkObjects: 1.781938 ms  DeleteObjects: 0.013552 ms)

========================================================================
Received Prepare
Registering precompiled user dll's ...
Registered in 0.001424 seconds.
Begin MonoManager ReloadAssembly
Native extension for OSXStandalone target not found
Refreshing native plugins compatible for Editor in 0.74 ms, found 1 plugins.
Preloading 0 native plugins for Editor in 0.00 ms.
Mono: successfully reloaded assembly
- Completed reload, in  1.064 seconds
Platform modules already initialized, skipping
Shader 'Universal Render Pipeline/Particles/Lit': fallback shader 'Universal Render Pipeline/Particles/SimpleLit' not found
Refreshing native plugins compatible for Editor in 0.64 ms, found 1 plugins.
Preloading 0 native plugins for Editor in 0.00 ms.
Unloading 3884 Unused Serialized files (Serialized files now loaded: 0)
System memory in use before: 240.9 MB.
System memory in use after: 241.2 MB.

Unloading 9 unused Assets to reduce memory usage. Loaded Objects now: 4430.
Total: 3.234293 ms (FindLiveObjects: 0.403810 ms CreateObjectMapping: 0.296827 ms MarkObjects: 2.515895 ms  DeleteObjects: 0.016511 ms)

========================================================================
Received Prepare
Registering precompiled user dll's ...
Registered in 0.019241 seconds.
Begin MonoManager ReloadAssembly
Native extension for OSXStandalone target not found
Refreshing native plugins compatible for Editor in 0.75 ms, found 1 plugins.
Preloading 0 native plugins for Editor in 0.00 ms.
Mono: successfully reloaded assembly
- Completed reload, in  1.161 seconds
Platform modules already initialized, skipping
Shader 'Universal Render Pipeline/Particles/Lit': fallback shader 'Universal Render Pipeline/Particles/SimpleLit' not found
Refreshing native plugins compatible for Editor in 0.72 ms, found 1 plugins.
Preloading 0 native plugins for Editor in 0.00 ms.
Unloading 3884 Unused Serialized files (Serialized files now loaded: 0)
System memory in use before: 241.2 MB.
System memory in use after: 241.4 MB.

Unloading 9 unused Assets to reduce memory usage. Loaded Objects now: 4433.
Total: 3.593594 ms (FindLiveObjects: 0.409884 ms CreateObjectMapping: 0.318973 ms MarkObjects: 2.819053 ms  DeleteObjects: 0.043697 ms)

========================================================================
Received Import Request.
  Time since last request: 8174.594434 seconds.
  path: Assets/Materials/Border.mat
  artifactKey: Guid(69570496106ca41e2a4014c03dc9bd31) Importer(815301076,1909f56bfc062723c751e8b465ee728b)
Start importing Assets/Materials/Border.mat using Guid(69570496106ca41e2a4014c03dc9bd31) Importer(815301076,1909f56bfc062723c751e8b465ee728b)  -> (artifact id: '1fd9b47f749e7f996636320877bcade5') in 0.872787 seconds 
========================================================================
Received Import Request.
  Time since last request: 18.105360 seconds.
  path: Assets/Materials/HoverTiles.mat
  artifactKey: Guid(a6c517e6ed07945b4b7a2b1c5f35f818) Importer(815301076,1909f56bfc062723c751e8b465ee728b)
Start importing Assets/Materials/HoverTiles.mat using Guid(a6c517e6ed07945b4b7a2b1c5f35f818) Importer(815301076,1909f56bfc062723c751e8b465ee728b)  -> (artifact id: '6157b568994a980d493a10a1cc2af71c') in 0.010297 seconds 
========================================================================
Received Import Request.
  Time since last request: 11.181928 seconds.
  path: Assets/Config/UniversalRenderPipelineAsset_Renderer.asset
  artifactKey: Guid(115deb1b2504e4e0f9100bfc915b44ce) Importer(815301076,1909f56bfc062723c751e8b465ee728b)
Start importing Assets/Config/UniversalRenderPipelineAsset_Renderer.asset using Guid(115deb1b2504e4e0f9100bfc915b44ce) Importer(815301076,1909f56bfc062723c751e8b465ee728b)  -> (artifact id: 'a6cdc52861935da77dda7fa32fa47e3f') in 0.005783 seconds 
========================================================================
Received Prepare
Registering precompiled user dll's ...
Registered in 0.039255 seconds.
Begin MonoManager ReloadAssembly
Native extension for OSXStandalone target not found
Refreshing native plugins compatible for Editor in 0.62 ms, found 1 plugins.
Preloading 0 native plugins for Editor in 0.00 ms.
Mono: successfully reloaded assembly
- Completed reload, in  1.274 seconds
Platform modules already initialized, skipping
Shader 'Universal Render Pipeline/Particles/Lit': fallback shader 'Universal Render Pipeline/Particles/SimpleLit' not found
Refreshing native plugins compatible for Editor in 0.75 ms, found 1 plugins.
Preloading 0 native plugins for Editor in 0.00 ms.
Unloading 3884 Unused Serialized files (Serialized files now loaded: 0)
System memory in use before: 253.4 MB.
System memory in use after: 253.7 MB.

Unloading 9 unused Assets to reduce memory usage. Loaded Objects now: 4514.
Total: 2.717777 ms (FindLiveObjects: 0.326948 ms CreateObjectMapping: 0.232541 ms MarkObjects: 2.136073 ms  DeleteObjects: 0.021273 ms)

========================================================================
Received Prepare
Registering precompiled user dll's ...
Registered in 0.049974 seconds.
Begin MonoManager ReloadAssembly
Native extension for OSXStandalone target not found
Refreshing native plugins compatible for Editor in 0.62 ms, found 1 plugins.
Preloading 0 native plugins for Editor in 0.00 ms.
Mono: successfully reloaded assembly
- Completed reload, in  1.259 seconds
Platform modules already initialized, skipping
Shader 'Universal Render Pipeline/Particles/Lit': fallback shader 'Universal Render Pipeline/Particles/SimpleLit' not found
Refreshing native plugins compatible for Editor in 0.63 ms, found 1 plugins.
Preloading 0 native plugins for Editor in 0.00 ms.
Unloading 3884 Unused Serialized files (Serialized files now loaded: 0)
System memory in use before: 253.7 MB.
System memory in use after: 253.9 MB.

Unloading 9 unused Assets to reduce memory usage. Loaded Objects now: 4517.
Total: 3.259382 ms (FindLiveObjects: 0.393676 ms CreateObjectMapping: 0.304636 ms MarkObjects: 2.541999 ms  DeleteObjects: 0.017827 ms)

========================================================================
Received Import Request.
  Time since last request: 1881.111600 seconds.
  path: ProjectSettings/TagManager.asset
  artifactKey: Guid(00000000000000003000000000000000) Importer(815301076,1909f56bfc062723c751e8b465ee728b)
Start importing ProjectSettings/TagManager.asset using Guid(00000000000000003000000000000000) Importer(815301076,1909f56bfc062723c751e8b465ee728b)  -> (artifact id: 'a8f1ebef0a9f7f76732dda5dce0ea8a4') in 0.017069 seconds 
========================================================================
Received Prepare
Registering precompiled user dll's ...
Registered in 0.001493 seconds.
Begin MonoManager ReloadAssembly
Native extension for OSXStandalone target not found
Refreshing native plugins compatible for Editor in 0.64 ms, found 1 plugins.
Preloading 0 native plugins for Editor in 0.00 ms.
Mono: successfully reloaded assembly
- Completed reload, in  1.160 seconds
Platform modules already initialized, skipping
Shader 'Universal Render Pipeline/Particles/Lit': fallback shader 'Universal Render Pipeline/Particles/SimpleLit' not found
Refreshing native plugins compatible for Editor in 0.65 ms, found 1 plugins.
Preloading 0 native plugins for Editor in 0.00 ms.
Unloading 3884 Unused Serialized files (Serialized files now loaded: 0)
System memory in use before: 253.8 MB.
System memory in use after: 254.1 MB.

Unloading 10 unused Assets to reduce memory usage. Loaded Objects now: 4520.
Total: 3.442570 ms (FindLiveObjects: 0.397723 ms CreateObjectMapping: 0.292170 ms MarkObjects: 2.733762 ms  DeleteObjects: 0.017774 ms)

========================================================================
Received Prepare
Registering precompiled user dll's ...
Registered in 0.001438 seconds.
Begin MonoManager ReloadAssembly
Native extension for OSXStandalone target not found
Refreshing native plugins compatible for Editor in 0.63 ms, found 1 plugins.
Preloading 0 native plugins for Editor in 0.00 ms.
Mono: successfully reloaded assembly
- Completed reload, in  1.119 seconds
Platform modules already initialized, skipping
Shader 'Universal Render Pipeline/Particles/Lit': fallback shader 'Universal Render Pipeline/Particles/SimpleLit' not found
Refreshing native plugins compatible for Editor in 0.65 ms, found 1 plugins.
Preloading 0 native plugins for Editor in 0.00 ms.
Unloading 3884 Unused Serialized files (Serialized files now loaded: 0)
System memory in use before: 254.1 MB.
System memory in use after: 254.3 MB.

Unloading 9 unused Assets to reduce memory usage. Loaded Objects now: 4523.
Total: 2.386701 ms (FindLiveObjects: 0.318682 ms CreateObjectMapping: 0.191083 ms MarkObjects: 1.862698 ms  DeleteObjects: 0.013364 ms)

========================================================================
Received Prepare
Registering precompiled user dll's ...
Registered in 0.015454 seconds.
Begin MonoManager ReloadAssembly
Native extension for OSXStandalone target not found
Refreshing native plugins compatible for Editor in 0.65 ms, found 1 plugins.
Preloading 0 native plugins for Editor in 0.00 ms.
Mono: successfully reloaded assembly
- Completed reload, in  1.102 seconds
Platform modules already initialized, skipping
Shader 'Universal Render Pipeline/Particles/Lit': fallback shader 'Universal Render Pipeline/Particles/SimpleLit' not found
Refreshing native plugins compatible for Editor in 0.71 ms, found 1 plugins.
Preloading 0 native plugins for Editor in 0.00 ms.
Unloading 3884 Unused Serialized files (Serialized files now loaded: 0)
System memory in use before: 254.3 MB.
System memory in use after: 254.6 MB.

Unloading 9 unused Assets to reduce memory usage. Loaded Objects now: 4526.
Total: 2.312516 ms (FindLiveObjects: 0.290710 ms CreateObjectMapping: 0.196244 ms MarkObjects: 1.809013 ms  DeleteObjects: 0.014026 ms)

========================================================================
Received Prepare
Registering precompiled user dll's ...
Registered in 0.054104 seconds.
Begin MonoManager ReloadAssembly
Native extension for OSXStandalone target not found
Refreshing native plugins compatible for Editor in 0.63 ms, found 1 plugins.
Preloading 0 native plugins for Editor in 0.00 ms.
Mono: successfully reloaded assembly
- Completed reload, in  1.107 seconds
Platform modules already initialized, skipping
Shader 'Universal Render Pipeline/Particles/Lit': fallback shader 'Universal Render Pipeline/Particles/SimpleLit' not found
Refreshing native plugins compatible for Editor in 0.64 ms, found 1 plugins.
Preloading 0 native plugins for Editor in 0.00 ms.
Unloading 3884 Unused Serialized files (Serialized files now loaded: 0)
System memory in use before: 254.6 MB.
System memory in use after: 254.8 MB.

Unloading 9 unused Assets to reduce memory usage. Loaded Objects now: 4529.
Total: 3.202616 ms (FindLiveObjects: 0.443256 ms CreateObjectMapping: 0.325861 ms MarkObjects: 2.413516 ms  DeleteObjects: 0.018115 ms)

========================================================================
Received Prepare
Registering precompiled user dll's ...
Registered in 0.038280 seconds.
Begin MonoManager ReloadAssembly
Native extension for OSXStandalone target not found
Refreshing native plugins compatible for Editor in 0.68 ms, found 1 plugins.
Preloading 0 native plugins for Editor in 0.00 ms.
Mono: successfully reloaded assembly
- Completed reload, in  1.205 seconds
Platform modules already initialized, skipping
Shader 'Universal Render Pipeline/Particles/Lit': fallback shader 'Universal Render Pipeline/Particles/SimpleLit' not found
Refreshing native plugins compatible for Editor in 0.77 ms, found 1 plugins.
Preloading 0 native plugins for Editor in 0.00 ms.
Unloading 3884 Unused Serialized files (Serialized files now loaded: 0)
System memory in use before: 254.8 MB.
System memory in use after: 255.1 MB.

Unloading 9 unused Assets to reduce memory usage. Loaded Objects now: 4532.
Total: 2.910493 ms (FindLiveObjects: 0.381480 ms CreateObjectMapping: 0.236539 ms MarkObjects: 2.274979 ms  DeleteObjects: 0.016265 ms)

========================================================================
Received Prepare
Registering precompiled user dll's ...
Registered in 0.042459 seconds.
Begin MonoManager ReloadAssembly
Native extension for OSXStandalone target not found
Refreshing native plugins compatible for Editor in 0.62 ms, found 1 plugins.
Preloading 0 native plugins for Editor in 0.00 ms.
Mono: successfully reloaded assembly
- Completed reload, in  1.244 seconds
Platform modules already initialized, skipping
Shader 'Universal Render Pipeline/Particles/Lit': fallback shader 'Universal Render Pipeline/Particles/SimpleLit' not found
Refreshing native plugins compatible for Editor in 0.63 ms, found 1 plugins.
Preloading 0 native plugins for Editor in 0.00 ms.
Unloading 3884 Unused Serialized files (Serialized files now loaded: 0)
System memory in use before: 255.1 MB.
System memory in use after: 255.3 MB.

Unloading 9 unused Assets to reduce memory usage. Loaded Objects now: 4535.
Total: 2.993979 ms (FindLiveObjects: 0.394973 ms CreateObjectMapping: 0.289204 ms MarkObjects: 2.291257 ms  DeleteObjects: 0.017131 ms)

========================================================================
Received Import Request.
  Time since last request: 52784.507017 seconds.
  path: Assets/Materials/HoverTiles.mat
  artifactKey: Guid(a6c517e6ed07945b4b7a2b1c5f35f818) Importer(815301076,1909f56bfc062723c751e8b465ee728b)
Start importing Assets/Materials/HoverTiles.mat using Guid(a6c517e6ed07945b4b7a2b1c5f35f818) Importer(815301076,1909f56bfc062723c751e8b465ee728b)  -> (artifact id: 'dc72661778cc35ae9226a81aa0a21b29') in 0.371826 seconds 
========================================================================
Received Prepare
Registering precompiled user dll's ...
Registered in 0.001481 seconds.
Begin MonoManager ReloadAssembly
Native extension for OSXStandalone target not found
Refreshing native plugins compatible for Editor in 0.66 ms, found 1 plugins.
Preloading 0 native plugins for Editor in 0.00 ms.
Mono: successfully reloaded assembly
- Completed reload, in  1.285 seconds
Platform modules already initialized, skipping
Shader 'Universal Render Pipeline/Particles/Lit': fallback shader 'Universal Render Pipeline/Particles/SimpleLit' not found
Refreshing native plugins compatible for Editor in 0.62 ms, found 1 plugins.
Preloading 0 native plugins for Editor in 0.00 ms.
Unloading 3884 Unused Serialized files (Serialized files now loaded: 0)
System memory in use before: 255.5 MB.
System memory in use after: 255.8 MB.

Unloading 9 unused Assets to reduce memory usage. Loaded Objects now: 4574.
Total: 3.597238 ms (FindLiveObjects: 0.574607 ms CreateObjectMapping: 0.366893 ms MarkObjects: 2.636014 ms  DeleteObjects: 0.018547 ms)

========================================================================
Received Prepare
Registering precompiled user dll's ...
Registered in 0.001456 seconds.
Begin MonoManager ReloadAssembly
Native extension for OSXStandalone target not found
Refreshing native plugins compatible for Editor in 0.63 ms, found 1 plugins.
Preloading 0 native plugins for Editor in 0.00 ms.
Mono: successfully reloaded assembly
- Completed reload, in  1.122 seconds
Platform modules already initialized, skipping
Shader 'Universal Render Pipeline/Particles/Lit': fallback shader 'Universal Render Pipeline/Particles/SimpleLit' not found
Refreshing native plugins compatible for Editor in 0.63 ms, found 1 plugins.
Preloading 0 native plugins for Editor in 0.00 ms.
Unloading 3884 Unused Serialized files (Serialized files now loaded: 0)
System memory in use before: 255.8 MB.
System memory in use after: 256.0 MB.

Unloading 9 unused Assets to reduce memory usage. Loaded Objects now: 4577.
Total: 3.348420 ms (FindLiveObjects: 0.395845 ms CreateObjectMapping: 0.282993 ms MarkObjects: 2.651375 ms  DeleteObjects: 0.017123 ms)

========================================================================
Received Prepare
Registering precompiled user dll's ...
Registered in 0.001504 seconds.
Begin MonoManager ReloadAssembly
Native extension for OSXStandalone target not found
Refreshing native plugins compatible for Editor in 0.64 ms, found 1 plugins.
Preloading 0 native plugins for Editor in 0.00 ms.
Mono: successfully reloaded assembly
- Completed reload, in  1.103 seconds
Platform modules already initialized, skipping
Shader 'Universal Render Pipeline/Particles/Lit': fallback shader 'Universal Render Pipeline/Particles/SimpleLit' not found
Refreshing native plugins compatible for Editor in 0.70 ms, found 1 plugins.
Preloading 0 native plugins for Editor in 0.00 ms.
Unloading 3884 Unused Serialized files (Serialized files now loaded: 0)
System memory in use before: 255.9 MB.
System memory in use after: 256.2 MB.

Unloading 9 unused Assets to reduce memory usage. Loaded Objects now: 4580.
Total: 2.358307 ms (FindLiveObjects: 0.300867 ms CreateObjectMapping: 0.187778 ms MarkObjects: 1.854362 ms  DeleteObjects: 0.014429 ms)

========================================================================
Received Prepare
Registering precompiled user dll's ...
Registered in 0.016548 seconds.
Begin MonoManager ReloadAssembly
Native extension for OSXStandalone target not found
Refreshing native plugins compatible for Editor in 0.68 ms, found 1 plugins.
Preloading 0 native plugins for Editor in 0.00 ms.
Mono: successfully reloaded assembly
- Completed reload, in  1.196 seconds
Platform modules already initialized, skipping
Shader 'Universal Render Pipeline/Particles/Lit': fallback shader 'Universal Render Pipeline/Particles/SimpleLit' not found
Refreshing native plugins compatible for Editor in 0.72 ms, found 1 plugins.
Preloading 0 native plugins for Editor in 0.00 ms.
Unloading 3884 Unused Serialized files (Serialized files now loaded: 0)
System memory in use before: 256.2 MB.
System memory in use after: 256.4 MB.

Unloading 9 unused Assets to reduce memory usage. Loaded Objects now: 4583.
Total: 3.324211 ms (FindLiveObjects: 0.404234 ms CreateObjectMapping: 0.301961 ms MarkObjects: 2.599081 ms  DeleteObjects: 0.017788 ms)

========================================================================
Received Prepare
Registering precompiled user dll's ...
Registered in 0.001431 seconds.
Begin MonoManager ReloadAssembly
Native extension for OSXStandalone target not found
Refreshing native plugins compatible for Editor in 0.89 ms, found 1 plugins.
Preloading 0 native plugins for Editor in 0.00 ms.
Mono: successfully reloaded assembly
- Completed reload, in  1.191 seconds
Platform modules already initialized, skipping
Shader 'Universal Render Pipeline/Particles/Lit': fallback shader 'Universal Render Pipeline/Particles/SimpleLit' not found
Refreshing native plugins compatible for Editor in 0.62 ms, found 1 plugins.
Preloading 0 native plugins for Editor in 0.00 ms.
Unloading 3884 Unused Serialized files (Serialized files now loaded: 0)
System memory in use before: 256.4 MB.
System memory in use after: 256.7 MB.

Unloading 9 unused Assets to reduce memory usage. Loaded Objects now: 4586.
Total: 3.715613 ms (FindLiveObjects: 0.442654 ms CreateObjectMapping: 0.328904 ms MarkObjects: 2.920055 ms  DeleteObjects: 0.019279 ms)

========================================================================
Received Prepare
Registering precompiled user dll's ...
Registered in 0.001443 seconds.
Begin MonoManager ReloadAssembly
Native extension for OSXStandalone target not found
Refreshing native plugins compatible for Editor in 0.63 ms, found 1 plugins.
Preloading 0 native plugins for Editor in 0.00 ms.
Mono: successfully reloaded assembly
- Completed reload, in  1.111 seconds
Platform modules already initialized, skipping
Shader 'Universal Render Pipeline/Particles/Lit': fallback shader 'Universal Render Pipeline/Particles/SimpleLit' not found
Refreshing native plugins compatible for Editor in 0.80 ms, found 1 plugins.
Preloading 0 native plugins for Editor in 0.00 ms.
Unloading 3884 Unused Serialized files (Serialized files now loaded: 0)
System memory in use before: 256.7 MB.
System memory in use after: 256.9 MB.

Unloading 9 unused Assets to reduce memory usage. Loaded Objects now: 4589.
Total: 2.413865 ms (FindLiveObjects: 0.311129 ms CreateObjectMapping: 0.196998 ms MarkObjects: 1.884488 ms  DeleteObjects: 0.020424 ms)

========================================================================
Received Prepare
Registering precompiled user dll's ...
Registered in 0.020161 seconds.
Begin MonoManager ReloadAssembly
Native extension for OSXStandalone target not found
Refreshing native plugins compatible for Editor in 0.62 ms, found 1 plugins.
Preloading 0 native plugins for Editor in 0.00 ms.
Mono: successfully reloaded assembly
- Completed reload, in  1.151 seconds
Platform modules already initialized, skipping
Shader 'Universal Render Pipeline/Particles/Lit': fallback shader 'Universal Render Pipeline/Particles/SimpleLit' not found
Refreshing native plugins compatible for Editor in 0.62 ms, found 1 plugins.
Preloading 0 native plugins for Editor in 0.00 ms.
Unloading 3884 Unused Serialized files (Serialized files now loaded: 0)
System memory in use before: 256.9 MB.
System memory in use after: 257.2 MB.

Unloading 9 unused Assets to reduce memory usage. Loaded Objects now: 4592.
Total: 3.694725 ms (FindLiveObjects: 0.511961 ms CreateObjectMapping: 0.500539 ms MarkObjects: 2.660008 ms  DeleteObjects: 0.020541 ms)

========================================================================
Received Prepare
Registering precompiled user dll's ...
Registered in 0.001435 seconds.
Begin MonoManager ReloadAssembly
Native extension for OSXStandalone target not found
Refreshing native plugins compatible for Editor in 0.63 ms, found 1 plugins.
Preloading 0 native plugins for Editor in 0.00 ms.
Mono: successfully reloaded assembly
- Completed reload, in  1.119 seconds
Platform modules already initialized, skipping
Shader 'Universal Render Pipeline/Particles/Lit': fallback shader 'Universal Render Pipeline/Particles/SimpleLit' not found
Refreshing native plugins compatible for Editor in 0.64 ms, found 1 plugins.
Preloading 0 native plugins for Editor in 0.00 ms.
Unloading 3884 Unused Serialized files (Serialized files now loaded: 0)
System memory in use before: 257.1 MB.
System memory in use after: 257.4 MB.

Unloading 9 unused Assets to reduce memory usage. Loaded Objects now: 4595.
Total: 3.560301 ms (FindLiveObjects: 0.414455 ms CreateObjectMapping: 0.315293 ms MarkObjects: 2.808137 ms  DeleteObjects: 0.020637 ms)

========================================================================
Received Prepare
Registering precompiled user dll's ...
Registered in 0.031119 seconds.
Begin MonoManager ReloadAssembly
Native extension for OSXStandalone target not found
Refreshing native plugins compatible for Editor in 0.62 ms, found 1 plugins.
Preloading 0 native plugins for Editor in 0.00 ms.
Mono: successfully reloaded assembly
- Completed reload, in  1.209 seconds
Platform modules already initialized, skipping
Shader 'Universal Render Pipeline/Particles/Lit': fallback shader 'Universal Render Pipeline/Particles/SimpleLit' not found
Refreshing native plugins compatible for Editor in 0.62 ms, found 1 plugins.
Preloading 0 native plugins for Editor in 0.00 ms.
Unloading 3884 Unused Serialized files (Serialized files now loaded: 0)
System memory in use before: 257.4 MB.
System memory in use after: 257.6 MB.

Unloading 9 unused Assets to reduce memory usage. Loaded Objects now: 4598.
Total: 3.348954 ms (FindLiveObjects: 0.415232 ms CreateObjectMapping: 0.296099 ms MarkObjects: 2.619311 ms  DeleteObjects: 0.017119 ms)

========================================================================
Received Prepare
Registering precompiled user dll's ...
Registered in 0.001485 seconds.
Begin MonoManager ReloadAssembly
Native extension for OSXStandalone target not found
Refreshing native plugins compatible for Editor in 0.64 ms, found 1 plugins.
Preloading 0 native plugins for Editor in 0.00 ms.
Mono: successfully reloaded assembly
- Completed reload, in  1.148 seconds
Platform modules already initialized, skipping
Shader 'Universal Render Pipeline/Particles/Lit': fallback shader 'Universal Render Pipeline/Particles/SimpleLit' not found
Refreshing native plugins compatible for Editor in 0.64 ms, found 1 plugins.
Preloading 0 native plugins for Editor in 0.00 ms.
Unloading 3884 Unused Serialized files (Serialized files now loaded: 0)
System memory in use before: 257.6 MB.
System memory in use after: 257.9 MB.

Unloading 9 unused Assets to reduce memory usage. Loaded Objects now: 4601.
Total: 3.334403 ms (FindLiveObjects: 0.407439 ms CreateObjectMapping: 0.302439 ms MarkObjects: 2.606996 ms  DeleteObjects: 0.016403 ms)

========================================================================
Received Prepare
Registering precompiled user dll's ...
Registered in 0.026799 seconds.
Begin MonoManager ReloadAssembly
Native extension for OSXStandalone target not found
Refreshing native plugins compatible for Editor in 0.72 ms, found 1 plugins.
Preloading 0 native plugins for Editor in 0.00 ms.
Mono: successfully reloaded assembly
- Completed reload, in  1.133 seconds
Platform modules already initialized, skipping
Shader 'Universal Render Pipeline/Particles/Lit': fallback shader 'Universal Render Pipeline/Particles/SimpleLit' not found
Refreshing native plugins compatible for Editor in 0.63 ms, found 1 plugins.
Preloading 0 native plugins for Editor in 0.00 ms.
Unloading 3884 Unused Serialized files (Serialized files now loaded: 0)
System memory in use before: 257.9 MB.
System memory in use after: 258.1 MB.

Unloading 9 unused Assets to reduce memory usage. Loaded Objects now: 4604.
Total: 3.471216 ms (FindLiveObjects: 0.423047 ms CreateObjectMapping: 0.308120 ms MarkObjects: 2.720507 ms  DeleteObjects: 0.018305 ms)

========================================================================
Received Prepare
Registering precompiled user dll's ...
Registered in 0.001448 seconds.
Begin MonoManager ReloadAssembly
Native extension for OSXStandalone target not found
Refreshing native plugins compatible for Editor in 0.64 ms, found 1 plugins.
Preloading 0 native plugins for Editor in 0.00 ms.
Mono: successfully reloaded assembly
- Completed reload, in  1.127 seconds
Platform modules already initialized, skipping
Shader 'Universal Render Pipeline/Particles/Lit': fallback shader 'Universal Render Pipeline/Particles/SimpleLit' not found
Refreshing native plugins compatible for Editor in 0.62 ms, found 1 plugins.
Preloading 0 native plugins for Editor in 0.00 ms.
Unloading 3884 Unused Serialized files (Serialized files now loaded: 0)
System memory in use before: 258.1 MB.
System memory in use after: 258.4 MB.

Unloading 9 unused Assets to reduce memory usage. Loaded Objects now: 4607.
Total: 3.395598 ms (FindLiveObjects: 0.433635 ms CreateObjectMapping: 0.319004 ms MarkObjects: 2.624541 ms  DeleteObjects: 0.017285 ms)

========================================================================
Received Prepare
Registering precompiled user dll's ...
Registered in 0.001436 seconds.
Begin MonoManager ReloadAssembly
Native extension for OSXStandalone target not found
Refreshing native plugins compatible for Editor in 0.63 ms, found 1 plugins.
Preloading 0 native plugins for Editor in 0.00 ms.
Mono: successfully reloaded assembly
- Completed reload, in  1.108 seconds
Platform modules already initialized, skipping
Shader 'Universal Render Pipeline/Particles/Lit': fallback shader 'Universal Render Pipeline/Particles/SimpleLit' not found
Refreshing native plugins compatible for Editor in 0.62 ms, found 1 plugins.
Preloading 0 native plugins for Editor in 0.00 ms.
Unloading 3884 Unused Serialized files (Serialized files now loaded: 0)
System memory in use before: 258.3 MB.
System memory in use after: 258.6 MB.

Unloading 9 unused Assets to reduce memory usage. Loaded Objects now: 4610.
Total: 3.401884 ms (FindLiveObjects: 0.449899 ms CreateObjectMapping: 0.327966 ms MarkObjects: 2.605793 ms  DeleteObjects: 0.017028 ms)

========================================================================
Received Prepare
Registering precompiled user dll's ...
Registered in 0.020957 seconds.
Begin MonoManager ReloadAssembly
Native extension for OSXStandalone target not found
Refreshing native plugins compatible for Editor in 0.63 ms, found 1 plugins.
Preloading 0 native plugins for Editor in 0.00 ms.
Mono: successfully reloaded assembly
- Completed reload, in  1.114 seconds
Platform modules already initialized, skipping
Shader 'Universal Render Pipeline/Particles/Lit': fallback shader 'Universal Render Pipeline/Particles/SimpleLit' not found
Refreshing native plugins compatible for Editor in 0.81 ms, found 1 plugins.
Preloading 0 native plugins for Editor in 0.00 ms.
Unloading 3884 Unused Serialized files (Serialized files now loaded: 0)
System memory in use before: 258.6 MB.
System memory in use after: 258.8 MB.

Unloading 9 unused Assets to reduce memory usage. Loaded Objects now: 4613.
Total: 3.423598 ms (FindLiveObjects: 0.426433 ms CreateObjectMapping: 0.338469 ms MarkObjects: 2.640023 ms  DeleteObjects: 0.017273 ms)

========================================================================
Received Prepare
Registering precompiled user dll's ...
Registered in 0.031098 seconds.
Begin MonoManager ReloadAssembly
Native extension for OSXStandalone target not found
Refreshing native plugins compatible for Editor in 0.68 ms, found 1 plugins.
Preloading 0 native plugins for Editor in 0.00 ms.
Mono: successfully reloaded assembly
- Completed reload, in  1.147 seconds
Platform modules already initialized, skipping
Shader 'Universal Render Pipeline/Particles/Lit': fallback shader 'Universal Render Pipeline/Particles/SimpleLit' not found
Refreshing native plugins compatible for Editor in 0.65 ms, found 1 plugins.
Preloading 0 native plugins for Editor in 0.00 ms.
Unloading 3884 Unused Serialized files (Serialized files now loaded: 0)
System memory in use before: 258.8 MB.
System memory in use after: 259.1 MB.

Unloading 9 unused Assets to reduce memory usage. Loaded Objects now: 4616.
Total: 3.336796 ms (FindLiveObjects: 0.408581 ms CreateObjectMapping: 0.298499 ms MarkObjects: 2.611575 ms  DeleteObjects: 0.016922 ms)

========================================================================
Received Prepare
Registering precompiled user dll's ...
Registered in 0.001466 seconds.
Begin MonoManager ReloadAssembly
Native extension for OSXStandalone target not found
Refreshing native plugins compatible for Editor in 0.64 ms, found 1 plugins.
Preloading 0 native plugins for Editor in 0.00 ms.
Mono: successfully reloaded assembly
- Completed reload, in  1.118 seconds
Platform modules already initialized, skipping
Shader 'Universal Render Pipeline/Particles/Lit': fallback shader 'Universal Render Pipeline/Particles/SimpleLit' not found
Refreshing native plugins compatible for Editor in 0.64 ms, found 1 plugins.
Preloading 0 native plugins for Editor in 0.00 ms.
Unloading 3884 Unused Serialized files (Serialized files now loaded: 0)
System memory in use before: 259.1 MB.
System memory in use after: 259.3 MB.

Unloading 9 unused Assets to reduce memory usage. Loaded Objects now: 4619.
Total: 2.338970 ms (FindLiveObjects: 0.297009 ms CreateObjectMapping: 0.174043 ms MarkObjects: 1.853257 ms  DeleteObjects: 0.013939 ms)

========================================================================
Received Prepare
Registering precompiled user dll's ...
Registered in 0.001528 seconds.
Begin MonoManager ReloadAssembly
Native extension for OSXStandalone target not found
Refreshing native plugins compatible for Editor in 0.63 ms, found 1 plugins.
Preloading 0 native plugins for Editor in 0.00 ms.
Mono: successfully reloaded assembly
- Completed reload, in  1.123 seconds
Platform modules already initialized, skipping
Shader 'Universal Render Pipeline/Particles/Lit': fallback shader 'Universal Render Pipeline/Particles/SimpleLit' not found
Refreshing native plugins compatible for Editor in 0.68 ms, found 1 plugins.
Preloading 0 native plugins for Editor in 0.00 ms.
Unloading 3884 Unused Serialized files (Serialized files now loaded: 0)
System memory in use before: 259.3 MB.
System memory in use after: 259.6 MB.

Unloading 9 unused Assets to reduce memory usage. Loaded Objects now: 4622.
Total: 2.541505 ms (FindLiveObjects: 0.303455 ms CreateObjectMapping: 0.192708 ms MarkObjects: 2.024872 ms  DeleteObjects: 0.019513 ms)

========================================================================
Received Prepare
Registering precompiled user dll's ...
Registered in 0.001522 seconds.
Begin MonoManager ReloadAssembly
Native extension for OSXStandalone target not found
Refreshing native plugins compatible for Editor in 0.63 ms, found 1 plugins.
Preloading 0 native plugins for Editor in 0.00 ms.
Mono: successfully reloaded assembly
- Completed reload, in  1.095 seconds
Platform modules already initialized, skipping
Shader 'Universal Render Pipeline/Particles/Lit': fallback shader 'Universal Render Pipeline/Particles/SimpleLit' not found
Refreshing native plugins compatible for Editor in 0.73 ms, found 1 plugins.
Preloading 0 native plugins for Editor in 0.00 ms.
Unloading 3884 Unused Serialized files (Serialized files now loaded: 0)
System memory in use before: 259.6 MB.
System memory in use after: 259.8 MB.

Unloading 9 unused Assets to reduce memory usage. Loaded Objects now: 4625.
Total: 3.333251 ms (FindLiveObjects: 0.416160 ms CreateObjectMapping: 0.297200 ms MarkObjects: 2.601393 ms  DeleteObjects: 0.017158 ms)

========================================================================
Received Prepare
Registering precompiled user dll's ...
Registered in 0.025137 seconds.
Begin MonoManager ReloadAssembly
Native extension for OSXStandalone target not found
Refreshing native plugins compatible for Editor in 0.63 ms, found 1 plugins.
Preloading 0 native plugins for Editor in 0.00 ms.
Mono: successfully reloaded assembly
- Completed reload, in  1.124 seconds
Platform modules already initialized, skipping
Shader 'Universal Render Pipeline/Particles/Lit': fallback shader 'Universal Render Pipeline/Particles/SimpleLit' not found
Refreshing native plugins compatible for Editor in 0.62 ms, found 1 plugins.
Preloading 0 native plugins for Editor in 0.00 ms.
Unloading 3884 Unused Serialized files (Serialized files now loaded: 0)
System memory in use before: 259.8 MB.
System memory in use after: 260.1 MB.

Unloading 9 unused Assets to reduce memory usage. Loaded Objects now: 4628.
Total: 3.365427 ms (FindLiveObjects: 0.421478 ms CreateObjectMapping: 0.296901 ms MarkObjects: 2.628814 ms  DeleteObjects: 0.017102 ms)

========================================================================
Received Prepare
Registering precompiled user dll's ...
Registered in 0.025691 seconds.
Begin MonoManager ReloadAssembly
Native extension for OSXStandalone target not found
Refreshing native plugins compatible for Editor in 0.69 ms, found 1 plugins.
Preloading 0 native plugins for Editor in 0.00 ms.
Mono: successfully reloaded assembly
- Completed reload, in  1.140 seconds
Platform modules already initialized, skipping
Shader 'Universal Render Pipeline/Particles/Lit': fallback shader 'Universal Render Pipeline/Particles/SimpleLit' not found
Refreshing native plugins compatible for Editor in 0.62 ms, found 1 plugins.
Preloading 0 native plugins for Editor in 0.00 ms.
Unloading 3884 Unused Serialized files (Serialized files now loaded: 0)
System memory in use before: 260.1 MB.
System memory in use after: 260.3 MB.

Unloading 9 unused Assets to reduce memory usage. Loaded Objects now: 4631.
Total: 2.804710 ms (FindLiveObjects: 0.309043 ms CreateObjectMapping: 0.198186 ms MarkObjects: 2.276118 ms  DeleteObjects: 0.020295 ms)

========================================================================
Received Prepare
Registering precompiled user dll's ...
Registered in 0.020402 seconds.
Begin MonoManager ReloadAssembly
Native extension for OSXStandalone target not found
Refreshing native plugins compatible for Editor in 0.74 ms, found 1 plugins.
Preloading 0 native plugins for Editor in 0.00 ms.
Mono: successfully reloaded assembly
- Completed reload, in  1.165 seconds
Platform modules already initialized, skipping
Shader 'Universal Render Pipeline/Particles/Lit': fallback shader 'Universal Render Pipeline/Particles/SimpleLit' not found
Refreshing native plugins compatible for Editor in 0.68 ms, found 1 plugins.
Preloading 0 native plugins for Editor in 0.00 ms.
Unloading 3884 Unused Serialized files (Serialized files now loaded: 0)
System memory in use before: 260.3 MB.
System memory in use after: 260.6 MB.

Unloading 9 unused Assets to reduce memory usage. Loaded Objects now: 4634.
Total: 3.080783 ms (FindLiveObjects: 0.370639 ms CreateObjectMapping: 0.232782 ms MarkObjects: 2.456745 ms  DeleteObjects: 0.019269 ms)

========================================================================
Received Import Request.
  Time since last request: 5565.889098 seconds.
  path: Assets/Config/UniversalRenderPipelineAsset_Renderer.asset
  artifactKey: Guid(115deb1b2504e4e0f9100bfc915b44ce) Importer(815301076,1909f56bfc062723c751e8b465ee728b)
Start importing Assets/Config/UniversalRenderPipelineAsset_Renderer.asset using Guid(115deb1b2504e4e0f9100bfc915b44ce) Importer(815301076,1909f56bfc062723c751e8b465ee728b)  -> (artifact id: 'f7777f401add8b170d4daaa2d0d52676') in 0.061259 seconds 
========================================================================
Received Prepare
Registering precompiled user dll's ...
Registered in 0.019149 seconds.
Begin MonoManager ReloadAssembly
Native extension for OSXStandalone target not found
Refreshing native plugins compatible for Editor in 0.63 ms, found 1 plugins.
Preloading 0 native plugins for Editor in 0.00 ms.
Mono: successfully reloaded assembly
- Completed reload, in  1.390 seconds
Platform modules already initialized, skipping
Shader 'Universal Render Pipeline/Particles/Lit': fallback shader 'Universal Render Pipeline/Particles/SimpleLit' not found
Refreshing native plugins compatible for Editor in 0.62 ms, found 1 plugins.
Preloading 0 native plugins for Editor in 0.00 ms.
Unloading 3884 Unused Serialized files (Serialized files now loaded: 0)
System memory in use before: 260.7 MB.
System memory in use after: 261.0 MB.

Unloading 9 unused Assets to reduce memory usage. Loaded Objects now: 4637.
Total: 2.626965 ms (FindLiveObjects: 0.369669 ms CreateObjectMapping: 0.180999 ms MarkObjects: 2.054164 ms  DeleteObjects: 0.021392 ms)

========================================================================
Received Prepare
Registering precompiled user dll's ...
Registered in 0.001414 seconds.
Begin MonoManager ReloadAssembly
Native extension for OSXStandalone target not found
Refreshing native plugins compatible for Editor in 0.62 ms, found 1 plugins.
Preloading 0 native plugins for Editor in 0.00 ms.
Mono: successfully reloaded assembly
- Completed reload, in  1.114 seconds
Platform modules already initialized, skipping
Shader 'Universal Render Pipeline/Particles/Lit': fallback shader 'Universal Render Pipeline/Particles/SimpleLit' not found
Refreshing native plugins compatible for Editor in 0.63 ms, found 1 plugins.
Preloading 0 native plugins for Editor in 0.00 ms.
Unloading 3884 Unused Serialized files (Serialized files now loaded: 0)
System memory in use before: 261.0 MB.
System memory in use after: 261.2 MB.

Unloading 9 unused Assets to reduce memory usage. Loaded Objects now: 4640.
Total: 2.627496 ms (FindLiveObjects: 0.394843 ms CreateObjectMapping: 0.237865 ms MarkObjects: 1.976829 ms  DeleteObjects: 0.017063 ms)

========================================================================
Received Prepare
Registering precompiled user dll's ...
Registered in 0.001478 seconds.
Begin MonoManager ReloadAssembly
Native extension for OSXStandalone target not found
Refreshing native plugins compatible for Editor in 0.74 ms, found 1 plugins.
Preloading 0 native plugins for Editor in 0.00 ms.
Mono: successfully reloaded assembly
- Completed reload, in  1.115 seconds
Platform modules already initialized, skipping
Shader 'Universal Render Pipeline/Particles/Lit': fallback shader 'Universal Render Pipeline/Particles/SimpleLit' not found
Refreshing native plugins compatible for Editor in 0.63 ms, found 1 plugins.
Preloading 0 native plugins for Editor in 0.00 ms.
Unloading 3884 Unused Serialized files (Serialized files now loaded: 0)
System memory in use before: 261.2 MB.
System memory in use after: 261.5 MB.

Unloading 9 unused Assets to reduce memory usage. Loaded Objects now: 4643.
Total: 2.427185 ms (FindLiveObjects: 0.323146 ms CreateObjectMapping: 0.188302 ms MarkObjects: 1.900360 ms  DeleteObjects: 0.014396 ms)

========================================================================
Received Prepare
Registering precompiled user dll's ...
Registered in 0.027064 seconds.
Begin MonoManager ReloadAssembly
Native extension for OSXStandalone target not found
Refreshing native plugins compatible for Editor in 0.63 ms, found 1 plugins.
Preloading 0 native plugins for Editor in 0.00 ms.
Mono: successfully reloaded assembly
- Completed reload, in  1.092 seconds
Platform modules already initialized, skipping
Shader 'Universal Render Pipeline/Particles/Lit': fallback shader 'Universal Render Pipeline/Particles/SimpleLit' not found
Refreshing native plugins compatible for Editor in 0.63 ms, found 1 plugins.
Preloading 0 native plugins for Editor in 0.00 ms.
Unloading 3884 Unused Serialized files (Serialized files now loaded: 0)
System memory in use before: 261.5 MB.
System memory in use after: 261.7 MB.

Unloading 9 unused Assets to reduce memory usage. Loaded Objects now: 4646.
Total: 3.380682 ms (FindLiveObjects: 0.442516 ms CreateObjectMapping: 0.297461 ms MarkObjects: 2.621828 ms  DeleteObjects: 0.017519 ms)

========================================================================
Received Prepare
Registering precompiled user dll's ...
Registered in 0.001418 seconds.
Begin MonoManager ReloadAssembly
Native extension for OSXStandalone target not found
Refreshing native plugins compatible for Editor in 0.63 ms, found 1 plugins.
Preloading 0 native plugins for Editor in 0.00 ms.
Mono: successfully reloaded assembly
- Completed reload, in  1.142 seconds
Platform modules already initialized, skipping
Shader 'Universal Render Pipeline/Particles/Lit': fallback shader 'Universal Render Pipeline/Particles/SimpleLit' not found
Refreshing native plugins compatible for Editor in 0.64 ms, found 1 plugins.
Preloading 0 native plugins for Editor in 0.00 ms.
Unloading 3884 Unused Serialized files (Serialized files now loaded: 0)
System memory in use before: 261.7 MB.
System memory in use after: 262.0 MB.

Unloading 9 unused Assets to reduce memory usage. Loaded Objects now: 4649.
Total: 3.375369 ms (FindLiveObjects: 0.430613 ms CreateObjectMapping: 0.300624 ms MarkObjects: 2.626166 ms  DeleteObjects: 0.016853 ms)

========================================================================
Received Prepare
Registering precompiled user dll's ...
Registered in 0.027156 seconds.
Begin MonoManager ReloadAssembly
Native extension for OSXStandalone target not found
Refreshing native plugins compatible for Editor in 0.64 ms, found 1 plugins.
Preloading 0 native plugins for Editor in 0.00 ms.
Mono: successfully reloaded assembly
- Completed reload, in  1.115 seconds
Platform modules already initialized, skipping
Shader 'Universal Render Pipeline/Particles/Lit': fallback shader 'Universal Render Pipeline/Particles/SimpleLit' not found
Refreshing native plugins compatible for Editor in 0.77 ms, found 1 plugins.
Preloading 0 native plugins for Editor in 0.00 ms.
Unloading 3884 Unused Serialized files (Serialized files now loaded: 0)
System memory in use before: 261.9 MB.
System memory in use after: 262.2 MB.

Unloading 9 unused Assets to reduce memory usage. Loaded Objects now: 4652.
Total: 3.499292 ms (FindLiveObjects: 0.427021 ms CreateObjectMapping: 0.285854 ms MarkObjects: 2.766649 ms  DeleteObjects: 0.018392 ms)

========================================================================
Received Prepare
Registering precompiled user dll's ...
Registered in 0.026337 seconds.
Begin MonoManager ReloadAssembly
Native extension for OSXStandalone target not found
Refreshing native plugins compatible for Editor in 0.71 ms, found 1 plugins.
Preloading 0 native plugins for Editor in 0.00 ms.
Mono: successfully reloaded assembly
- Completed reload, in  1.132 seconds
Platform modules already initialized, skipping
Shader 'Universal Render Pipeline/Particles/Lit': fallback shader 'Universal Render Pipeline/Particles/SimpleLit' not found
Refreshing native plugins compatible for Editor in 0.62 ms, found 1 plugins.
Preloading 0 native plugins for Editor in 0.00 ms.
Unloading 3884 Unused Serialized files (Serialized files now loaded: 0)
System memory in use before: 262.2 MB.
System memory in use after: 262.4 MB.

Unloading 9 unused Assets to reduce memory usage. Loaded Objects now: 4655.
Total: 3.316514 ms (FindLiveObjects: 0.436352 ms CreateObjectMapping: 0.297360 ms MarkObjects: 2.562557 ms  DeleteObjects: 0.018773 ms)

========================================================================
Received Prepare
Registering precompiled user dll's ...
Registered in 0.001457 seconds.
Begin MonoManager ReloadAssembly
Native extension for OSXStandalone target not found
Refreshing native plugins compatible for Editor in 0.63 ms, found 1 plugins.
Preloading 0 native plugins for Editor in 0.00 ms.
Mono: successfully reloaded assembly
- Completed reload, in  1.116 seconds
Platform modules already initialized, skipping
Shader 'Universal Render Pipeline/Particles/Lit': fallback shader 'Universal Render Pipeline/Particles/SimpleLit' not found
Refreshing native plugins compatible for Editor in 0.62 ms, found 1 plugins.
Preloading 0 native plugins for Editor in 0.00 ms.
Unloading 3884 Unused Serialized files (Serialized files now loaded: 0)
System memory in use before: 262.4 MB.
System memory in use after: 262.7 MB.

Unloading 9 unused Assets to reduce memory usage. Loaded Objects now: 4658.
Total: 3.415169 ms (FindLiveObjects: 0.447356 ms CreateObjectMapping: 0.307696 ms MarkObjects: 2.641175 ms  DeleteObjects: 0.017276 ms)

========================================================================
Received Prepare
Registering precompiled user dll's ...
Registered in 0.024509 seconds.
Begin MonoManager ReloadAssembly
Native extension for OSXStandalone target not found
Refreshing native plugins compatible for Editor in 0.63 ms, found 1 plugins.
Preloading 0 native plugins for Editor in 0.00 ms.
Mono: successfully reloaded assembly
- Completed reload, in  1.183 seconds
Platform modules already initialized, skipping
Shader 'Universal Render Pipeline/Particles/Lit': fallback shader 'Universal Render Pipeline/Particles/SimpleLit' not found
Refreshing native plugins compatible for Editor in 0.62 ms, found 1 plugins.
Preloading 0 native plugins for Editor in 0.00 ms.
Unloading 3884 Unused Serialized files (Serialized files now loaded: 0)
System memory in use before: 262.7 MB.
System memory in use after: 262.9 MB.

Unloading 9 unused Assets to reduce memory usage. Loaded Objects now: 4661.
Total: 2.443511 ms (FindLiveObjects: 0.345086 ms CreateObjectMapping: 0.212987 ms MarkObjects: 1.870430 ms  DeleteObjects: 0.014106 ms)

========================================================================
Received Prepare
Registering precompiled user dll's ...
Registered in 0.001449 seconds.
Begin MonoManager ReloadAssembly
Native extension for OSXStandalone target not found
Refreshing native plugins compatible for Editor in 0.62 ms, found 1 plugins.
Preloading 0 native plugins for Editor in 0.00 ms.
Mono: successfully reloaded assembly
- Completed reload, in  1.116 seconds
Platform modules already initialized, skipping
Shader 'Universal Render Pipeline/Particles/Lit': fallback shader 'Universal Render Pipeline/Particles/SimpleLit' not found
Refreshing native plugins compatible for Editor in 0.64 ms, found 1 plugins.
Preloading 0 native plugins for Editor in 0.00 ms.
Unloading 3884 Unused Serialized files (Serialized files now loaded: 0)
System memory in use before: 262.9 MB.
System memory in use after: 263.1 MB.

Unloading 9 unused Assets to reduce memory usage. Loaded Objects now: 4664.
Total: 3.712149 ms (FindLiveObjects: 0.458826 ms CreateObjectMapping: 0.301443 ms MarkObjects: 2.930211 ms  DeleteObjects: 0.020247 ms)

========================================================================
Received Prepare
Registering precompiled user dll's ...
Registered in 0.001446 seconds.
Begin MonoManager ReloadAssembly
Native extension for OSXStandalone target not found
Refreshing native plugins compatible for Editor in 0.63 ms, found 1 plugins.
Preloading 0 native plugins for Editor in 0.00 ms.
Mono: successfully reloaded assembly
- Completed reload, in  1.109 seconds
Platform modules already initialized, skipping
Shader 'Universal Render Pipeline/Particles/Lit': fallback shader 'Universal Render Pipeline/Particles/SimpleLit' not found
Refreshing native plugins compatible for Editor in 0.65 ms, found 1 plugins.
Preloading 0 native plugins for Editor in 0.00 ms.
Unloading 3884 Unused Serialized files (Serialized files now loaded: 0)
System memory in use before: 263.1 MB.
System memory in use after: 263.4 MB.

Unloading 9 unused Assets to reduce memory usage. Loaded Objects now: 4667.
Total: 2.566811 ms (FindLiveObjects: 0.299642 ms CreateObjectMapping: 0.173444 ms MarkObjects: 2.077279 ms  DeleteObjects: 0.015612 ms)

========================================================================
Received Prepare
Registering precompiled user dll's ...
Registered in 0.001469 seconds.
Begin MonoManager ReloadAssembly
Native extension for OSXStandalone target not found
Refreshing native plugins compatible for Editor in 0.64 ms, found 1 plugins.
Preloading 0 native plugins for Editor in 0.00 ms.
Mono: successfully reloaded assembly
- Completed reload, in  1.215 seconds
Platform modules already initialized, skipping
Shader 'Universal Render Pipeline/Particles/Lit': fallback shader 'Universal Render Pipeline/Particles/SimpleLit' not found
Refreshing native plugins compatible for Editor in 0.64 ms, found 1 plugins.
Preloading 0 native plugins for Editor in 0.00 ms.
Unloading 3884 Unused Serialized files (Serialized files now loaded: 0)
System memory in use before: 263.4 MB.
System memory in use after: 263.6 MB.

Unloading 9 unused Assets to reduce memory usage. Loaded Objects now: 4670.
Total: 3.429215 ms (FindLiveObjects: 0.415419 ms CreateObjectMapping: 0.291092 ms MarkObjects: 2.703500 ms  DeleteObjects: 0.017824 ms)

========================================================================
Received Prepare
Registering precompiled user dll's ...
Registered in 0.026285 seconds.
Begin MonoManager ReloadAssembly
Native extension for OSXStandalone target not found
Refreshing native plugins compatible for Editor in 0.64 ms, found 1 plugins.
Preloading 0 native plugins for Editor in 0.00 ms.
Mono: successfully reloaded assembly
- Completed reload, in  1.117 seconds
Platform modules already initialized, skipping
Shader 'Universal Render Pipeline/Particles/Lit': fallback shader 'Universal Render Pipeline/Particles/SimpleLit' not found
Refreshing native plugins compatible for Editor in 0.62 ms, found 1 plugins.
Preloading 0 native plugins for Editor in 0.00 ms.
Unloading 3884 Unused Serialized files (Serialized files now loaded: 0)
System memory in use before: 263.6 MB.
System memory in use after: 263.9 MB.

Unloading 9 unused Assets to reduce memory usage. Loaded Objects now: 4673.
Total: 2.855569 ms (FindLiveObjects: 0.329235 ms CreateObjectMapping: 0.184438 ms MarkObjects: 2.322054 ms  DeleteObjects: 0.018747 ms)

========================================================================
Received Prepare
Registering precompiled user dll's ...
Registered in 0.001453 seconds.
Begin MonoManager ReloadAssembly
Native extension for OSXStandalone target not found
Refreshing native plugins compatible for Editor in 0.64 ms, found 1 plugins.
Preloading 0 native plugins for Editor in 0.00 ms.
Mono: successfully reloaded assembly
- Completed reload, in  1.116 seconds
Platform modules already initialized, skipping
Shader 'Universal Render Pipeline/Particles/Lit': fallback shader 'Universal Render Pipeline/Particles/SimpleLit' not found
Refreshing native plugins compatible for Editor in 0.64 ms, found 1 plugins.
Preloading 0 native plugins for Editor in 0.00 ms.
Unloading 3884 Unused Serialized files (Serialized files now loaded: 0)
System memory in use before: 263.9 MB.
System memory in use after: 264.1 MB.

Unloading 9 unused Assets to reduce memory usage. Loaded Objects now: 4676.
Total: 2.395101 ms (FindLiveObjects: 0.316258 ms CreateObjectMapping: 0.188073 ms MarkObjects: 1.875762 ms  DeleteObjects: 0.014231 ms)

========================================================================
Received Prepare
Registering precompiled user dll's ...
Registered in 0.022622 seconds.
Begin MonoManager ReloadAssembly
Native extension for OSXStandalone target not found
Refreshing native plugins compatible for Editor in 0.67 ms, found 1 plugins.
Preloading 0 native plugins for Editor in 0.00 ms.
Mono: successfully reloaded assembly
- Completed reload, in  1.223 seconds
Platform modules already initialized, skipping
Shader 'Universal Render Pipeline/Particles/Lit': fallback shader 'Universal Render Pipeline/Particles/SimpleLit' not found
Refreshing native plugins compatible for Editor in 0.66 ms, found 1 plugins.
Preloading 0 native plugins for Editor in 0.00 ms.
Unloading 3884 Unused Serialized files (Serialized files now loaded: 0)
System memory in use before: 264.1 MB.
System memory in use after: 264.3 MB.

Unloading 9 unused Assets to reduce memory usage. Loaded Objects now: 4679.
Total: 3.337349 ms (FindLiveObjects: 0.413392 ms CreateObjectMapping: 0.223188 ms MarkObjects: 2.681700 ms  DeleteObjects: 0.017984 ms)

========================================================================
Received Prepare
Registering precompiled user dll's ...
Registered in 0.026698 seconds.
Begin MonoManager ReloadAssembly
Native extension for OSXStandalone target not found
Refreshing native plugins compatible for Editor in 0.62 ms, found 1 plugins.
Preloading 0 native plugins for Editor in 0.00 ms.
Mono: successfully reloaded assembly
- Completed reload, in  1.108 seconds
Platform modules already initialized, skipping
Shader 'Universal Render Pipeline/Particles/Lit': fallback shader 'Universal Render Pipeline/Particles/SimpleLit' not found
Refreshing native plugins compatible for Editor in 0.62 ms, found 1 plugins.
Preloading 0 native plugins for Editor in 0.00 ms.
Unloading 3884 Unused Serialized files (Serialized files now loaded: 0)
System memory in use before: 264.3 MB.
System memory in use after: 264.6 MB.

Unloading 9 unused Assets to reduce memory usage. Loaded Objects now: 4682.
Total: 3.489425 ms (FindLiveObjects: 0.439004 ms CreateObjectMapping: 0.301429 ms MarkObjects: 2.727914 ms  DeleteObjects: 0.019453 ms)

========================================================================
Received Prepare
Registering precompiled user dll's ...
Registered in 0.026048 seconds.
Begin MonoManager ReloadAssembly
Native extension for OSXStandalone target not found
Refreshing native plugins compatible for Editor in 0.65 ms, found 1 plugins.
Preloading 0 native plugins for Editor in 0.00 ms.
Mono: successfully reloaded assembly
- Completed reload, in  1.229 seconds
Platform modules already initialized, skipping
Shader 'Universal Render Pipeline/Particles/Lit': fallback shader 'Universal Render Pipeline/Particles/SimpleLit' not found
Refreshing native plugins compatible for Editor in 0.80 ms, found 1 plugins.
Preloading 0 native plugins for Editor in 0.00 ms.
Unloading 3884 Unused Serialized files (Serialized files now loaded: 0)
System memory in use before: 264.6 MB.
System memory in use after: 264.8 MB.

Unloading 9 unused Assets to reduce memory usage. Loaded Objects now: 4685.
Total: 2.942567 ms (FindLiveObjects: 0.364259 ms CreateObjectMapping: 0.235037 ms MarkObjects: 2.321074 ms  DeleteObjects: 0.020568 ms)

