Using pre-set license

 COMMAND LINE ARGUMENTS:
/Applications/Unity/Hub/Editor/2021.1.3f1/Unity.app/Contents/MacOS/Unity
-adb2
-batchMode
-noUpm
-name
AssetImportWorker2
-projectPath
/Users/kids/Desktop/3D Stuff/Unity Chess
-logFile
Logs/AssetImportWorker2.log
-srvPort
59728
Successfully changed project path to: /Users/kids/Desktop/3D Stuff/Unity Chess
/Users/kids/Desktop/3D Stuff/Unity Chess
Using Asset Import Pipeline V2.
Refreshing native plugins compatible for Editor in 216.53 ms, found 1 plugins.
Preloading 0 native plugins for Editor in 0.00 ms.
Initialize engine version: 2021.1.3f1 (4bef613afd59)
[Subsystems] Discovering subsystems at path /Applications/Unity/Hub/Editor/2021.1.3f1/Unity.app/Contents/Resources/UnitySubsystems
[Subsystems] Discovering subsystems at path /Users/kids/Desktop/3D Stuff/Unity Chess/Assets
GfxDevice: creating device client; threaded=0; jobified=0
2021-07-23 16:15:22.336 Unity[81730:6236625] iMac preferred device: AMD Radeon Pro 560X (high power)
2021-07-23 16:15:22.336 Unity[81730:6236625] Metal devices available: 1
2021-07-23 16:15:22.337 Unity[81730:6236625] 0: AMD Radeon Pro 560X (high power)
2021-07-23 16:15:22.337 Unity[81730:6236625] Using device AMD Radeon Pro 560X (high power)
Initializing Metal device caps: AMD Radeon Pro 560X
Initialize mono
Mono path[0] = '/Applications/Unity/Hub/Editor/2021.1.3f1/Unity.app/Contents/Managed'
Mono path[1] = '/Applications/Unity/Hub/Editor/2021.1.3f1/Unity.app/Contents/MonoBleedingEdge/lib/mono/unityjit'
Mono config path = '/Applications/Unity/Hub/Editor/2021.1.3f1/Unity.app/Contents/MonoBleedingEdge/etc'
Using monoOptions --debugger-agent=transport=dt_socket,embedding=1,server=y,suspend=n,address=127.0.0.1:56730
Begin MonoManager ReloadAssembly
Registering precompiled unity dll's ...
Register platform support module: /Applications/Unity/Hub/Editor/2021.1.3f1/Unity.app/Contents/PlaybackEngines/MacStandaloneSupport/UnityEditor.OSXStandalone.Extensions.dll
Registered in 0.001571 seconds.
Native extension for OSXStandalone target not found
Refreshing native plugins compatible for Editor in 73.09 ms, found 1 plugins.
Preloading 0 native plugins for Editor in 0.00 ms.
Mono: successfully reloaded assembly
- Completed reload, in  2.333 seconds
Platform modules already initialized, skipping
Registering precompiled user dll's ...
Registered in 0.050404 seconds.
Begin MonoManager ReloadAssembly
Native extension for OSXStandalone target not found
Refreshing native plugins compatible for Editor in 0.44 ms, found 1 plugins.
Preloading 0 native plugins for Editor in 0.00 ms.
Mono: successfully reloaded assembly
- Completed reload, in  1.722 seconds
Platform modules already initialized, skipping
========================================================================
Worker process is ready to serve import requests
Launching external process: /Applications/Unity/Hub/Editor/2021.1.3f1/Unity.app/Contents/Tools/UnityShaderCompiler
Launched and connected shader compiler UnityShaderCompiler after 0.07 seconds
Refreshing native plugins compatible for Editor in 0.46 ms, found 1 plugins.
Preloading 0 native plugins for Editor in 0.00 ms.
Unloading 2672 Unused Serialized files (Serialized files now loaded: 0)
System memory in use before: 166.2 MB.
System memory in use after: 166.4 MB.

Unloading 14 unused Assets to reduce memory usage. Loaded Objects now: 3125.
Total: 2.814789 ms (FindLiveObjects: 0.300943 ms CreateObjectMapping: 0.179538 ms MarkObjects: 2.271333 ms  DeleteObjects: 0.061858 ms)

========================================================================
Received Import Request.
  path: Assets
  artifactKey: Guid(00000000000000001000000000000000) Importer(815301076,1909f56bfc062723c751e8b465ee728b)
Start importing Assets using Guid(00000000000000001000000000000000) Importer(815301076,1909f56bfc062723c751e8b465ee728b)  -> (artifact id: 'efcc68737208a1d7a8581e190ec11b99') in 0.040889 seconds 
========================================================================
Received Import Request.
  Time since last request: 0.000212 seconds.
  path: Assets/Chess Scene.blend
  artifactKey: Guid(26b92892c50c54538bfc2fc33c85db3f) Importer(815301076,1909f56bfc062723c751e8b465ee728b)
Start importing Assets/Chess Scene.blend using Guid(26b92892c50c54538bfc2fc33c85db3f) Importer(815301076,1909f56bfc062723c751e8b465ee728b)  -> (artifact id: 'e391ed37e73162fa4a149ce5331f2679') in 1.511991 seconds 
========================================================================
Received Import Request.
  Time since last request: 5.957402 seconds.
  path: Assets/Materials
  artifactKey: Guid(98dd2de59941d4655bdc2e1343ea0d79) Importer(815301076,1909f56bfc062723c751e8b465ee728b)
Start importing Assets/Materials using Guid(98dd2de59941d4655bdc2e1343ea0d79) Importer(815301076,1909f56bfc062723c751e8b465ee728b)  -> (artifact id: 'd35b1b8ce7bdecbb09ba1ef17193cdce') in 0.001896 seconds 
========================================================================
Received Import Request.
  Time since last request: 6.219349 seconds.
  path: Assets/Materials/New Material.mat
  artifactKey: Guid(419081b1892af484ca1bae2faf3a802a) Importer(815301076,1909f56bfc062723c751e8b465ee728b)
Start importing Assets/Materials/New Material.mat using Guid(419081b1892af484ca1bae2faf3a802a) Importer(815301076,1909f56bfc062723c751e8b465ee728b)  -> (artifact id: '41d6f95558714d27122a5bd38350fdbe') in 0.208476 seconds 
========================================================================
Received Import Request.
  Time since last request: 2.721605 seconds.
  path: Assets/Materials/New Material 1.mat
  artifactKey: Guid(33fc67c1af1e04b7c835293c9d1b7595) Importer(815301076,1909f56bfc062723c751e8b465ee728b)
Start importing Assets/Materials/New Material 1.mat using Guid(33fc67c1af1e04b7c835293c9d1b7595) Importer(815301076,1909f56bfc062723c751e8b465ee728b)  -> (artifact id: '934cb1052cf6a47afa1c670431982b0e') in 0.009601 seconds 
========================================================================
Received Import Request.
  Time since last request: 2.554441 seconds.
  path: Assets/Materials/New Material 2.mat
  artifactKey: Guid(69570496106ca41e2a4014c03dc9bd31) Importer(815301076,1909f56bfc062723c751e8b465ee728b)
Start importing Assets/Materials/New Material 2.mat using Guid(69570496106ca41e2a4014c03dc9bd31) Importer(815301076,1909f56bfc062723c751e8b465ee728b)  -> (artifact id: '14e641c3d5e6c9c1e318e6e1b46caf48') in 0.012612 seconds 
========================================================================
Received Import Request.
  Time since last request: 3.194316 seconds.
  path: Assets/Materials/New Material 3.mat
  artifactKey: Guid(bd6a928327a574c24b881759a789bb1c) Importer(815301076,1909f56bfc062723c751e8b465ee728b)
Start importing Assets/Materials/New Material 3.mat using Guid(bd6a928327a574c24b881759a789bb1c) Importer(815301076,1909f56bfc062723c751e8b465ee728b)  -> (artifact id: '05e40295d0e218eb56f9b590d724678d') in 0.020370 seconds 
========================================================================
Received Import Request.
  Time since last request: 68.002500 seconds.
  path: Assets/Materials/WhiteSquare.mat
  artifactKey: Guid(f0bc62495381d49548afae82361b7f32) Importer(815301076,1909f56bfc062723c751e8b465ee728b)
Start importing Assets/Materials/WhiteSquare.mat using Guid(f0bc62495381d49548afae82361b7f32) Importer(815301076,1909f56bfc062723c751e8b465ee728b)  -> (artifact id: '44489bd212dbfe03db4a60c05a187a2c') in 0.011195 seconds 
========================================================================
Received Import Request.
  Time since last request: 640.459382 seconds.
  path: Assets/Scripts/Bishop.cs
  artifactKey: Guid(172e420a61ca4463590f36933ef202f6) Importer(815301076,1909f56bfc062723c751e8b465ee728b)
Start importing Assets/Scripts/Bishop.cs using Guid(172e420a61ca4463590f36933ef202f6) Importer(815301076,1909f56bfc062723c751e8b465ee728b)  -> (artifact id: '607322685b26c531607acd44fd6b89e9') in 0.142822 seconds 
========================================================================
Received Import Request.
  Time since last request: 1.186191 seconds.
  path: Assets/Scripts/ChessPiece.cs
  artifactKey: Guid(41df1f247264a4788bbe1b929b06d710) Importer(815301076,1909f56bfc062723c751e8b465ee728b)
Start importing Assets/Scripts/ChessPiece.cs using Guid(41df1f247264a4788bbe1b929b06d710) Importer(815301076,1909f56bfc062723c751e8b465ee728b)  -> (artifact id: '7d07db6bcd773572f6b4eae8963fe851') in 0.030877 seconds 
========================================================================
Received Import Request.
  Time since last request: 0.622229 seconds.
  path: Assets/Scripts/King.cs
  artifactKey: Guid(dfd702faf99dc433aa8e632d2f44b08b) Importer(815301076,1909f56bfc062723c751e8b465ee728b)
Start importing Assets/Scripts/King.cs using Guid(dfd702faf99dc433aa8e632d2f44b08b) Importer(815301076,1909f56bfc062723c751e8b465ee728b)  -> (artifact id: 'df9349d12b5a725624f5c39e22cc7557') in 0.018084 seconds 
========================================================================
Received Import Request.
  Time since last request: 1.800108 seconds.
  path: Assets/Scripts/Rook.cs
  artifactKey: Guid(d5487c354fdd142d9ad3641176786bb8) Importer(815301076,1909f56bfc062723c751e8b465ee728b)
Start importing Assets/Scripts/Rook.cs using Guid(d5487c354fdd142d9ad3641176786bb8) Importer(815301076,1909f56bfc062723c751e8b465ee728b)  -> (artifact id: 'd853c1eadfe9707b35cd37f0c2591079') in 0.004774 seconds 
========================================================================
Received Import Request.
  Time since last request: 1.391700 seconds.
  path: Assets/Scripts/Qeen.cs
  artifactKey: Guid(559b2f0ead6b74ee3a240f1025e2e5b9) Importer(815301076,1909f56bfc062723c751e8b465ee728b)
Start importing Assets/Scripts/Qeen.cs using Guid(559b2f0ead6b74ee3a240f1025e2e5b9) Importer(815301076,1909f56bfc062723c751e8b465ee728b)  -> (artifact id: 'ce5c18ec5fa3067995c113f2426c8b31') in 0.014070 seconds 
========================================================================
Received Import Request.
  Time since last request: 5.669603 seconds.
  path: Assets/Scripts/Queen.cs
  artifactKey: Guid(559b2f0ead6b74ee3a240f1025e2e5b9) Importer(815301076,1909f56bfc062723c751e8b465ee728b)
Start importing Assets/Scripts/Queen.cs using Guid(559b2f0ead6b74ee3a240f1025e2e5b9) Importer(815301076,1909f56bfc062723c751e8b465ee728b)  -> (artifact id: '203c772a2189137b62818a49b5bac10b') in 0.013050 seconds 
========================================================================
Received Import Request.
  Time since last request: 0.980449 seconds.
  path: Assets/Scripts/Pawn.cs
  artifactKey: Guid(1686ef43c715d46eb9c0f7cc8de54815) Importer(815301076,1909f56bfc062723c751e8b465ee728b)
Start importing Assets/Scripts/Pawn.cs using Guid(1686ef43c715d46eb9c0f7cc8de54815) Importer(815301076,1909f56bfc062723c751e8b465ee728b)  -> (artifact id: '6cb0b80c0c5b460c7a56c57050147a31') in 0.030622 seconds 
========================================================================
Received Prepare
Registering precompiled user dll's ...
Registered in 0.015740 seconds.
Begin MonoManager ReloadAssembly
Native extension for OSXStandalone target not found
Refreshing native plugins compatible for Editor in 0.44 ms, found 1 plugins.
Preloading 0 native plugins for Editor in 0.00 ms.
Mono: successfully reloaded assembly
- Completed reload, in  2.224 seconds
Platform modules already initialized, skipping
Refreshing native plugins compatible for Editor in 0.66 ms, found 1 plugins.
Preloading 0 native plugins for Editor in 0.00 ms.
Unloading 2665 Unused Serialized files (Serialized files now loaded: 0)
System memory in use before: 184.3 MB.
System memory in use after: 184.5 MB.

Unloading 9 unused Assets to reduce memory usage. Loaded Objects now: 3170.
Total: 2.331652 ms (FindLiveObjects: 0.283410 ms CreateObjectMapping: 0.144916 ms MarkObjects: 1.870612 ms  DeleteObjects: 0.031537 ms)

========================================================================
Received Import Request.
  Time since last request: 90.001884 seconds.
  path: Assets/Scripts/Bishop.cs
  artifactKey: Guid(172e420a61ca4463590f36933ef202f6) Importer(815301076,1909f56bfc062723c751e8b465ee728b)
Start importing Assets/Scripts/Bishop.cs using Guid(172e420a61ca4463590f36933ef202f6) Importer(815301076,1909f56bfc062723c751e8b465ee728b)  -> (artifact id: 'f8c1c37dc4f6745b68e0eabec5822dcc') in 0.005137 seconds 
========================================================================
Received Import Request.
  Time since last request: 1.743545 seconds.
  path: Assets/Scripts/Rook.cs
  artifactKey: Guid(d5487c354fdd142d9ad3641176786bb8) Importer(815301076,1909f56bfc062723c751e8b465ee728b)
Start importing Assets/Scripts/Rook.cs using Guid(d5487c354fdd142d9ad3641176786bb8) Importer(815301076,1909f56bfc062723c751e8b465ee728b)  -> (artifact id: 'c6bf20c3a441e43903f425d5323e51b1') in 0.012684 seconds 
========================================================================
Received Prepare
Registering precompiled user dll's ...
Registered in 0.014103 seconds.
Begin MonoManager ReloadAssembly
Native extension for OSXStandalone target not found
Refreshing native plugins compatible for Editor in 0.45 ms, found 1 plugins.
Preloading 0 native plugins for Editor in 0.00 ms.
Mono: successfully reloaded assembly
- Completed reload, in  1.095 seconds
Platform modules already initialized, skipping
Refreshing native plugins compatible for Editor in 0.65 ms, found 1 plugins.
Preloading 0 native plugins for Editor in 0.00 ms.
Unloading 2659 Unused Serialized files (Serialized files now loaded: 0)
System memory in use before: 184.4 MB.
System memory in use after: 184.6 MB.

Unloading 15 unused Assets to reduce memory usage. Loaded Objects now: 3167.
Total: 2.653639 ms (FindLiveObjects: 0.292796 ms CreateObjectMapping: 0.171960 ms MarkObjects: 2.168353 ms  DeleteObjects: 0.019217 ms)

========================================================================
Received Prepare
Registering precompiled user dll's ...
Registered in 0.019897 seconds.
Begin MonoManager ReloadAssembly
Native extension for OSXStandalone target not found
Refreshing native plugins compatible for Editor in 0.48 ms, found 1 plugins.
Preloading 0 native plugins for Editor in 0.00 ms.
Mono: successfully reloaded assembly
- Completed reload, in  0.974 seconds
Platform modules already initialized, skipping
Script is not up to date after domain reload: guid(c9df933bdc94a4ba08857d1b380e5322) path("Assets/King.cs") state(2)
Refreshing native plugins compatible for Editor in 0.73 ms, found 1 plugins.
Preloading 0 native plugins for Editor in 0.00 ms.
Unloading 2660 Unused Serialized files (Serialized files now loaded: 0)
System memory in use before: 184.6 MB.
System memory in use after: 184.9 MB.

Unloading 9 unused Assets to reduce memory usage. Loaded Objects now: 3171.
Total: 2.702150 ms (FindLiveObjects: 0.276785 ms CreateObjectMapping: 0.176861 ms MarkObjects: 2.233121 ms  DeleteObjects: 0.014083 ms)

========================================================================
Received Prepare
Registering precompiled user dll's ...
Registered in 0.025622 seconds.
Begin MonoManager ReloadAssembly
Native extension for OSXStandalone target not found
Refreshing native plugins compatible for Editor in 0.68 ms, found 1 plugins.
Preloading 0 native plugins for Editor in 0.00 ms.
Mono: successfully reloaded assembly
- Completed reload, in  1.996 seconds
Platform modules already initialized, skipping
Script is not up to date after domain reload: guid(c97886e46e4884bbc9ca02dcb0f799f9) path("Assets/Knight.cs") state(2)
Script is not up to date after domain reload: guid(e0ebe79687b89483cac85caf8eccc521) path("Assets/Pawn.cs") state(2)
Refreshing native plugins compatible for Editor in 0.66 ms, found 1 plugins.
Preloading 0 native plugins for Editor in 0.00 ms.
Unloading 2661 Unused Serialized files (Serialized files now loaded: 0)
System memory in use before: 184.8 MB.
System memory in use after: 185.1 MB.

Unloading 9 unused Assets to reduce memory usage. Loaded Objects now: 3175.
Total: 2.514359 ms (FindLiveObjects: 0.290236 ms CreateObjectMapping: 0.185476 ms MarkObjects: 2.022352 ms  DeleteObjects: 0.014893 ms)

========================================================================
Received Prepare
Registering precompiled user dll's ...
Registered in 0.013220 seconds.
Begin MonoManager ReloadAssembly
Native extension for OSXStandalone target not found
Refreshing native plugins compatible for Editor in 0.48 ms, found 1 plugins.
Preloading 0 native plugins for Editor in 0.00 ms.
Mono: successfully reloaded assembly
- Completed reload, in  0.967 seconds
Platform modules already initialized, skipping
Script is not up to date after domain reload: guid(75c52b4defbae4dd5b24b4ed1d701732) path("Assets/Queen.cs") state(2)
Script is not up to date after domain reload: guid(80a005662693249a09b9f9fc600e5841) path("Assets/Rook.cs") state(2)
Refreshing native plugins compatible for Editor in 0.65 ms, found 1 plugins.
Preloading 0 native plugins for Editor in 0.00 ms.
Unloading 2663 Unused Serialized files (Serialized files now loaded: 0)
System memory in use before: 185.1 MB.
System memory in use after: 185.3 MB.

Unloading 9 unused Assets to reduce memory usage. Loaded Objects now: 3180.
Total: 2.710826 ms (FindLiveObjects: 0.303670 ms CreateObjectMapping: 0.191638 ms MarkObjects: 2.198972 ms  DeleteObjects: 0.015303 ms)

========================================================================
Received Prepare
Registering precompiled user dll's ...
Registered in 0.029949 seconds.
Begin MonoManager ReloadAssembly
Native extension for OSXStandalone target not found
Refreshing native plugins compatible for Editor in 0.45 ms, found 1 plugins.
Preloading 0 native plugins for Editor in 0.00 ms.
Mono: successfully reloaded assembly
- Completed reload, in  0.977 seconds
Platform modules already initialized, skipping
Refreshing native plugins compatible for Editor in 0.47 ms, found 1 plugins.
Preloading 0 native plugins for Editor in 0.00 ms.
Unloading 2665 Unused Serialized files (Serialized files now loaded: 0)
System memory in use before: 185.3 MB.
System memory in use after: 185.5 MB.

Unloading 9 unused Assets to reduce memory usage. Loaded Objects now: 3185.
Total: 1.928882 ms (FindLiveObjects: 0.201719 ms CreateObjectMapping: 0.114556 ms MarkObjects: 1.598629 ms  DeleteObjects: 0.013032 ms)

========================================================================
Received Import Request.
  Time since last request: 331.180630 seconds.
  path: Assets/Bishop.cs
  artifactKey: Guid(81e4364d20c9648a2bf444037c8ebab1) Importer(815301076,1909f56bfc062723c751e8b465ee728b)
Start importing Assets/Bishop.cs using Guid(81e4364d20c9648a2bf444037c8ebab1) Importer(815301076,1909f56bfc062723c751e8b465ee728b)  -> (artifact id: 'dd49627d2915b99b265f40e1c4f3ea49') in 0.004913 seconds 
========================================================================
Received Import Request.
  Time since last request: 4.445125 seconds.
  path: Assets/King.cs
  artifactKey: Guid(c9df933bdc94a4ba08857d1b380e5322) Importer(815301076,1909f56bfc062723c751e8b465ee728b)
Start importing Assets/King.cs using Guid(c9df933bdc94a4ba08857d1b380e5322) Importer(815301076,1909f56bfc062723c751e8b465ee728b)  -> (artifact id: '18e12a43c47c8104f6414ff38258f147') in 0.001285 seconds 
========================================================================
Received Import Request.
  Time since last request: 4.296807 seconds.
  path: Assets/Pawn.cs
  artifactKey: Guid(e0ebe79687b89483cac85caf8eccc521) Importer(815301076,1909f56bfc062723c751e8b465ee728b)
Start importing Assets/Pawn.cs using Guid(e0ebe79687b89483cac85caf8eccc521) Importer(815301076,1909f56bfc062723c751e8b465ee728b)  -> (artifact id: '107c07adacd8e1a7df435c365f4f096b') in 0.001510 seconds 
========================================================================
Received Prepare
Registering precompiled user dll's ...
Registered in 0.047268 seconds.
Begin MonoManager ReloadAssembly
Native extension for OSXStandalone target not found
Refreshing native plugins compatible for Editor in 0.44 ms, found 1 plugins.
Preloading 0 native plugins for Editor in 0.00 ms.
Mono: successfully reloaded assembly
- Completed reload, in  0.981 seconds
Platform modules already initialized, skipping
Refreshing native plugins compatible for Editor in 0.67 ms, found 1 plugins.
Preloading 0 native plugins for Editor in 0.00 ms.
Unloading 2665 Unused Serialized files (Serialized files now loaded: 0)
System memory in use before: 185.5 MB.
System memory in use after: 185.7 MB.

Unloading 9 unused Assets to reduce memory usage. Loaded Objects now: 3188.
Total: 1.872393 ms (FindLiveObjects: 0.233120 ms CreateObjectMapping: 0.101923 ms MarkObjects: 1.524018 ms  DeleteObjects: 0.012386 ms)

========================================================================
Received Prepare
Registering precompiled user dll's ...
Registered in 0.046685 seconds.
Begin MonoManager ReloadAssembly
Native extension for OSXStandalone target not found
Refreshing native plugins compatible for Editor in 0.46 ms, found 1 plugins.
Preloading 0 native plugins for Editor in 0.00 ms.
Mono: successfully reloaded assembly
- Completed reload, in  0.968 seconds
Platform modules already initialized, skipping
Refreshing native plugins compatible for Editor in 0.65 ms, found 1 plugins.
Preloading 0 native plugins for Editor in 0.00 ms.
Unloading 2665 Unused Serialized files (Serialized files now loaded: 0)
System memory in use before: 185.7 MB.
System memory in use after: 185.9 MB.

Unloading 9 unused Assets to reduce memory usage. Loaded Objects now: 3191.
Total: 2.691756 ms (FindLiveObjects: 0.278203 ms CreateObjectMapping: 0.171845 ms MarkObjects: 2.225019 ms  DeleteObjects: 0.015398 ms)

========================================================================
Received Import Request.
  Time since last request: 194.936121 seconds.
  path: Assets/Scripts
  artifactKey: Guid(82bcdcbe5c98d401283d17d10728f737) Importer(815301076,1909f56bfc062723c751e8b465ee728b)
Start importing Assets/Scripts using Guid(82bcdcbe5c98d401283d17d10728f737) Importer(815301076,1909f56bfc062723c751e8b465ee728b)  -> (artifact id: 'c5b15712122ee3eb8f564753fdbb29e8') in 0.006221 seconds 
========================================================================
Received Import Request.
  Time since last request: 3.675069 seconds.
  path: Assets/Scripts/Knight.cs
  artifactKey: Guid(c97886e46e4884bbc9ca02dcb0f799f9) Importer(815301076,1909f56bfc062723c751e8b465ee728b)
Start importing Assets/Scripts/Knight.cs using Guid(c97886e46e4884bbc9ca02dcb0f799f9) Importer(815301076,1909f56bfc062723c751e8b465ee728b)  -> (artifact id: '11b7648c7ad8da1f99c239672d137407') in 0.005509 seconds 
========================================================================
Received Import Request.
  Time since last request: 2.123134 seconds.
  path: Assets/Scripts/Queen.cs
  artifactKey: Guid(75c52b4defbae4dd5b24b4ed1d701732) Importer(815301076,1909f56bfc062723c751e8b465ee728b)
Start importing Assets/Scripts/Queen.cs using Guid(75c52b4defbae4dd5b24b4ed1d701732) Importer(815301076,1909f56bfc062723c751e8b465ee728b)  -> (artifact id: '51ff0732a843e79a7178f35d2399306e') in 0.001357 seconds 
========================================================================
Received Import Request.
  Time since last request: 0.995025 seconds.
  path: Assets/Scripts/Rook.cs
  artifactKey: Guid(80a005662693249a09b9f9fc600e5841) Importer(815301076,1909f56bfc062723c751e8b465ee728b)
Start importing Assets/Scripts/Rook.cs using Guid(80a005662693249a09b9f9fc600e5841) Importer(815301076,1909f56bfc062723c751e8b465ee728b)  -> (artifact id: 'f627c3a8f6ebc100fccb24f10ab63840') in 0.001321 seconds 
========================================================================
Received Import Request.
  Time since last request: 360.776150 seconds.
  path: Assets/Materials/BlackPiece.mat
  artifactKey: Guid(419081b1892af484ca1bae2faf3a802a) Importer(815301076,1909f56bfc062723c751e8b465ee728b)
Start importing Assets/Materials/BlackPiece.mat using Guid(419081b1892af484ca1bae2faf3a802a) Importer(815301076,1909f56bfc062723c751e8b465ee728b)  -> (artifact id: '312392a102a91029942baa1c3cad16f3') in 0.069299 seconds 
========================================================================
Received Import Request.
  Time since last request: 0.000152 seconds.
  path: Assets/Materials/Border.mat
  artifactKey: Guid(69570496106ca41e2a4014c03dc9bd31) Importer(815301076,1909f56bfc062723c751e8b465ee728b)
Start importing Assets/Materials/Border.mat using Guid(69570496106ca41e2a4014c03dc9bd31) Importer(815301076,1909f56bfc062723c751e8b465ee728b)  -> (artifact id: '98cb6a6e611f448436887a24d2a1b934') in 0.007498 seconds 
========================================================================
Received Import Request.
  Time since last request: 0.000165 seconds.
  path: Assets/Materials/WhiteSquare.mat
  artifactKey: Guid(f0bc62495381d49548afae82361b7f32) Importer(815301076,1909f56bfc062723c751e8b465ee728b)
Start importing Assets/Materials/WhiteSquare.mat using Guid(f0bc62495381d49548afae82361b7f32) Importer(815301076,1909f56bfc062723c751e8b465ee728b)  -> (artifact id: '14f789fee60e530bd98b7699ee9994d1') in 0.007147 seconds 
========================================================================
Received Import Request.
  Time since last request: 0.000163 seconds.
  path: Assets/Materials/BlackSquare.mat
  artifactKey: Guid(bd6a928327a574c24b881759a789bb1c) Importer(815301076,1909f56bfc062723c751e8b465ee728b)
Start importing Assets/Materials/BlackSquare.mat using Guid(bd6a928327a574c24b881759a789bb1c) Importer(815301076,1909f56bfc062723c751e8b465ee728b)  -> (artifact id: 'c23d590ba69b81d4b26ee5530f86b1ef') in 0.006497 seconds 
========================================================================
Received Import Request.
  Time since last request: 0.000195 seconds.
  path: Assets/Materials/WhitePiece.mat
  artifactKey: Guid(33fc67c1af1e04b7c835293c9d1b7595) Importer(815301076,1909f56bfc062723c751e8b465ee728b)
Start importing Assets/Materials/WhitePiece.mat using Guid(33fc67c1af1e04b7c835293c9d1b7595) Importer(815301076,1909f56bfc062723c751e8b465ee728b)  -> (artifact id: '5db111116c45beae837cb96f3e7ac353') in 0.007896 seconds 
========================================================================
Received Prepare
Registering precompiled user dll's ...
Registered in 0.471471 seconds.
Begin MonoManager ReloadAssembly
Native extension for OSXStandalone target not found
Refreshing native plugins compatible for Editor in 0.48 ms, found 1 plugins.
Preloading 0 native plugins for Editor in 0.00 ms.
Mono: successfully reloaded assembly
- Completed reload, in  3.764 seconds
Platform modules already initialized, skipping
Refreshing native plugins compatible for Editor in 0.67 ms, found 1 plugins.
Preloading 0 native plugins for Editor in 0.00 ms.
Unloading 2665 Unused Serialized files (Serialized files now loaded: 0)
System memory in use before: 186.0 MB.
System memory in use after: 186.2 MB.

Unloading 9 unused Assets to reduce memory usage. Loaded Objects now: 3195.
Total: 2.697154 ms (FindLiveObjects: 0.350771 ms CreateObjectMapping: 0.185311 ms MarkObjects: 2.145156 ms  DeleteObjects: 0.014815 ms)

========================================================================
Received Import Request.
  Time since last request: 1679.165958 seconds.
  path: Assets/Materials/Ground.mat
  artifactKey: Guid(27deae12b406d4efc8945cab1e8a70ce) Importer(815301076,1909f56bfc062723c751e8b465ee728b)
Start importing Assets/Materials/Ground.mat using Guid(27deae12b406d4efc8945cab1e8a70ce) Importer(815301076,1909f56bfc062723c751e8b465ee728b)  -> (artifact id: 'f8e7dcdc43e7953d362a33675d1a13f1') in 0.063936 seconds 
========================================================================
Received Import Request.
  Time since last request: 32.810067 seconds.
  path: Assets/Materials/Table.mat
  artifactKey: Guid(7225c2c5fba964f9a9df500145d68b28) Importer(815301076,1909f56bfc062723c751e8b465ee728b)
Start importing Assets/Materials/Table.mat using Guid(7225c2c5fba964f9a9df500145d68b28) Importer(815301076,1909f56bfc062723c751e8b465ee728b)  -> (artifact id: 'd6def2a64af568384c54fbd648f675e3') in 0.008194 seconds 
========================================================================
Received Import Request.
  Time since last request: 690.718786 seconds.
  path: Assets/Materials/BlackSquare.mat
  artifactKey: Guid(bd6a928327a574c24b881759a789bb1c) Importer(815301076,1909f56bfc062723c751e8b465ee728b)
Start importing Assets/Materials/BlackSquare.mat using Guid(bd6a928327a574c24b881759a789bb1c) Importer(815301076,1909f56bfc062723c751e8b465ee728b)  -> (artifact id: 'aea5568ecd2228d9e822cecf256ca2d8') in 0.057985 seconds 
========================================================================
Received Import Request.
  Time since last request: 0.000193 seconds.
  path: Assets/Materials/Table.mat
  artifactKey: Guid(7225c2c5fba964f9a9df500145d68b28) Importer(815301076,1909f56bfc062723c751e8b465ee728b)
Start importing Assets/Materials/Table.mat using Guid(7225c2c5fba964f9a9df500145d68b28) Importer(815301076,1909f56bfc062723c751e8b465ee728b)  -> (artifact id: 'aa941b95df2d46fba6fd41f6c060fd4b') in 0.009287 seconds 
========================================================================
Received Import Request.
  Time since last request: 0.000179 seconds.
  path: Assets/Materials/Ground.mat
  artifactKey: Guid(27deae12b406d4efc8945cab1e8a70ce) Importer(815301076,1909f56bfc062723c751e8b465ee728b)
Start importing Assets/Materials/Ground.mat using Guid(27deae12b406d4efc8945cab1e8a70ce) Importer(815301076,1909f56bfc062723c751e8b465ee728b)  -> (artifact id: 'fe8eeba49b944b09b8194003e5779b4f') in 0.007505 seconds 
========================================================================
Received Prepare
Registering precompiled user dll's ...
Registered in 0.067878 seconds.
Begin MonoManager ReloadAssembly
Native extension for OSXStandalone target not found
Refreshing native plugins compatible for Editor in 0.59 ms, found 1 plugins.
Preloading 0 native plugins for Editor in 0.00 ms.
Mono: successfully reloaded assembly
- Completed reload, in  1.520 seconds
Platform modules already initialized, skipping
Refreshing native plugins compatible for Editor in 0.46 ms, found 1 plugins.
Preloading 0 native plugins for Editor in 0.00 ms.
Unloading 2665 Unused Serialized files (Serialized files now loaded: 0)
System memory in use before: 186.3 MB.
System memory in use after: 186.5 MB.

Unloading 9 unused Assets to reduce memory usage. Loaded Objects now: 3199.
Total: 2.821408 ms (FindLiveObjects: 0.295507 ms CreateObjectMapping: 0.136656 ms MarkObjects: 2.352157 ms  DeleteObjects: 0.035628 ms)

========================================================================
Received Prepare
Registering precompiled user dll's ...
Registered in 0.005425 seconds.
Begin MonoManager ReloadAssembly
Native extension for OSXStandalone target not found
Refreshing native plugins compatible for Editor in 0.51 ms, found 1 plugins.
Preloading 0 native plugins for Editor in 0.00 ms.
Mono: successfully reloaded assembly
- Completed reload, in  1.018 seconds
Platform modules already initialized, skipping
Refreshing native plugins compatible for Editor in 0.50 ms, found 1 plugins.
Preloading 0 native plugins for Editor in 0.00 ms.
Unloading 2666 Unused Serialized files (Serialized files now loaded: 0)
System memory in use before: 186.5 MB.
System memory in use after: 186.7 MB.

Unloading 9 unused Assets to reduce memory usage. Loaded Objects now: 3203.
Total: 2.137192 ms (FindLiveObjects: 0.221992 ms CreateObjectMapping: 0.129559 ms MarkObjects: 1.767768 ms  DeleteObjects: 0.016883 ms)

========================================================================
Received Prepare
Registering precompiled user dll's ...
Registered in 0.012770 seconds.
Begin MonoManager ReloadAssembly
Native extension for OSXStandalone target not found
Refreshing native plugins compatible for Editor in 0.53 ms, found 1 plugins.
Preloading 0 native plugins for Editor in 0.00 ms.
Mono: successfully reloaded assembly
- Completed reload, in  1.493 seconds
Platform modules already initialized, skipping
Refreshing native plugins compatible for Editor in 0.49 ms, found 1 plugins.
Preloading 0 native plugins for Editor in 0.00 ms.
Unloading 2666 Unused Serialized files (Serialized files now loaded: 0)
System memory in use before: 186.7 MB.
System memory in use after: 186.9 MB.

Unloading 9 unused Assets to reduce memory usage. Loaded Objects now: 3206.
Total: 2.003510 ms (FindLiveObjects: 0.208322 ms CreateObjectMapping: 0.104794 ms MarkObjects: 1.672588 ms  DeleteObjects: 0.016474 ms)

========================================================================
Received Import Request.
  Time since last request: 772.268770 seconds.
  path: Assets/Scripts/GameManager.cs
  artifactKey: Guid(370f0a0d413a345d88a6428e658acdf4) Importer(815301076,1909f56bfc062723c751e8b465ee728b)
Start importing Assets/Scripts/GameManager.cs using Guid(370f0a0d413a345d88a6428e658acdf4) Importer(815301076,1909f56bfc062723c751e8b465ee728b)  -> (artifact id: 'de27747eb11e723e437fc39842547387') in 0.011564 seconds 
========================================================================
Received Import Request.
  Time since last request: 324.352297 seconds.
  path: Assets/Scripts/GameManager.cs
  artifactKey: Guid(370f0a0d413a345d88a6428e658acdf4) Importer(815301076,1909f56bfc062723c751e8b465ee728b)
Start importing Assets/Scripts/GameManager.cs using Guid(370f0a0d413a345d88a6428e658acdf4) Importer(815301076,1909f56bfc062723c751e8b465ee728b)  -> (artifact id: 'e11d4e2d5c50fd92e02ef3eec5cee11c') in 0.001714 seconds 
========================================================================
Received Prepare
Registering precompiled user dll's ...
Registered in 0.009442 seconds.
Begin MonoManager ReloadAssembly
Native extension for OSXStandalone target not found
Refreshing native plugins compatible for Editor in 0.49 ms, found 1 plugins.
Preloading 0 native plugins for Editor in 0.00 ms.
Mono: successfully reloaded assembly
- Completed reload, in  1.769 seconds
Platform modules already initialized, skipping
Refreshing native plugins compatible for Editor in 0.47 ms, found 1 plugins.
Preloading 0 native plugins for Editor in 0.00 ms.
Unloading 2666 Unused Serialized files (Serialized files now loaded: 0)
System memory in use before: 186.8 MB.
System memory in use after: 187.1 MB.

Unloading 9 unused Assets to reduce memory usage. Loaded Objects now: 3209.
Total: 1.912212 ms (FindLiveObjects: 0.267303 ms CreateObjectMapping: 0.115393 ms MarkObjects: 1.511033 ms  DeleteObjects: 0.017504 ms)

========================================================================
Received Prepare
Registering precompiled user dll's ...
Registered in 0.018912 seconds.
Begin MonoManager ReloadAssembly
Native extension for OSXStandalone target not found
Refreshing native plugins compatible for Editor in 0.49 ms, found 1 plugins.
Preloading 0 native plugins for Editor in 0.00 ms.
Mono: successfully reloaded assembly
- Completed reload, in  1.107 seconds
Platform modules already initialized, skipping
Refreshing native plugins compatible for Editor in 0.68 ms, found 1 plugins.
Preloading 0 native plugins for Editor in 0.00 ms.
Unloading 2666 Unused Serialized files (Serialized files now loaded: 0)
System memory in use before: 187.0 MB.
System memory in use after: 187.3 MB.

Unloading 9 unused Assets to reduce memory usage. Loaded Objects now: 3212.
Total: 2.284055 ms (FindLiveObjects: 0.241649 ms CreateObjectMapping: 0.138303 ms MarkObjects: 1.888754 ms  DeleteObjects: 0.014456 ms)

========================================================================
Received Prepare
Registering precompiled user dll's ...
Registered in 0.027745 seconds.
Begin MonoManager ReloadAssembly
Native extension for OSXStandalone target not found
Refreshing native plugins compatible for Editor in 0.68 ms, found 1 plugins.
Preloading 0 native plugins for Editor in 0.00 ms.
Mono: successfully reloaded assembly
- Completed reload, in  1.327 seconds
Platform modules already initialized, skipping
Refreshing native plugins compatible for Editor in 0.53 ms, found 1 plugins.
Preloading 0 native plugins for Editor in 0.00 ms.
Unloading 2666 Unused Serialized files (Serialized files now loaded: 0)
System memory in use before: 187.3 MB.
System memory in use after: 187.5 MB.

Unloading 9 unused Assets to reduce memory usage. Loaded Objects now: 3215.
Total: 2.885295 ms (FindLiveObjects: 0.375368 ms CreateObjectMapping: 0.184771 ms MarkObjects: 2.283673 ms  DeleteObjects: 0.040255 ms)

========================================================================
Received Prepare
Registering precompiled user dll's ...
Registered in 0.153597 seconds.
Begin MonoManager ReloadAssembly
Native extension for OSXStandalone target not found
Refreshing native plugins compatible for Editor in 90.43 ms, found 1 plugins.
Preloading 0 native plugins for Editor in 0.00 ms.
Mono: successfully reloaded assembly
- Completed reload, in  1.372 seconds
Platform modules already initialized, skipping
Shader 'Universal Render Pipeline/Nature/SpeedTree7': dependency 'BillboardShader' shader 'Universal Render Pipeline/Nature/SpeedTree7 Billboard' not found
Shader 'Universal Render Pipeline/Baked Lit': fallback shader 'Universal Render Pipeline/Unlit' not found
Shader 'Universal Render Pipeline/Simple Lit': fallback shader 'Hidden/Universal Render Pipeline/FallbackError' not found
Shader 'Universal Render Pipeline/Terrain/Lit': fallback shader 'Hidden/Universal Render Pipeline/FallbackError' not found
Shader 'Universal Render Pipeline/Terrain/Lit': dependency 'AddPassShader' shader 'Hidden/Universal Render Pipeline/Terrain/Lit (Add Pass)' not found
Shader 'Universal Render Pipeline/Terrain/Lit': dependency 'BaseMapShader' shader 'Hidden/Universal Render Pipeline/Terrain/Lit (Base Pass)' not found
Shader 'Universal Render Pipeline/Terrain/Lit': dependency 'BaseMapGenShader' shader 'Hidden/Universal Render Pipeline/Terrain/Lit (Basemap Gen)' not found
Shader 'Hidden/Universal Render Pipeline/Terrain/Lit (Add Pass)': fallback shader 'Hidden/Universal Render Pipeline/FallbackError' not found
Shader 'Hidden/Universal Render Pipeline/Terrain/Lit (Base Pass)': fallback shader 'Hidden/Universal Render Pipeline/FallbackError' not found
Shader 'Universal Render Pipeline/Particles/Lit': fallback shader 'Universal Render Pipeline/Particles/SimpleLit' not found
Shader 'Universal Render Pipeline/Particles/Lit': fallback shader 'Universal Render Pipeline/Particles/SimpleLit' not found
Refreshing native plugins compatible for Editor in 0.93 ms, found 1 plugins.
Preloading 0 native plugins for Editor in 0.00 ms.
Unloading 3939 Unused Serialized files (Serialized files now loaded: 0)
System memory in use before: 250.0 MB.
System memory in use after: 245.9 MB.

Unloading 65 unused Assets to reduce memory usage. Loaded Objects now: 4435.
Total: 3.785798 ms (FindLiveObjects: 0.307213 ms CreateObjectMapping: 0.180189 ms MarkObjects: 1.729051 ms  DeleteObjects: 1.568478 ms)

========================================================================
Received Import Request.
  Time since last request: 27123.668243 seconds.
  path: Assets/Config
  artifactKey: Guid(b51b26746f21541e9918cfc85eeb3b76) Importer(815301076,1909f56bfc062723c751e8b465ee728b)
Start importing Assets/Config using Guid(b51b26746f21541e9918cfc85eeb3b76) Importer(815301076,1909f56bfc062723c751e8b465ee728b)  -> (artifact id: '833fe32c26c947ad5476503aef3a4977') in 0.083456 seconds 
========================================================================
Received Import Request.
  Time since last request: 33.843733 seconds.
  path: Assets/Config/UniversalRenderPipelineAsset.asset
  artifactKey: Guid(fac4503fcdc2142b2b0ab8ad22b410c0) Importer(815301076,1909f56bfc062723c751e8b465ee728b)
Start importing Assets/Config/UniversalRenderPipelineAsset.asset using Guid(fac4503fcdc2142b2b0ab8ad22b410c0) Importer(815301076,1909f56bfc062723c751e8b465ee728b)  -> (artifact id: 'dfe461cce839311de90d485de66ca284') in 0.644700 seconds 
========================================================================
Received Import Request.
  Time since last request: 0.000283 seconds.
  path: Assets/Config/UniversalRenderPipelineAsset_Renderer.asset
  artifactKey: Guid(115deb1b2504e4e0f9100bfc915b44ce) Importer(815301076,1909f56bfc062723c751e8b465ee728b)
Start importing Assets/Config/UniversalRenderPipelineAsset_Renderer.asset using Guid(115deb1b2504e4e0f9100bfc915b44ce) Importer(815301076,1909f56bfc062723c751e8b465ee728b)  -> (artifact id: '2ab07c30c04544ab8422add645f431db') in 0.008989 seconds 
========================================================================
Received Prepare
Switching render pipeline 00000000000000000000000000000000 -> fac4503fcdc2142b2b0ab8ad22b410c0
Shader 'Universal Render Pipeline/Particles/Lit': fallback shader 'Universal Render Pipeline/Particles/SimpleLit' not found
Shader 'Universal Render Pipeline/Particles/Lit': fallback shader 'Universal Render Pipeline/Particles/SimpleLit' not found
Refreshing native plugins compatible for Editor in 8.37 ms, found 1 plugins.
Preloading 0 native plugins for Editor in 0.00 ms.
Unloading 66 Unused Serialized files (Serialized files now loaded: 0)
System memory in use before: 178.2 MB.
System memory in use after: 174.5 MB.

Unloading 55 unused Assets to reduce memory usage. Loaded Objects now: 4446.
Total: 11.449533 ms (FindLiveObjects: 0.373230 ms CreateObjectMapping: 0.198836 ms MarkObjects: 9.319343 ms  DeleteObjects: 1.557232 ms)

========================================================================
Received Import Request.
  Time since last request: 72.704468 seconds.
  path: Assets/Config/UniversalRenderPipelineAsset.asset
  artifactKey: Guid(fac4503fcdc2142b2b0ab8ad22b410c0) Importer(815301076,1909f56bfc062723c751e8b465ee728b)
Start importing Assets/Config/UniversalRenderPipelineAsset.asset using Guid(fac4503fcdc2142b2b0ab8ad22b410c0) Importer(815301076,1909f56bfc062723c751e8b465ee728b)  -> (artifact id: '65484bd4946371578f3df695bcda7275') in 0.002833 seconds 
========================================================================
Received Import Request.
  Time since last request: 0.000170 seconds.
  path: Assets/Config/UniversalRenderPipelineAsset_Renderer.asset
  artifactKey: Guid(115deb1b2504e4e0f9100bfc915b44ce) Importer(815301076,1909f56bfc062723c751e8b465ee728b)
Start importing Assets/Config/UniversalRenderPipelineAsset_Renderer.asset using Guid(115deb1b2504e4e0f9100bfc915b44ce) Importer(815301076,1909f56bfc062723c751e8b465ee728b)  -> (artifact id: '242c7d922d4692466c8edf6caa6d9093') in 0.002398 seconds 
========================================================================
Received Import Request.
  Time since last request: 27.042538 seconds.
  path: Assets/Prefabs/Chess Scene.blend
  artifactKey: Guid(26b92892c50c54538bfc2fc33c85db3f) Importer(815301076,1909f56bfc062723c751e8b465ee728b)
Start importing Assets/Prefabs/Chess Scene.blend using Guid(26b92892c50c54538bfc2fc33c85db3f) Importer(815301076,1909f56bfc062723c751e8b465ee728b) Shader error in 'Universal Render Pipeline/Lit': Couldn't open include file 'Packages/com.unity.render-pipelines.universal/Shaders/LitInput.hlsl'. at line 137

Compiling Vertex program with _ADDITIONAL_LIGHTS
Platform defines: UNITY_ENABLE_REFLECTION_BUFFERS UNITY_USE_DITHER_MASK_FOR_ALPHABLENDED_SHADOWS UNITY_PBS_USE_BRDF1 UNITY_SPECCUBE_BOX_PROJECTION UNITY_SPECCUBE_BLENDING UNITY_ENABLE_DETAIL_NORMALMAP SHADER_API_DESKTOP UNITY_COLORSPACE_GAMMA UNITY_LIGHT_PROBE_PROXY_VOLUME UNITY_LIGHTMAP_FULL_HDR
Disabled keywords: _MAIN_LIGHT_SHADOWS _MAIN_LIGHT_SHADOWS_CASCADE _MAIN_LIGHT_SHADOWS_SCREEN _ADDITIONAL_LIGHTS_VERTEX LIGHTMAP_SHADOW_MIXING SHADOWS_SHADOWMASK DIRLIGHTMAP_COMBINED LIGHTMAP_ON DOTS_INSTANCING_ON FOG_LINEAR FOG_EXP FOG_EXP2 INSTANCING_ON _NORMALMAP _PARALLAXMAP _DETAIL_MULX2 _DETAIL_SCALED _RECEIVE_SHADOWS_OFF UNITY_NO_DXT5nm UNITY_ENABLE_NATIVE_SHADOW_LOOKUPS UNITY_METAL_SHADOWS_USE_POINT_FILTERING UNITY_NO_SCREENSPACE_SHADOWS UNITY_PBS_USE_BRDF2 UNITY_PBS_USE_BRDF3 UNITY_NO_FULL_STANDARD_SHADER UNITY_HARDWARE_TIER1 UNITY_HARDWARE_TIER2 UNITY_HARDWARE_TIER3 UNITY_HALF_PRECISION_FRAGMENT_SHADER_REGISTERS UNITY_LIGHTMAP_DLDR_ENCODING UNITY_LIGHTMAP_RGBM_ENCODING UNITY_VIRTUAL_TEXTURING UNITY_PRETRANSFORM_TO_DISPLAY_ORIENTATION UNITY_ASTC_NORMALMAP_ENCODING SHADER_API_GLES30

Shader error in 'Universal Render Pipeline/Lit': Couldn't open include file 'Packages/com.unity.render-pipelines.universal/Shaders/LitInput.hlsl'. at line 137

Compiling Vertex program with _ADDITIONAL_LIGHTS
Platform defines: UNITY_ENABLE_REFLECTION_BUFFERS UNITY_USE_DITHER_MASK_FOR_ALPHABLENDED_SHADOWS UNITY_PBS_USE_BRDF1 UNITY_SPECCUBE_BOX_PROJECTION UNITY_SPECCUBE_BLENDING UNITY_ENABLE_DETAIL_NORMALMAP SHADER_API_DESKTOP UNITY_COLORSPACE_GAMMA UNITY_LIGHT_PROBE_PROXY_VOLUME UNITY_LIGHTMAP_FULL_HDR
Disabled keywords: _MAIN_LIGHT_SHADOWS _MAIN_LIGHT_SHADOWS_CASCADE _MAIN_LIGHT_SHADOWS_SCREEN _ADDITIONAL_LIGHTS_VERTEX LIGHTMAP_SHADOW_MIXING SHADOWS_SHADOWMASK DIRLIGHTMAP_COMBINED LIGHTMAP_ON DOTS_INSTANCING_ON FOG_LINEAR FOG_EXP FOG_EXP2 INSTANCING_ON _NORMALMAP _PARALLAXMAP _DETAIL_MULX2 _DETAIL_SCALED _RECEIVE_SHADOWS_OFF UNITY_NO_DXT5nm UNITY_ENABLE_NATIVE_SHADOW_LOOKUPS UNITY_METAL_SHADOWS_USE_POINT_FILTERING UNITY_NO_SCREENSPACE_SHADOWS UNITY_PBS_USE_BRDF2 UNITY_PBS_USE_BRDF3 UNITY_NO_FULL_STANDARD_SHADER UNITY_HARDWARE_TIER1 UNITY_HARDWARE_TIER2 UNITY_HARDWARE_TIER3 UNITY_HALF_PRECISION_FRAGMENT_SHADER_REGISTERS UNITY_LIGHTMAP_DLDR_ENCODING UNITY_LIGHTMAP_RGBM_ENCODING UNITY_VIRTUAL_TEXTURING UNITY_PRETRANSFORM_TO_DISPLAY_ORIENTATION UNITY_ASTC_NORMALMAP_ENCODING SHADER_API_GLES30

 -> (artifact id: '6b3406064ce7e9e55419339c31050159') in 1.391019 seconds 
========================================================================
Received Import Request.
  Time since last request: 0.000196 seconds.
  path: Assets/Materials/Table.mat
  artifactKey: Guid(7225c2c5fba964f9a9df500145d68b28) Importer(815301076,1909f56bfc062723c751e8b465ee728b)
Start importing Assets/Materials/Table.mat using Guid(7225c2c5fba964f9a9df500145d68b28) Importer(815301076,1909f56bfc062723c751e8b465ee728b)  -> (artifact id: 'a776cc4cfd266bc42e3c1e83460121e9') in 0.022085 seconds 
========================================================================
Received Import Request.
  Time since last request: 0.000164 seconds.
  path: Assets/Materials/Border.mat
  artifactKey: Guid(69570496106ca41e2a4014c03dc9bd31) Importer(815301076,1909f56bfc062723c751e8b465ee728b)
Start importing Assets/Materials/Border.mat using Guid(69570496106ca41e2a4014c03dc9bd31) Importer(815301076,1909f56bfc062723c751e8b465ee728b)  -> (artifact id: '1dd4f78cbefe504337e5e73a8e632c61') in 0.008062 seconds 
========================================================================
Received Import Request.
  Time since last request: 0.000163 seconds.
  path: Assets/Materials/BlackPiece.mat
  artifactKey: Guid(419081b1892af484ca1bae2faf3a802a) Importer(815301076,1909f56bfc062723c751e8b465ee728b)
Start importing Assets/Materials/BlackPiece.mat using Guid(419081b1892af484ca1bae2faf3a802a) Importer(815301076,1909f56bfc062723c751e8b465ee728b)  -> (artifact id: 'e667af4ab7c943d57833a9abc5fee2c9') in 0.006560 seconds 
========================================================================
Received Import Request.
  Time since last request: 0.000181 seconds.
  path: Assets/Materials/WhiteSquare.mat
  artifactKey: Guid(f0bc62495381d49548afae82361b7f32) Importer(815301076,1909f56bfc062723c751e8b465ee728b)
Start importing Assets/Materials/WhiteSquare.mat using Guid(f0bc62495381d49548afae82361b7f32) Importer(815301076,1909f56bfc062723c751e8b465ee728b)  -> (artifact id: '833902f8cca37f0a41fdf535cb3c0166') in 0.006902 seconds 
========================================================================
Received Import Request.
  Time since last request: 0.000177 seconds.
  path: Assets/Materials/BlackSquare.mat
  artifactKey: Guid(bd6a928327a574c24b881759a789bb1c) Importer(815301076,1909f56bfc062723c751e8b465ee728b)
Start importing Assets/Materials/BlackSquare.mat using Guid(bd6a928327a574c24b881759a789bb1c) Importer(815301076,1909f56bfc062723c751e8b465ee728b)  -> (artifact id: 'd03d5dfee373329729202e6d954f17f2') in 0.006701 seconds 
========================================================================
Received Import Request.
  Time since last request: 0.000175 seconds.
  path: Assets/Materials/WhitePiece.mat
  artifactKey: Guid(33fc67c1af1e04b7c835293c9d1b7595) Importer(815301076,1909f56bfc062723c751e8b465ee728b)
Start importing Assets/Materials/WhitePiece.mat using Guid(33fc67c1af1e04b7c835293c9d1b7595) Importer(815301076,1909f56bfc062723c751e8b465ee728b)  -> (artifact id: '622c64388feb9bb6f7b0c119fcb41dd0') in 0.006919 seconds 
========================================================================
Received Import Request.
  Time since last request: 0.000188 seconds.
  path: Assets/Materials/Ground.mat
  artifactKey: Guid(27deae12b406d4efc8945cab1e8a70ce) Importer(815301076,1909f56bfc062723c751e8b465ee728b)
Start importing Assets/Materials/Ground.mat using Guid(27deae12b406d4efc8945cab1e8a70ce) Importer(815301076,1909f56bfc062723c751e8b465ee728b)  -> (artifact id: '2a1f0e90b3b06df0c70f12093f5864a3') in 0.008533 seconds 
========================================================================
Received Import Request.
  Time since last request: 32.189364 seconds.
  path: Packages/com.unity.render-pipelines.universal/Shaders/Unity.RenderPipelines.Universal.Shaders.asmdef
  artifactKey: Guid(b4517ec124862cb4bb3b8b27d72843a6) Importer(815301076,1909f56bfc062723c751e8b465ee728b)
Start importing Packages/com.unity.render-pipelines.universal/Shaders/Unity.RenderPipelines.Universal.Shaders.asmdef using Guid(b4517ec124862cb4bb3b8b27d72843a6) Importer(815301076,1909f56bfc062723c751e8b465ee728b)  -> (artifact id: '24a21f6db8acf3da87636544542fce91') in 0.153158 seconds 
========================================================================
Received Prepare
Registering precompiled user dll's ...
Registered in 0.057780 seconds.
Begin MonoManager ReloadAssembly
Native extension for OSXStandalone target not found
Refreshing native plugins compatible for Editor in 0.62 ms, found 1 plugins.
Preloading 0 native plugins for Editor in 0.00 ms.
Mono: successfully reloaded assembly
- Completed reload, in  1.503 seconds
Platform modules already initialized, skipping
Switching render pipeline 00000000000000000000000000000000 -> fac4503fcdc2142b2b0ab8ad22b410c0
Shader 'Universal Render Pipeline/Particles/Lit': fallback shader 'Universal Render Pipeline/Particles/SimpleLit' not found
Shader 'Universal Render Pipeline/Particles/Lit': fallback shader 'Universal Render Pipeline/Particles/SimpleLit' not found
Refreshing native plugins compatible for Editor in 1.07 ms, found 1 plugins.
Preloading 0 native plugins for Editor in 0.00 ms.
Unloading 3932 Unused Serialized files (Serialized files now loaded: 0)
System memory in use before: 262.4 MB.
System memory in use after: 259.0 MB.

Unloading 58 unused Assets to reduce memory usage. Loaded Objects now: 4489.
Total: 5.098282 ms (FindLiveObjects: 0.496400 ms CreateObjectMapping: 0.361356 ms MarkObjects: 2.383663 ms  DeleteObjects: 1.855737 ms)

========================================================================
Received Prepare
Shader 'Universal Render Pipeline/Particles/Lit': fallback shader 'Universal Render Pipeline/Particles/SimpleLit' not found
Shader 'Universal Render Pipeline/Particles/Lit': fallback shader 'Universal Render Pipeline/Particles/SimpleLit' not found
Refreshing native plugins compatible for Editor in 1.33 ms, found 1 plugins.
Preloading 0 native plugins for Editor in 0.00 ms.
Unloading 54 Unused Serialized files (Serialized files now loaded: 0)
System memory in use before: 185.7 MB.
System memory in use after: 182.0 MB.

Unloading 64 unused Assets to reduce memory usage. Loaded Objects now: 4479.
Total: 3.989773 ms (FindLiveObjects: 0.306769 ms CreateObjectMapping: 0.184025 ms MarkObjects: 1.809627 ms  DeleteObjects: 1.688488 ms)

========================================================================
Received Prepare
Switching render pipeline 00000000000000000000000000000000 -> fac4503fcdc2142b2b0ab8ad22b410c0
Shader 'Universal Render Pipeline/Particles/Lit': fallback shader 'Universal Render Pipeline/Particles/SimpleLit' not found
Shader 'Universal Render Pipeline/Particles/Lit': fallback shader 'Universal Render Pipeline/Particles/SimpleLit' not found
Refreshing native plugins compatible for Editor in 14.13 ms, found 1 plugins.
Preloading 0 native plugins for Editor in 0.00 ms.
Unloading 64 Unused Serialized files (Serialized files now loaded: 0)
System memory in use before: 186.4 MB.
System memory in use after: 183.0 MB.

Unloading 54 unused Assets to reduce memory usage. Loaded Objects now: 4489.
Total: 4.752076 ms (FindLiveObjects: 0.525940 ms CreateObjectMapping: 0.360472 ms MarkObjects: 2.250178 ms  DeleteObjects: 1.614353 ms)

========================================================================
Received Import Request.
  Time since last request: 564.460679 seconds.
  path: Assets/Materials/New Material.mat
  artifactKey: Guid(d891c238c25a04a12a6ab86b4b29280f) Importer(815301076,1909f56bfc062723c751e8b465ee728b)
Start importing Assets/Materials/New Material.mat using Guid(d891c238c25a04a12a6ab86b4b29280f) Importer(815301076,1909f56bfc062723c751e8b465ee728b)  -> (artifact id: 'f6c2b4d2ce9dc29ebf820b7a9c57b579') in 0.271584 seconds 
========================================================================
Received Import Request.
  Time since last request: 43.552151 seconds.
  path: Assets/Materials/BlackPiece.mat
  artifactKey: Guid(419081b1892af484ca1bae2faf3a802a) Importer(815301076,1909f56bfc062723c751e8b465ee728b)
Start importing Assets/Materials/BlackPiece.mat using Guid(419081b1892af484ca1bae2faf3a802a) Importer(815301076,1909f56bfc062723c751e8b465ee728b)  -> (artifact id: '872d6e97a632060ad9384cd93e543bf1') in 0.008442 seconds 
========================================================================
Received Import Request.
  Time since last request: 0.000373 seconds.
  path: Assets/Materials/Table.mat
  artifactKey: Guid(7225c2c5fba964f9a9df500145d68b28) Importer(815301076,1909f56bfc062723c751e8b465ee728b)
Start importing Assets/Materials/Table.mat using Guid(7225c2c5fba964f9a9df500145d68b28) Importer(815301076,1909f56bfc062723c751e8b465ee728b)  -> (artifact id: 'b3853bf3648b882da89674752a7c9f84') in 0.009505 seconds 
========================================================================
Received Import Request.
  Time since last request: 0.000149 seconds.
  path: Assets/Materials/Border.mat
  artifactKey: Guid(69570496106ca41e2a4014c03dc9bd31) Importer(815301076,1909f56bfc062723c751e8b465ee728b)
Start importing Assets/Materials/Border.mat using Guid(69570496106ca41e2a4014c03dc9bd31) Importer(815301076,1909f56bfc062723c751e8b465ee728b)  -> (artifact id: '143c7d73fe624029dd6e08e2a0586ec1') in 0.062862 seconds 
========================================================================
Received Import Request.
  Time since last request: 0.000160 seconds.
  path: Assets/Materials/WhiteSquare.mat
  artifactKey: Guid(f0bc62495381d49548afae82361b7f32) Importer(815301076,1909f56bfc062723c751e8b465ee728b)
Start importing Assets/Materials/WhiteSquare.mat using Guid(f0bc62495381d49548afae82361b7f32) Importer(815301076,1909f56bfc062723c751e8b465ee728b)  -> (artifact id: '33fe66c433f515c416603aed83c15b51') in 0.007875 seconds 
========================================================================
Received Import Request.
  Time since last request: 0.000207 seconds.
  path: Assets/Materials/BlackSquare.mat
  artifactKey: Guid(bd6a928327a574c24b881759a789bb1c) Importer(815301076,1909f56bfc062723c751e8b465ee728b)
Start importing Assets/Materials/BlackSquare.mat using Guid(bd6a928327a574c24b881759a789bb1c) Importer(815301076,1909f56bfc062723c751e8b465ee728b)  -> (artifact id: 'ad4e430cd7c043b3dc60dea9908800eb') in 0.008194 seconds 
========================================================================
Received Import Request.
  Time since last request: 0.000216 seconds.
  path: Assets/Materials/WhitePiece.mat
  artifactKey: Guid(33fc67c1af1e04b7c835293c9d1b7595) Importer(815301076,1909f56bfc062723c751e8b465ee728b)
Start importing Assets/Materials/WhitePiece.mat using Guid(33fc67c1af1e04b7c835293c9d1b7595) Importer(815301076,1909f56bfc062723c751e8b465ee728b)  -> (artifact id: '00501065a62bcc91e34adabf973df74e') in 0.006955 seconds 
========================================================================
Received Import Request.
  Time since last request: 0.000237 seconds.
  path: Assets/Materials/Ground.mat
  artifactKey: Guid(27deae12b406d4efc8945cab1e8a70ce) Importer(815301076,1909f56bfc062723c751e8b465ee728b)
Start importing Assets/Materials/Ground.mat using Guid(27deae12b406d4efc8945cab1e8a70ce) Importer(815301076,1909f56bfc062723c751e8b465ee728b)  -> (artifact id: '9d32c6a2cbc366a9234ddf02b6a18d31') in 0.006947 seconds 
========================================================================
Received Import Request.
  Time since last request: 35.905330 seconds.
  path: Assets/Scripts/Chessboard.cs
  artifactKey: Guid(a65da7ac8c7054270892dee1dc407b95) Importer(815301076,1909f56bfc062723c751e8b465ee728b)
Start importing Assets/Scripts/Chessboard.cs using Guid(a65da7ac8c7054270892dee1dc407b95) Importer(815301076,1909f56bfc062723c751e8b465ee728b)  -> (artifact id: '0fdcea87caa54e76babbe513ad6b6ce3') in 0.012152 seconds 
========================================================================
Received Prepare
Registering precompiled user dll's ...
Registered in 0.012697 seconds.
Begin MonoManager ReloadAssembly
Native extension for OSXStandalone target not found
Refreshing native plugins compatible for Editor in 0.71 ms, found 1 plugins.
Preloading 0 native plugins for Editor in 0.00 ms.
Mono: successfully reloaded assembly
- Completed reload, in  1.349 seconds
Platform modules already initialized, skipping
Shader 'Universal Render Pipeline/Particles/Lit': fallback shader 'Universal Render Pipeline/Particles/SimpleLit' not found
Shader 'Universal Render Pipeline/Particles/Lit': fallback shader 'Universal Render Pipeline/Particles/SimpleLit' not found
Refreshing native plugins compatible for Editor in 0.72 ms, found 1 plugins.
Preloading 0 native plugins for Editor in 0.00 ms.
Unloading 3931 Unused Serialized files (Serialized files now loaded: 0)
System memory in use before: 263.0 MB.
System memory in use after: 259.6 MB.

Unloading 56 unused Assets to reduce memory usage. Loaded Objects now: 4529.
Total: 5.086207 ms (FindLiveObjects: 0.404099 ms CreateObjectMapping: 0.302510 ms MarkObjects: 2.730310 ms  DeleteObjects: 1.648018 ms)

========================================================================
Received Import Request.
  Time since last request: 695.660628 seconds.
  path: Assets/Scripts/Chessboard.cs
  artifactKey: Guid(a65da7ac8c7054270892dee1dc407b95) Importer(815301076,1909f56bfc062723c751e8b465ee728b)
Start importing Assets/Scripts/Chessboard.cs using Guid(a65da7ac8c7054270892dee1dc407b95) Importer(815301076,1909f56bfc062723c751e8b465ee728b)  -> (artifact id: '7f7c23390910a3d2074a215821f42c88') in 0.019863 seconds 
========================================================================
Received Import Request.
  Time since last request: 29.070176 seconds.
  path: Assets/Scripts/Chessboard.cs
  artifactKey: Guid(a65da7ac8c7054270892dee1dc407b95) Importer(815301076,1909f56bfc062723c751e8b465ee728b)
Start importing Assets/Scripts/Chessboard.cs using Guid(a65da7ac8c7054270892dee1dc407b95) Importer(815301076,1909f56bfc062723c751e8b465ee728b)  -> (artifact id: '9a2a093e9cf00cb714724ae70a48d516') in 0.001526 seconds 
========================================================================
Received Import Request.
  Time since last request: 13.684428 seconds.
  path: Assets/Scripts/Chessboard.cs
  artifactKey: Guid(a65da7ac8c7054270892dee1dc407b95) Importer(815301076,1909f56bfc062723c751e8b465ee728b)
Start importing Assets/Scripts/Chessboard.cs using Guid(a65da7ac8c7054270892dee1dc407b95) Importer(815301076,1909f56bfc062723c751e8b465ee728b)  -> (artifact id: '031e37af6d018a80d82e1601c3cd42a9') in 0.003019 seconds 
========================================================================
Received Import Request.
  Time since last request: 26.405454 seconds.
  path: Assets/Scripts/Chessboard.cs
  artifactKey: Guid(a65da7ac8c7054270892dee1dc407b95) Importer(815301076,1909f56bfc062723c751e8b465ee728b)
Start importing Assets/Scripts/Chessboard.cs using Guid(a65da7ac8c7054270892dee1dc407b95) Importer(815301076,1909f56bfc062723c751e8b465ee728b)  -> (artifact id: '5d8b6c03ee48a2a52e69dd458db8aa74') in 0.002013 seconds 
========================================================================
Received Import Request.
  Time since last request: 79.572261 seconds.
  path: Assets/Scripts/Chessboard.cs
  artifactKey: Guid(a65da7ac8c7054270892dee1dc407b95) Importer(815301076,1909f56bfc062723c751e8b465ee728b)
Start importing Assets/Scripts/Chessboard.cs using Guid(a65da7ac8c7054270892dee1dc407b95) Importer(815301076,1909f56bfc062723c751e8b465ee728b)  -> (artifact id: 'b1088ed8b35ac0725aebe1d8bcd81ba0') in 0.002592 seconds 
========================================================================
Received Import Request.
  Time since last request: 18.620877 seconds.
  path: Assets/Scripts/Chessboard.cs
  artifactKey: Guid(a65da7ac8c7054270892dee1dc407b95) Importer(815301076,1909f56bfc062723c751e8b465ee728b)
Start importing Assets/Scripts/Chessboard.cs using Guid(a65da7ac8c7054270892dee1dc407b95) Importer(815301076,1909f56bfc062723c751e8b465ee728b)  -> (artifact id: '017f9de91cab35beeb53aa41b486d34c') in 0.002218 seconds 
========================================================================
Received Import Request.
  Time since last request: 40.117019 seconds.
  path: Assets/Scripts/Chessboard.cs
  artifactKey: Guid(a65da7ac8c7054270892dee1dc407b95) Importer(815301076,1909f56bfc062723c751e8b465ee728b)
Start importing Assets/Scripts/Chessboard.cs using Guid(a65da7ac8c7054270892dee1dc407b95) Importer(815301076,1909f56bfc062723c751e8b465ee728b)  -> (artifact id: '91f65963a9e767671bae4e3fc07bd98a') in 0.001834 seconds 
========================================================================
Received Import Request.
  Time since last request: 186.736124 seconds.
  path: Assets/Scripts/Chessboard.cs
  artifactKey: Guid(a65da7ac8c7054270892dee1dc407b95) Importer(815301076,1909f56bfc062723c751e8b465ee728b)
Start importing Assets/Scripts/Chessboard.cs using Guid(a65da7ac8c7054270892dee1dc407b95) Importer(815301076,1909f56bfc062723c751e8b465ee728b)  -> (artifact id: '658c954c4c9091f6bc85ad72817b5037') in 0.001859 seconds 
========================================================================
Received Prepare
Registering precompiled user dll's ...
Registered in 0.011594 seconds.
Begin MonoManager ReloadAssembly
Native extension for OSXStandalone target not found
Refreshing native plugins compatible for Editor in 0.66 ms, found 1 plugins.
Preloading 0 native plugins for Editor in 0.00 ms.
Mono: successfully reloaded assembly
- Completed reload, in  1.539 seconds
Platform modules already initialized, skipping
Shader 'Universal Render Pipeline/Particles/Lit': fallback shader 'Universal Render Pipeline/Particles/SimpleLit' not found
Shader 'Universal Render Pipeline/Particles/Lit': fallback shader 'Universal Render Pipeline/Particles/SimpleLit' not found
Refreshing native plugins compatible for Editor in 0.70 ms, found 1 plugins.
Preloading 0 native plugins for Editor in 0.00 ms.
Unloading 3931 Unused Serialized files (Serialized files now loaded: 0)
System memory in use before: 263.2 MB.
System memory in use after: 259.8 MB.

Unloading 56 unused Assets to reduce memory usage. Loaded Objects now: 4532.
Total: 4.201934 ms (FindLiveObjects: 0.393560 ms CreateObjectMapping: 0.208461 ms MarkObjects: 2.052227 ms  DeleteObjects: 1.546773 ms)

========================================================================
Received Import Request.
  Time since last request: 38.473360 seconds.
  path: Assets/Scripts/Chessboard.cs
  artifactKey: Guid(a65da7ac8c7054270892dee1dc407b95) Importer(815301076,1909f56bfc062723c751e8b465ee728b)
Start importing Assets/Scripts/Chessboard.cs using Guid(a65da7ac8c7054270892dee1dc407b95) Importer(815301076,1909f56bfc062723c751e8b465ee728b)  -> (artifact id: '3df5d18c4be6122ce0e3eecb30a1390e') in 0.005677 seconds 
========================================================================
Received Prepare
Registering precompiled user dll's ...
Registered in 0.018062 seconds.
Begin MonoManager ReloadAssembly
Native extension for OSXStandalone target not found
Refreshing native plugins compatible for Editor in 0.62 ms, found 1 plugins.
Preloading 0 native plugins for Editor in 0.00 ms.
Mono: successfully reloaded assembly
- Completed reload, in  1.251 seconds
Platform modules already initialized, skipping
Shader 'Universal Render Pipeline/Particles/Lit': fallback shader 'Universal Render Pipeline/Particles/SimpleLit' not found
Shader 'Universal Render Pipeline/Particles/Lit': fallback shader 'Universal Render Pipeline/Particles/SimpleLit' not found
Refreshing native plugins compatible for Editor in 0.81 ms, found 1 plugins.
Preloading 0 native plugins for Editor in 0.00 ms.
Unloading 3931 Unused Serialized files (Serialized files now loaded: 0)
System memory in use before: 263.4 MB.
System memory in use after: 260.0 MB.

Unloading 56 unused Assets to reduce memory usage. Loaded Objects now: 4535.
Total: 4.349586 ms (FindLiveObjects: 0.341485 ms CreateObjectMapping: 0.223370 ms MarkObjects: 2.184332 ms  DeleteObjects: 1.599414 ms)

========================================================================
Received Prepare
Registering precompiled user dll's ...
Registered in 0.001426 seconds.
Begin MonoManager ReloadAssembly
Native extension for OSXStandalone target not found
Refreshing native plugins compatible for Editor in 0.62 ms, found 1 plugins.
Preloading 0 native plugins for Editor in 0.00 ms.
Mono: successfully reloaded assembly
- Completed reload, in  1.305 seconds
Platform modules already initialized, skipping
Shader 'Universal Render Pipeline/Particles/Lit': fallback shader 'Universal Render Pipeline/Particles/SimpleLit' not found
Shader 'Universal Render Pipeline/Particles/Lit': fallback shader 'Universal Render Pipeline/Particles/SimpleLit' not found
Refreshing native plugins compatible for Editor in 0.61 ms, found 1 plugins.
Preloading 0 native plugins for Editor in 0.00 ms.
Unloading 3931 Unused Serialized files (Serialized files now loaded: 0)
System memory in use before: 263.6 MB.
System memory in use after: 260.2 MB.

Unloading 56 unused Assets to reduce memory usage. Loaded Objects now: 4538.
Total: 4.695224 ms (FindLiveObjects: 0.325817 ms CreateObjectMapping: 0.190017 ms MarkObjects: 2.449932 ms  DeleteObjects: 1.727744 ms)

========================================================================
Received Prepare
Registering precompiled user dll's ...
Registered in 0.027257 seconds.
Begin MonoManager ReloadAssembly
Native extension for OSXStandalone target not found
Refreshing native plugins compatible for Editor in 0.68 ms, found 1 plugins.
Preloading 0 native plugins for Editor in 0.00 ms.
Mono: successfully reloaded assembly
- Completed reload, in  1.364 seconds
Platform modules already initialized, skipping
Shader 'Universal Render Pipeline/Particles/Lit': fallback shader 'Universal Render Pipeline/Particles/SimpleLit' not found
Shader 'Universal Render Pipeline/Particles/Lit': fallback shader 'Universal Render Pipeline/Particles/SimpleLit' not found
Refreshing native plugins compatible for Editor in 0.65 ms, found 1 plugins.
Preloading 0 native plugins for Editor in 0.00 ms.
Unloading 3931 Unused Serialized files (Serialized files now loaded: 0)
System memory in use before: 263.9 MB.
System memory in use after: 260.4 MB.

Unloading 56 unused Assets to reduce memory usage. Loaded Objects now: 4541.
Total: 4.125675 ms (FindLiveObjects: 0.294682 ms CreateObjectMapping: 0.187183 ms MarkObjects: 2.038613 ms  DeleteObjects: 1.604280 ms)

========================================================================
Received Prepare
Registering precompiled user dll's ...
Registered in 0.001479 seconds.
Begin MonoManager ReloadAssembly
Native extension for OSXStandalone target not found
Refreshing native plugins compatible for Editor in 0.61 ms, found 1 plugins.
Preloading 0 native plugins for Editor in 0.00 ms.
Mono: successfully reloaded assembly
- Completed reload, in  1.205 seconds
Platform modules already initialized, skipping
Shader 'Universal Render Pipeline/Particles/Lit': fallback shader 'Universal Render Pipeline/Particles/SimpleLit' not found
Shader 'Universal Render Pipeline/Particles/Lit': fallback shader 'Universal Render Pipeline/Particles/SimpleLit' not found
Refreshing native plugins compatible for Editor in 0.61 ms, found 1 plugins.
Preloading 0 native plugins for Editor in 0.00 ms.
Unloading 3931 Unused Serialized files (Serialized files now loaded: 0)
System memory in use before: 264.1 MB.
System memory in use after: 260.6 MB.

Unloading 56 unused Assets to reduce memory usage. Loaded Objects now: 4544.
Total: 4.059390 ms (FindLiveObjects: 0.336228 ms CreateObjectMapping: 0.207812 ms MarkObjects: 1.959774 ms  DeleteObjects: 1.553373 ms)

========================================================================
Received Prepare
Registering precompiled user dll's ...
Registered in 0.009969 seconds.
Begin MonoManager ReloadAssembly
Native extension for OSXStandalone target not found
Refreshing native plugins compatible for Editor in 0.67 ms, found 1 plugins.
Preloading 0 native plugins for Editor in 0.00 ms.
Mono: successfully reloaded assembly
- Completed reload, in  1.372 seconds
Platform modules already initialized, skipping
Shader 'Universal Render Pipeline/Particles/Lit': fallback shader 'Universal Render Pipeline/Particles/SimpleLit' not found
Shader 'Universal Render Pipeline/Particles/Lit': fallback shader 'Universal Render Pipeline/Particles/SimpleLit' not found
Refreshing native plugins compatible for Editor in 0.70 ms, found 1 plugins.
Preloading 0 native plugins for Editor in 0.00 ms.
Unloading 3931 Unused Serialized files (Serialized files now loaded: 0)
System memory in use before: 264.2 MB.
System memory in use after: 260.9 MB.

Unloading 56 unused Assets to reduce memory usage. Loaded Objects now: 4547.
Total: 4.742802 ms (FindLiveObjects: 0.363927 ms CreateObjectMapping: 0.369956 ms MarkObjects: 2.313815 ms  DeleteObjects: 1.693699 ms)

========================================================================
Received Prepare
Registering precompiled user dll's ...
Registered in 0.007424 seconds.
Begin MonoManager ReloadAssembly
Native extension for OSXStandalone target not found
Refreshing native plugins compatible for Editor in 0.72 ms, found 1 plugins.
Preloading 0 native plugins for Editor in 0.00 ms.
Mono: successfully reloaded assembly
- Completed reload, in  1.235 seconds
Platform modules already initialized, skipping
Shader 'Universal Render Pipeline/Particles/Lit': fallback shader 'Universal Render Pipeline/Particles/SimpleLit' not found
Shader 'Universal Render Pipeline/Particles/Lit': fallback shader 'Universal Render Pipeline/Particles/SimpleLit' not found
Refreshing native plugins compatible for Editor in 0.63 ms, found 1 plugins.
Preloading 0 native plugins for Editor in 0.00 ms.
Unloading 3931 Unused Serialized files (Serialized files now loaded: 0)
System memory in use before: 264.5 MB.
System memory in use after: 261.1 MB.

Unloading 56 unused Assets to reduce memory usage. Loaded Objects now: 4550.
Total: 5.136573 ms (FindLiveObjects: 0.382239 ms CreateObjectMapping: 0.343945 ms MarkObjects: 2.715916 ms  DeleteObjects: 1.693504 ms)

========================================================================
Received Prepare
Registering precompiled user dll's ...
Registered in 0.141331 seconds.
Begin MonoManager ReloadAssembly
Native extension for OSXStandalone target not found
Refreshing native plugins compatible for Editor in 0.66 ms, found 1 plugins.
Preloading 0 native plugins for Editor in 0.00 ms.
Mono: successfully reloaded assembly
- Completed reload, in  1.355 seconds
Platform modules already initialized, skipping
Shader 'Universal Render Pipeline/Particles/Lit': fallback shader 'Universal Render Pipeline/Particles/SimpleLit' not found
Shader 'Universal Render Pipeline/Particles/Lit': fallback shader 'Universal Render Pipeline/Particles/SimpleLit' not found
Refreshing native plugins compatible for Editor in 0.63 ms, found 1 plugins.
Preloading 0 native plugins for Editor in 0.00 ms.
Unloading 3931 Unused Serialized files (Serialized files now loaded: 0)
System memory in use before: 264.7 MB.
System memory in use after: 261.3 MB.

Unloading 56 unused Assets to reduce memory usage. Loaded Objects now: 4553.
Total: 5.062314 ms (FindLiveObjects: 0.405137 ms CreateObjectMapping: 0.286810 ms MarkObjects: 2.637183 ms  DeleteObjects: 1.731950 ms)

========================================================================
Received Prepare
Registering precompiled user dll's ...
Registered in 0.001428 seconds.
Begin MonoManager ReloadAssembly
Native extension for OSXStandalone target not found
Refreshing native plugins compatible for Editor in 0.62 ms, found 1 plugins.
Preloading 0 native plugins for Editor in 0.00 ms.
Mono: successfully reloaded assembly
- Completed reload, in  1.237 seconds
Platform modules already initialized, skipping
Shader 'Universal Render Pipeline/Particles/Lit': fallback shader 'Universal Render Pipeline/Particles/SimpleLit' not found
Shader 'Universal Render Pipeline/Particles/Lit': fallback shader 'Universal Render Pipeline/Particles/SimpleLit' not found
Refreshing native plugins compatible for Editor in 0.61 ms, found 1 plugins.
Preloading 0 native plugins for Editor in 0.00 ms.
Unloading 3931 Unused Serialized files (Serialized files now loaded: 0)
System memory in use before: 264.9 MB.
System memory in use after: 261.5 MB.

Unloading 56 unused Assets to reduce memory usage. Loaded Objects now: 4556.
Total: 4.951251 ms (FindLiveObjects: 0.439453 ms CreateObjectMapping: 0.318639 ms MarkObjects: 2.517743 ms  DeleteObjects: 1.674195 ms)

========================================================================
Received Import Request.
  Time since last request: 2042.526205 seconds.
  path: Assets/Materials/New Material.mat
  artifactKey: Guid(d891c238c25a04a12a6ab86b4b29280f) Importer(815301076,1909f56bfc062723c751e8b465ee728b)
Start importing Assets/Materials/New Material.mat using Guid(d891c238c25a04a12a6ab86b4b29280f) Importer(815301076,1909f56bfc062723c751e8b465ee728b)  -> (artifact id: '8439cdf015a384e1618c26e03b36c310') in 0.186711 seconds 
========================================================================
Received Prepare
Registering precompiled user dll's ...
Registered in 0.009454 seconds.
Begin MonoManager ReloadAssembly
Native extension for OSXStandalone target not found
Refreshing native plugins compatible for Editor in 1.02 ms, found 1 plugins.
Preloading 0 native plugins for Editor in 0.00 ms.
Mono: successfully reloaded assembly
- Completed reload, in  1.224 seconds
Platform modules already initialized, skipping
Shader 'Universal Render Pipeline/Particles/Lit': fallback shader 'Universal Render Pipeline/Particles/SimpleLit' not found
Shader 'Universal Render Pipeline/Particles/Lit': fallback shader 'Universal Render Pipeline/Particles/SimpleLit' not found
Refreshing native plugins compatible for Editor in 0.71 ms, found 1 plugins.
Preloading 0 native plugins for Editor in 0.00 ms.
Unloading 3931 Unused Serialized files (Serialized files now loaded: 0)
System memory in use before: 265.3 MB.
System memory in use after: 261.9 MB.

Unloading 56 unused Assets to reduce memory usage. Loaded Objects now: 4595.
Total: 4.820228 ms (FindLiveObjects: 0.326159 ms CreateObjectMapping: 0.207616 ms MarkObjects: 2.521570 ms  DeleteObjects: 1.763918 ms)

========================================================================
Received Prepare
Registering precompiled user dll's ...
Registered in 0.001443 seconds.
Begin MonoManager ReloadAssembly
Native extension for OSXStandalone target not found
Refreshing native plugins compatible for Editor in 0.66 ms, found 1 plugins.
Preloading 0 native plugins for Editor in 0.00 ms.
Mono: successfully reloaded assembly
- Completed reload, in  1.103 seconds
Platform modules already initialized, skipping
Shader 'Universal Render Pipeline/Particles/Lit': fallback shader 'Universal Render Pipeline/Particles/SimpleLit' not found
Shader 'Universal Render Pipeline/Particles/Lit': fallback shader 'Universal Render Pipeline/Particles/SimpleLit' not found
Refreshing native plugins compatible for Editor in 0.68 ms, found 1 plugins.
Preloading 0 native plugins for Editor in 0.00 ms.
Unloading 3931 Unused Serialized files (Serialized files now loaded: 0)
System memory in use before: 265.5 MB.
System memory in use after: 262.1 MB.

Unloading 56 unused Assets to reduce memory usage. Loaded Objects now: 4598.
Total: 4.002554 ms (FindLiveObjects: 0.304584 ms CreateObjectMapping: 0.179363 ms MarkObjects: 1.943431 ms  DeleteObjects: 1.574380 ms)

========================================================================
Received Import Request.
  Time since last request: 278.143713 seconds.
  path: Assets/Materials/transparent.mat
  artifactKey: Guid(d891c238c25a04a12a6ab86b4b29280f) Importer(815301076,1909f56bfc062723c751e8b465ee728b)
Start importing Assets/Materials/transparent.mat using Guid(d891c238c25a04a12a6ab86b4b29280f) Importer(815301076,1909f56bfc062723c751e8b465ee728b)  -> (artifact id: 'c3b443464968756b7ef77f6e3b94d47b') in 0.174299 seconds 
========================================================================
Received Prepare
Registering precompiled user dll's ...
Registered in 0.054214 seconds.
Begin MonoManager ReloadAssembly
Native extension for OSXStandalone target not found
Refreshing native plugins compatible for Editor in 0.62 ms, found 1 plugins.
Preloading 0 native plugins for Editor in 0.00 ms.
Mono: successfully reloaded assembly
- Completed reload, in  1.359 seconds
Platform modules already initialized, skipping
Shader 'Universal Render Pipeline/Particles/Lit': fallback shader 'Universal Render Pipeline/Particles/SimpleLit' not found
Shader 'Universal Render Pipeline/Particles/Lit': fallback shader 'Universal Render Pipeline/Particles/SimpleLit' not found
Refreshing native plugins compatible for Editor in 0.69 ms, found 1 plugins.
Preloading 0 native plugins for Editor in 0.00 ms.
Unloading 3931 Unused Serialized files (Serialized files now loaded: 0)
System memory in use before: 265.9 MB.
System memory in use after: 262.5 MB.

Unloading 56 unused Assets to reduce memory usage. Loaded Objects now: 4637.
Total: 5.549677 ms (FindLiveObjects: 0.418663 ms CreateObjectMapping: 0.288476 ms MarkObjects: 3.161963 ms  DeleteObjects: 1.679208 ms)

========================================================================
Received Prepare
Registering precompiled user dll's ...
Registered in 0.045328 seconds.
Begin MonoManager ReloadAssembly
Native extension for OSXStandalone target not found
Refreshing native plugins compatible for Editor in 0.90 ms, found 1 plugins.
Preloading 0 native plugins for Editor in 0.00 ms.
Mono: successfully reloaded assembly
- Completed reload, in  1.255 seconds
Platform modules already initialized, skipping
Shader 'Universal Render Pipeline/Particles/Lit': fallback shader 'Universal Render Pipeline/Particles/SimpleLit' not found
Shader 'Universal Render Pipeline/Particles/Lit': fallback shader 'Universal Render Pipeline/Particles/SimpleLit' not found
Refreshing native plugins compatible for Editor in 0.64 ms, found 1 plugins.
Preloading 0 native plugins for Editor in 0.00 ms.
Unloading 3931 Unused Serialized files (Serialized files now loaded: 0)
System memory in use before: 266.1 MB.
System memory in use after: 262.7 MB.

Unloading 56 unused Assets to reduce memory usage. Loaded Objects now: 4640.
Total: 4.968108 ms (FindLiveObjects: 0.421474 ms CreateObjectMapping: 0.288121 ms MarkObjects: 2.614900 ms  DeleteObjects: 1.642326 ms)

========================================================================
Received Prepare
Registering precompiled user dll's ...
Registered in 0.001430 seconds.
Begin MonoManager ReloadAssembly
Native extension for OSXStandalone target not found
Refreshing native plugins compatible for Editor in 0.65 ms, found 1 plugins.
Preloading 0 native plugins for Editor in 0.00 ms.
Mono: successfully reloaded assembly
- Completed reload, in  1.110 seconds
Platform modules already initialized, skipping
Shader 'Universal Render Pipeline/Particles/Lit': fallback shader 'Universal Render Pipeline/Particles/SimpleLit' not found
Shader 'Universal Render Pipeline/Particles/Lit': fallback shader 'Universal Render Pipeline/Particles/SimpleLit' not found
Refreshing native plugins compatible for Editor in 0.70 ms, found 1 plugins.
Preloading 0 native plugins for Editor in 0.00 ms.
Unloading 3931 Unused Serialized files (Serialized files now loaded: 0)
System memory in use before: 266.2 MB.
System memory in use after: 262.9 MB.

Unloading 56 unused Assets to reduce memory usage. Loaded Objects now: 4643.
Total: 4.065607 ms (FindLiveObjects: 0.343956 ms CreateObjectMapping: 0.198259 ms MarkObjects: 1.981028 ms  DeleteObjects: 1.541260 ms)

========================================================================
Received Prepare
Registering precompiled user dll's ...
Registered in 0.047998 seconds.
Begin MonoManager ReloadAssembly
Native extension for OSXStandalone target not found
Refreshing native plugins compatible for Editor in 0.69 ms, found 1 plugins.
Preloading 0 native plugins for Editor in 0.00 ms.
Mono: successfully reloaded assembly
- Completed reload, in  1.423 seconds
Platform modules already initialized, skipping
Shader 'Universal Render Pipeline/Particles/Lit': fallback shader 'Universal Render Pipeline/Particles/SimpleLit' not found
Shader 'Universal Render Pipeline/Particles/Lit': fallback shader 'Universal Render Pipeline/Particles/SimpleLit' not found
Refreshing native plugins compatible for Editor in 0.75 ms, found 1 plugins.
Preloading 0 native plugins for Editor in 0.00 ms.
Unloading 3931 Unused Serialized files (Serialized files now loaded: 0)
System memory in use before: 266.5 MB.
System memory in use after: 263.1 MB.

Unloading 56 unused Assets to reduce memory usage. Loaded Objects now: 4646.
Total: 4.605282 ms (FindLiveObjects: 0.334331 ms CreateObjectMapping: 0.197498 ms MarkObjects: 2.267984 ms  DeleteObjects: 1.803472 ms)

========================================================================
Received Prepare
Registering precompiled user dll's ...
Registered in 0.001648 seconds.
Begin MonoManager ReloadAssembly
Native extension for OSXStandalone target not found
Refreshing native plugins compatible for Editor in 0.79 ms, found 1 plugins.
Preloading 0 native plugins for Editor in 0.00 ms.
Mono: successfully reloaded assembly
- Completed reload, in  1.169 seconds
Platform modules already initialized, skipping
Shader 'Universal Render Pipeline/Particles/Lit': fallback shader 'Universal Render Pipeline/Particles/SimpleLit' not found
Shader 'Universal Render Pipeline/Particles/Lit': fallback shader 'Universal Render Pipeline/Particles/SimpleLit' not found
Refreshing native plugins compatible for Editor in 0.75 ms, found 1 plugins.
Preloading 0 native plugins for Editor in 0.00 ms.
Unloading 3931 Unused Serialized files (Serialized files now loaded: 0)
System memory in use before: 266.6 MB.
System memory in use after: 263.3 MB.

Unloading 56 unused Assets to reduce memory usage. Loaded Objects now: 4649.
Total: 4.982692 ms (FindLiveObjects: 0.419390 ms CreateObjectMapping: 0.213732 ms MarkObjects: 2.516256 ms  DeleteObjects: 1.832226 ms)

========================================================================
Received Prepare
Registering precompiled user dll's ...
Registered in 0.041667 seconds.
Begin MonoManager ReloadAssembly
Native extension for OSXStandalone target not found
Refreshing native plugins compatible for Editor in 0.62 ms, found 1 plugins.
Preloading 0 native plugins for Editor in 0.00 ms.
Mono: successfully reloaded assembly
- Completed reload, in  1.240 seconds
Platform modules already initialized, skipping
Shader 'Universal Render Pipeline/Particles/Lit': fallback shader 'Universal Render Pipeline/Particles/SimpleLit' not found
Shader 'Universal Render Pipeline/Particles/Lit': fallback shader 'Universal Render Pipeline/Particles/SimpleLit' not found
Refreshing native plugins compatible for Editor in 0.72 ms, found 1 plugins.
Preloading 0 native plugins for Editor in 0.00 ms.
Unloading 3931 Unused Serialized files (Serialized files now loaded: 0)
System memory in use before: 266.9 MB.
System memory in use after: 263.5 MB.

Unloading 56 unused Assets to reduce memory usage. Loaded Objects now: 4652.
Total: 5.218056 ms (FindLiveObjects: 0.434037 ms CreateObjectMapping: 0.388814 ms MarkObjects: 2.731538 ms  DeleteObjects: 1.662329 ms)

