Using pre-set license

 COMMAND LINE ARGUMENTS:
/Applications/Unity/Hub/Editor/2021.1.3f1/Unity.app/Contents/MacOS/Unity
-adb2
-batchMode
-noUpm
-name
AssetImportWorker0
-projectPath
/Users/kids/Desktop/3D Stuff/Unity Chess
-logFile
Logs/AssetImportWorker0.log
-srvPort
49274
Successfully changed project path to: /Users/kids/Desktop/3D Stuff/Unity Chess
/Users/kids/Desktop/3D Stuff/Unity Chess
Using Asset Import Pipeline V2.
Refreshing native plugins compatible for Editor in 297.41 ms, found 1 plugins.
Preloading 0 native plugins for Editor in 0.00 ms.
Initialize engine version: 2021.1.3f1 (4bef613afd59)
[Subsystems] Discovering subsystems at path /Applications/Unity/Hub/Editor/2021.1.3f1/Unity.app/Contents/Resources/UnitySubsystems
[Subsystems] Discovering subsystems at path /Users/kids/Desktop/3D Stuff/Unity Chess/Assets
GfxDevice: creating device client; threaded=0; jobified=0
2021-08-09 10:39:55.593 Unity[8964:795395] iMac preferred device: AMD Radeon Pro 560X (high power)
2021-08-09 10:39:55.593 Unity[8964:795395] Metal devices available: 1
2021-08-09 10:39:55.593 Unity[8964:795395] 0: AMD Radeon Pro 560X (high power)
2021-08-09 10:39:55.594 Unity[8964:795395] Using device AMD Radeon Pro 560X (high power)
Initializing Metal device caps: AMD Radeon Pro 560X
Shader 'Universal Render Pipeline/Particles/Lit': fallback shader 'Universal Render Pipeline/Particles/SimpleLit' not found
Initialize mono
Mono path[0] = '/Applications/Unity/Hub/Editor/2021.1.3f1/Unity.app/Contents/Managed'
Mono path[1] = '/Applications/Unity/Hub/Editor/2021.1.3f1/Unity.app/Contents/MonoBleedingEdge/lib/mono/unityjit'
Mono config path = '/Applications/Unity/Hub/Editor/2021.1.3f1/Unity.app/Contents/MonoBleedingEdge/etc'
Using monoOptions --debugger-agent=transport=dt_socket,embedding=1,server=y,suspend=n,address=127.0.0.1:56964
Begin MonoManager ReloadAssembly
Registering precompiled unity dll's ...
Register platform support module: /Applications/Unity/Hub/Editor/2021.1.3f1/Unity.app/Contents/PlaybackEngines/MacStandaloneSupport/UnityEditor.OSXStandalone.Extensions.dll
Registered in 0.001003 seconds.
Native extension for OSXStandalone target not found
Refreshing native plugins compatible for Editor in 137.55 ms, found 1 plugins.
Preloading 0 native plugins for Editor in 0.00 ms.
Mono: successfully reloaded assembly
- Completed reload, in  4.810 seconds
Platform modules already initialized, skipping
Registering precompiled user dll's ...
Registered in 0.037714 seconds.
Begin MonoManager ReloadAssembly
Native extension for OSXStandalone target not found
Refreshing native plugins compatible for Editor in 95.12 ms, found 1 plugins.
Preloading 0 native plugins for Editor in 0.00 ms.
Mono: successfully reloaded assembly
- Completed reload, in  1.510 seconds
Platform modules already initialized, skipping
========================================================================
Worker process is ready to serve import requests
Shader 'Universal Render Pipeline/Particles/Lit': fallback shader 'Universal Render Pipeline/Particles/SimpleLit' not found
Launching external process: /Applications/Unity/Hub/Editor/2021.1.3f1/Unity.app/Contents/Tools/UnityShaderCompiler
Launched and connected shader compiler UnityShaderCompiler after 0.07 seconds
Refreshing native plugins compatible for Editor in 0.67 ms, found 1 plugins.
Preloading 0 native plugins for Editor in 0.00 ms.
Unloading 3949 Unused Serialized files (Serialized files now loaded: 0)
System memory in use before: 242.0 MB.
System memory in use after: 242.3 MB.

Unloading 14 unused Assets to reduce memory usage. Loaded Objects now: 4414.
Total: 3.479152 ms (FindLiveObjects: 0.396721 ms CreateObjectMapping: 0.282663 ms MarkObjects: 2.726334 ms  DeleteObjects: 0.072279 ms)

========================================================================
Received Import Request.
  path: Assets/Scripts/Chessboard.cs
  artifactKey: Guid(a65da7ac8c7054270892dee1dc407b95) Importer(815301076,1909f56bfc062723c751e8b465ee728b)
Start importing Assets/Scripts/Chessboard.cs using Guid(a65da7ac8c7054270892dee1dc407b95) Importer(815301076,1909f56bfc062723c751e8b465ee728b)  -> (artifact id: '73665ab9302a0d99ed53726fffd43c55') in 0.187881 seconds 
========================================================================
Received Import Request.
  Time since last request: 0.000189 seconds.
  path: Assets/Scripts/ChessPieces/ChessPiece.cs
  artifactKey: Guid(370f0a0d413a345d88a6428e658acdf4) Importer(815301076,1909f56bfc062723c751e8b465ee728b)
Start importing Assets/Scripts/ChessPieces/ChessPiece.cs using Guid(370f0a0d413a345d88a6428e658acdf4) Importer(815301076,1909f56bfc062723c751e8b465ee728b)  -> (artifact id: 'b5e3ec408dfd90fe98ae7db6f7167b6c') in 0.001485 seconds 
========================================================================
Received Import Request.
  Time since last request: 0.000183 seconds.
  path: Assets/Scripts/ChessPieces/King.cs
  artifactKey: Guid(c9df933bdc94a4ba08857d1b380e5322) Importer(815301076,1909f56bfc062723c751e8b465ee728b)
Start importing Assets/Scripts/ChessPieces/King.cs using Guid(c9df933bdc94a4ba08857d1b380e5322) Importer(815301076,1909f56bfc062723c751e8b465ee728b)  -> (artifact id: '45dc28c3ba761d2961552a2e96e921b5') in 0.002581 seconds 
========================================================================
Received Import Request.
  Time since last request: 0.000179 seconds.
  path: Assets/Scripts/ChessPieces/Rook.cs
  artifactKey: Guid(80a005662693249a09b9f9fc600e5841) Importer(815301076,1909f56bfc062723c751e8b465ee728b)
Start importing Assets/Scripts/ChessPieces/Rook.cs using Guid(80a005662693249a09b9f9fc600e5841) Importer(815301076,1909f56bfc062723c751e8b465ee728b)  -> (artifact id: '58b0924dbee9a15d6b5d957c42236c87') in 0.001369 seconds 
========================================================================
Received Import Request.
  Time since last request: 0.000197 seconds.
  path: Assets/Scripts/ChessPieces/Queen.cs
  artifactKey: Guid(75c52b4defbae4dd5b24b4ed1d701732) Importer(815301076,1909f56bfc062723c751e8b465ee728b)
Start importing Assets/Scripts/ChessPieces/Queen.cs using Guid(75c52b4defbae4dd5b24b4ed1d701732) Importer(815301076,1909f56bfc062723c751e8b465ee728b)  -> (artifact id: 'cf6e852449e258c46cf92945ad5fd375') in 0.002489 seconds 
========================================================================
Received Import Request.
  Time since last request: 0.000738 seconds.
  path: Assets/Scripts/ChessPieces/Pawn.cs
  artifactKey: Guid(e0ebe79687b89483cac85caf8eccc521) Importer(815301076,1909f56bfc062723c751e8b465ee728b)
Start importing Assets/Scripts/ChessPieces/Pawn.cs using Guid(e0ebe79687b89483cac85caf8eccc521) Importer(815301076,1909f56bfc062723c751e8b465ee728b)  -> (artifact id: 'f608c9bd42bb05ab1748a5506489fdc2') in 0.002461 seconds 
========================================================================
Received Import Request.
  Time since last request: 0.000221 seconds.
  path: Assets/Scripts/ChessPieces/Knight.cs
  artifactKey: Guid(c97886e46e4884bbc9ca02dcb0f799f9) Importer(815301076,1909f56bfc062723c751e8b465ee728b)
Start importing Assets/Scripts/ChessPieces/Knight.cs using Guid(c97886e46e4884bbc9ca02dcb0f799f9) Importer(815301076,1909f56bfc062723c751e8b465ee728b)  -> (artifact id: 'e789ef4e41505090a5fbe54c1603cfc9') in 0.001607 seconds 
========================================================================
Received Import Request.
  Time since last request: 498.599686 seconds.
  path: Assets/Prefabs/Chessboard.prefab
  artifactKey: Guid(d85132864645947f48136f0f9019691d) Importer(815301076,1909f56bfc062723c751e8b465ee728b)
Start importing Assets/Prefabs/Chessboard.prefab using Guid(d85132864645947f48136f0f9019691d) Importer(815301076,1909f56bfc062723c751e8b465ee728b)  -> (artifact id: 'd9c55b239a6a2187f1c6611e75fd145c') in 0.972825 seconds 
========================================================================
Received Prepare
Registering precompiled user dll's ...
Registered in 0.032914 seconds.
Begin MonoManager ReloadAssembly
Native extension for OSXStandalone target not found
Refreshing native plugins compatible for Editor in 0.63 ms, found 1 plugins.
Preloading 0 native plugins for Editor in 0.00 ms.
Mono: successfully reloaded assembly
- Completed reload, in  1.140 seconds
Platform modules already initialized, skipping
Shader 'Universal Render Pipeline/Particles/Lit': fallback shader 'Universal Render Pipeline/Particles/SimpleLit' not found
Refreshing native plugins compatible for Editor in 0.63 ms, found 1 plugins.
Preloading 0 native plugins for Editor in 0.00 ms.
Unloading 3884 Unused Serialized files (Serialized files now loaded: 0)
System memory in use before: 253.8 MB.
System memory in use after: 254.0 MB.

Unloading 9 unused Assets to reduce memory usage. Loaded Objects now: 4462.
Total: 3.356356 ms (FindLiveObjects: 0.424098 ms CreateObjectMapping: 0.316088 ms MarkObjects: 2.579612 ms  DeleteObjects: 0.035481 ms)

========================================================================
Received Prepare
Registering precompiled user dll's ...
Registered in 0.001645 seconds.
Begin MonoManager ReloadAssembly
Native extension for OSXStandalone target not found
Refreshing native plugins compatible for Editor in 0.70 ms, found 1 plugins.
Preloading 0 native plugins for Editor in 0.00 ms.
Mono: successfully reloaded assembly
- Completed reload, in  1.115 seconds
Platform modules already initialized, skipping
Shader 'Universal Render Pipeline/Particles/Lit': fallback shader 'Universal Render Pipeline/Particles/SimpleLit' not found
Refreshing native plugins compatible for Editor in 0.62 ms, found 1 plugins.
Preloading 0 native plugins for Editor in 0.00 ms.
Unloading 3884 Unused Serialized files (Serialized files now loaded: 0)
System memory in use before: 254.0 MB.
System memory in use after: 254.3 MB.

Unloading 9 unused Assets to reduce memory usage. Loaded Objects now: 4465.
Total: 3.531314 ms (FindLiveObjects: 0.403570 ms CreateObjectMapping: 0.317513 ms MarkObjects: 2.789575 ms  DeleteObjects: 0.019347 ms)

========================================================================
Received Prepare
Registering precompiled user dll's ...
Registered in 0.032263 seconds.
Begin MonoManager ReloadAssembly
Native extension for OSXStandalone target not found
Refreshing native plugins compatible for Editor in 0.63 ms, found 1 plugins.
Preloading 0 native plugins for Editor in 0.00 ms.
Mono: successfully reloaded assembly
- Completed reload, in  1.122 seconds
Platform modules already initialized, skipping
Shader 'Universal Render Pipeline/Particles/Lit': fallback shader 'Universal Render Pipeline/Particles/SimpleLit' not found
Refreshing native plugins compatible for Editor in 0.63 ms, found 1 plugins.
Preloading 0 native plugins for Editor in 0.00 ms.
Unloading 3884 Unused Serialized files (Serialized files now loaded: 0)
System memory in use before: 254.2 MB.
System memory in use after: 254.5 MB.

Unloading 9 unused Assets to reduce memory usage. Loaded Objects now: 4468.
Total: 3.163237 ms (FindLiveObjects: 0.424415 ms CreateObjectMapping: 0.322546 ms MarkObjects: 2.394605 ms  DeleteObjects: 0.018042 ms)

========================================================================
Received Prepare
Registering precompiled user dll's ...
Registered in 0.021994 seconds.
Begin MonoManager ReloadAssembly
Native extension for OSXStandalone target not found
Refreshing native plugins compatible for Editor in 0.65 ms, found 1 plugins.
Preloading 0 native plugins for Editor in 0.00 ms.
Mono: successfully reloaded assembly
- Completed reload, in  1.105 seconds
Platform modules already initialized, skipping
Shader 'Universal Render Pipeline/Particles/Lit': fallback shader 'Universal Render Pipeline/Particles/SimpleLit' not found
Refreshing native plugins compatible for Editor in 0.64 ms, found 1 plugins.
Preloading 0 native plugins for Editor in 0.00 ms.
Unloading 3884 Unused Serialized files (Serialized files now loaded: 0)
System memory in use before: 254.5 MB.
System memory in use after: 254.8 MB.

Unloading 9 unused Assets to reduce memory usage. Loaded Objects now: 4471.
Total: 3.278305 ms (FindLiveObjects: 0.393203 ms CreateObjectMapping: 0.309791 ms MarkObjects: 2.558358 ms  DeleteObjects: 0.015809 ms)

========================================================================
Received Prepare
Registering precompiled user dll's ...
Registered in 0.028893 seconds.
Begin MonoManager ReloadAssembly
Native extension for OSXStandalone target not found
Refreshing native plugins compatible for Editor in 0.62 ms, found 1 plugins.
Preloading 0 native plugins for Editor in 0.00 ms.
Mono: successfully reloaded assembly
- Completed reload, in  1.103 seconds
Platform modules already initialized, skipping
Shader 'Universal Render Pipeline/Particles/Lit': fallback shader 'Universal Render Pipeline/Particles/SimpleLit' not found
Refreshing native plugins compatible for Editor in 0.62 ms, found 1 plugins.
Preloading 0 native plugins for Editor in 0.00 ms.
Unloading 3884 Unused Serialized files (Serialized files now loaded: 0)
System memory in use before: 254.8 MB.
System memory in use after: 255.0 MB.

Unloading 9 unused Assets to reduce memory usage. Loaded Objects now: 4474.
Total: 3.248743 ms (FindLiveObjects: 0.383100 ms CreateObjectMapping: 0.286614 ms MarkObjects: 2.561979 ms  DeleteObjects: 0.015790 ms)

========================================================================
Received Prepare
Registering precompiled user dll's ...
Registered in 0.001608 seconds.
Begin MonoManager ReloadAssembly
Native extension for OSXStandalone target not found
Refreshing native plugins compatible for Editor in 0.64 ms, found 1 plugins.
Preloading 0 native plugins for Editor in 0.00 ms.
Mono: successfully reloaded assembly
- Completed reload, in  1.131 seconds
Platform modules already initialized, skipping
Shader 'Universal Render Pipeline/Particles/Lit': fallback shader 'Universal Render Pipeline/Particles/SimpleLit' not found
Refreshing native plugins compatible for Editor in 0.63 ms, found 1 plugins.
Preloading 0 native plugins for Editor in 0.00 ms.
Unloading 3884 Unused Serialized files (Serialized files now loaded: 0)
System memory in use before: 255.0 MB.
System memory in use after: 255.3 MB.

Unloading 9 unused Assets to reduce memory usage. Loaded Objects now: 4477.
Total: 2.424796 ms (FindLiveObjects: 0.390018 ms CreateObjectMapping: 0.188539 ms MarkObjects: 1.830835 ms  DeleteObjects: 0.014506 ms)

========================================================================
Received Prepare
Registering precompiled user dll's ...
Registered in 0.033204 seconds.
Begin MonoManager ReloadAssembly
Native extension for OSXStandalone target not found
Refreshing native plugins compatible for Editor in 0.63 ms, found 1 plugins.
Preloading 0 native plugins for Editor in 0.00 ms.
Mono: successfully reloaded assembly
- Completed reload, in  1.170 seconds
Platform modules already initialized, skipping
Shader 'Universal Render Pipeline/Particles/Lit': fallback shader 'Universal Render Pipeline/Particles/SimpleLit' not found
Refreshing native plugins compatible for Editor in 0.62 ms, found 1 plugins.
Preloading 0 native plugins for Editor in 0.00 ms.
Unloading 3884 Unused Serialized files (Serialized files now loaded: 0)
System memory in use before: 255.3 MB.
System memory in use after: 255.6 MB.

Unloading 9 unused Assets to reduce memory usage. Loaded Objects now: 4480.
Total: 3.342361 ms (FindLiveObjects: 0.624521 ms CreateObjectMapping: 0.325139 ms MarkObjects: 2.375431 ms  DeleteObjects: 0.015486 ms)

========================================================================
Received Prepare
Registering precompiled user dll's ...
Registered in 0.043331 seconds.
Begin MonoManager ReloadAssembly
Native extension for OSXStandalone target not found
Refreshing native plugins compatible for Editor in 0.78 ms, found 1 plugins.
Preloading 0 native plugins for Editor in 0.00 ms.
Mono: successfully reloaded assembly
- Completed reload, in  1.157 seconds
Platform modules already initialized, skipping
Shader 'Universal Render Pipeline/Particles/Lit': fallback shader 'Universal Render Pipeline/Particles/SimpleLit' not found
Refreshing native plugins compatible for Editor in 0.62 ms, found 1 plugins.
Preloading 0 native plugins for Editor in 0.00 ms.
Unloading 3884 Unused Serialized files (Serialized files now loaded: 0)
System memory in use before: 255.6 MB.
System memory in use after: 255.8 MB.

Unloading 9 unused Assets to reduce memory usage. Loaded Objects now: 4483.
Total: 3.400698 ms (FindLiveObjects: 0.416965 ms CreateObjectMapping: 0.370203 ms MarkObjects: 2.593892 ms  DeleteObjects: 0.018448 ms)

========================================================================
Received Prepare
Registering precompiled user dll's ...
Registered in 0.001804 seconds.
Begin MonoManager ReloadAssembly
Native extension for OSXStandalone target not found
Refreshing native plugins compatible for Editor in 0.63 ms, found 1 plugins.
Preloading 0 native plugins for Editor in 0.00 ms.
Mono: successfully reloaded assembly
- Completed reload, in  1.114 seconds
Platform modules already initialized, skipping
Shader 'Universal Render Pipeline/Particles/Lit': fallback shader 'Universal Render Pipeline/Particles/SimpleLit' not found
Refreshing native plugins compatible for Editor in 0.73 ms, found 1 plugins.
Preloading 0 native plugins for Editor in 0.00 ms.
Unloading 3884 Unused Serialized files (Serialized files now loaded: 0)
System memory in use before: 255.8 MB.
System memory in use after: 256.1 MB.

Unloading 9 unused Assets to reduce memory usage. Loaded Objects now: 4486.
Total: 2.527581 ms (FindLiveObjects: 0.317938 ms CreateObjectMapping: 0.192527 ms MarkObjects: 1.999857 ms  DeleteObjects: 0.016217 ms)

========================================================================
Received Prepare
Registering precompiled user dll's ...
Registered in 0.030605 seconds.
Begin MonoManager ReloadAssembly
Native extension for OSXStandalone target not found
Refreshing native plugins compatible for Editor in 0.62 ms, found 1 plugins.
Preloading 0 native plugins for Editor in 0.00 ms.
Mono: successfully reloaded assembly
- Completed reload, in  1.074 seconds
Platform modules already initialized, skipping
Shader 'Universal Render Pipeline/Particles/Lit': fallback shader 'Universal Render Pipeline/Particles/SimpleLit' not found
Refreshing native plugins compatible for Editor in 0.63 ms, found 1 plugins.
Preloading 0 native plugins for Editor in 0.00 ms.
Unloading 3884 Unused Serialized files (Serialized files now loaded: 0)
System memory in use before: 256.1 MB.
System memory in use after: 256.3 MB.

Unloading 9 unused Assets to reduce memory usage. Loaded Objects now: 4489.
Total: 3.339033 ms (FindLiveObjects: 0.397251 ms CreateObjectMapping: 0.317119 ms MarkObjects: 2.607438 ms  DeleteObjects: 0.015981 ms)

========================================================================
Received Prepare
Registering precompiled user dll's ...
Registered in 0.001699 seconds.
Begin MonoManager ReloadAssembly
Native extension for OSXStandalone target not found
Refreshing native plugins compatible for Editor in 0.69 ms, found 1 plugins.
Preloading 0 native plugins for Editor in 0.00 ms.
Mono: successfully reloaded assembly
- Completed reload, in  1.167 seconds
Platform modules already initialized, skipping
Shader 'Universal Render Pipeline/Particles/Lit': fallback shader 'Universal Render Pipeline/Particles/SimpleLit' not found
Refreshing native plugins compatible for Editor in 0.62 ms, found 1 plugins.
Preloading 0 native plugins for Editor in 0.00 ms.
Unloading 3884 Unused Serialized files (Serialized files now loaded: 0)
System memory in use before: 256.3 MB.
System memory in use after: 256.6 MB.

Unloading 9 unused Assets to reduce memory usage. Loaded Objects now: 4492.
Total: 2.640287 ms (FindLiveObjects: 0.372619 ms CreateObjectMapping: 0.203653 ms MarkObjects: 2.045174 ms  DeleteObjects: 0.017012 ms)

========================================================================
Received Import Request.
  Time since last request: 8497.961748 seconds.
  path: Assets/Prefabs/King.prefab
  artifactKey: Guid(68a6558670dbe48fdab358bd22aa41ba) Importer(815301076,1909f56bfc062723c751e8b465ee728b)
Start importing Assets/Prefabs/King.prefab using Guid(68a6558670dbe48fdab358bd22aa41ba) Importer(815301076,1909f56bfc062723c751e8b465ee728b)  -> (artifact id: '872f44b8d6e86b666d837271948f83fc') in 0.185495 seconds 
========================================================================
Received Prepare
Registering precompiled user dll's ...
Registered in 0.001868 seconds.
Begin MonoManager ReloadAssembly
Native extension for OSXStandalone target not found
Refreshing native plugins compatible for Editor in 0.62 ms, found 1 plugins.
Preloading 0 native plugins for Editor in 0.00 ms.
Mono: successfully reloaded assembly
- Completed reload, in  1.090 seconds
Platform modules already initialized, skipping
Shader 'Universal Render Pipeline/Particles/Lit': fallback shader 'Universal Render Pipeline/Particles/SimpleLit' not found
Refreshing native plugins compatible for Editor in 0.64 ms, found 1 plugins.
Preloading 0 native plugins for Editor in 0.00 ms.
Unloading 3884 Unused Serialized files (Serialized files now loaded: 0)
System memory in use before: 256.8 MB.
System memory in use after: 257.1 MB.

Unloading 9 unused Assets to reduce memory usage. Loaded Objects now: 4531.
Total: 2.553682 ms (FindLiveObjects: 0.329253 ms CreateObjectMapping: 0.218818 ms MarkObjects: 1.991104 ms  DeleteObjects: 0.013586 ms)

========================================================================
Received Import Request.
  Time since last request: 24.538932 seconds.
  path: Assets/Prefabs/Bishop.prefab
  artifactKey: Guid(4459dd7c7d5e54a2e8235216801b7eb8) Importer(815301076,1909f56bfc062723c751e8b465ee728b)
Start importing Assets/Prefabs/Bishop.prefab using Guid(4459dd7c7d5e54a2e8235216801b7eb8) Importer(815301076,1909f56bfc062723c751e8b465ee728b)  -> (artifact id: '68918e7b7fdc08141a9221415a43496d') in 0.164170 seconds 
========================================================================
Received Import Request.
  Time since last request: 0.877141 seconds.
  path: Assets/Prefabs/Knight.prefab
  artifactKey: Guid(5dbaeb9c4c97c46558951db96ae05370) Importer(815301076,1909f56bfc062723c751e8b465ee728b)
Start importing Assets/Prefabs/Knight.prefab using Guid(5dbaeb9c4c97c46558951db96ae05370) Importer(815301076,1909f56bfc062723c751e8b465ee728b)  -> (artifact id: '5d1fff2c8d1b7557eaa6e35185baa8ba') in 0.009643 seconds 
========================================================================
Received Import Request.
  Time since last request: 3.058835 seconds.
  path: Assets/Prefabs/Pawn.prefab
  artifactKey: Guid(ebab44321b5f04714b2fd83496df2ade) Importer(815301076,1909f56bfc062723c751e8b465ee728b)
Start importing Assets/Prefabs/Pawn.prefab using Guid(ebab44321b5f04714b2fd83496df2ade) Importer(815301076,1909f56bfc062723c751e8b465ee728b)  -> (artifact id: '801940c464b389f3a0bbc454b6dffbd7') in 0.006825 seconds 
========================================================================
Received Import Request.
  Time since last request: 3.089015 seconds.
  path: Assets/Prefabs/Queen.prefab
  artifactKey: Guid(bc756259f73f74496954bc3fd5c10f5a) Importer(815301076,1909f56bfc062723c751e8b465ee728b)
Start importing Assets/Prefabs/Queen.prefab using Guid(bc756259f73f74496954bc3fd5c10f5a) Importer(815301076,1909f56bfc062723c751e8b465ee728b)  -> (artifact id: '165f615b30beb3b4cc1a6bab0a0b841a') in 0.016856 seconds 
========================================================================
Received Prepare
Registering precompiled user dll's ...
Registered in 0.003698 seconds.
Begin MonoManager ReloadAssembly
Native extension for OSXStandalone target not found
Refreshing native plugins compatible for Editor in 0.64 ms, found 1 plugins.
Preloading 0 native plugins for Editor in 0.00 ms.
Mono: successfully reloaded assembly
- Completed reload, in  1.130 seconds
Platform modules already initialized, skipping
Shader 'Universal Render Pipeline/Particles/Lit': fallback shader 'Universal Render Pipeline/Particles/SimpleLit' not found
Refreshing native plugins compatible for Editor in 0.68 ms, found 1 plugins.
Preloading 0 native plugins for Editor in 0.00 ms.
Unloading 3884 Unused Serialized files (Serialized files now loaded: 0)
System memory in use before: 257.2 MB.
System memory in use after: 257.5 MB.

Unloading 9 unused Assets to reduce memory usage. Loaded Objects now: 4570.
Total: 2.925173 ms (FindLiveObjects: 0.346590 ms CreateObjectMapping: 0.278811 ms MarkObjects: 2.281944 ms  DeleteObjects: 0.016980 ms)

========================================================================
Received Prepare
Registering precompiled user dll's ...
Registered in 0.039172 seconds.
Begin MonoManager ReloadAssembly
Native extension for OSXStandalone target not found
Refreshing native plugins compatible for Editor in 0.62 ms, found 1 plugins.
Preloading 0 native plugins for Editor in 0.00 ms.
Mono: successfully reloaded assembly
- Completed reload, in  1.089 seconds
Platform modules already initialized, skipping
Shader 'Universal Render Pipeline/Particles/Lit': fallback shader 'Universal Render Pipeline/Particles/SimpleLit' not found
Refreshing native plugins compatible for Editor in 0.66 ms, found 1 plugins.
Preloading 0 native plugins for Editor in 0.00 ms.
Unloading 3884 Unused Serialized files (Serialized files now loaded: 0)
System memory in use before: 257.5 MB.
System memory in use after: 257.8 MB.

Unloading 9 unused Assets to reduce memory usage. Loaded Objects now: 4573.
Total: 3.103001 ms (FindLiveObjects: 0.444134 ms CreateObjectMapping: 0.316569 ms MarkObjects: 2.324830 ms  DeleteObjects: 0.016063 ms)

========================================================================
Received Prepare
Registering precompiled user dll's ...
Registered in 0.001581 seconds.
Begin MonoManager ReloadAssembly
Native extension for OSXStandalone target not found
Refreshing native plugins compatible for Editor in 0.69 ms, found 1 plugins.
Preloading 0 native plugins for Editor in 0.00 ms.
Mono: successfully reloaded assembly
- Completed reload, in  1.128 seconds
Platform modules already initialized, skipping
Shader 'Universal Render Pipeline/Particles/Lit': fallback shader 'Universal Render Pipeline/Particles/SimpleLit' not found
Refreshing native plugins compatible for Editor in 0.62 ms, found 1 plugins.
Preloading 0 native plugins for Editor in 0.00 ms.
Unloading 3884 Unused Serialized files (Serialized files now loaded: 0)
System memory in use before: 257.7 MB.
System memory in use after: 257.9 MB.

Unloading 9 unused Assets to reduce memory usage. Loaded Objects now: 4576.
Total: 3.357481 ms (FindLiveObjects: 0.404759 ms CreateObjectMapping: 0.309602 ms MarkObjects: 2.625686 ms  DeleteObjects: 0.016218 ms)

========================================================================
Received Prepare
Registering precompiled user dll's ...
Registered in 0.003811 seconds.
Begin MonoManager ReloadAssembly
Native extension for OSXStandalone target not found
Refreshing native plugins compatible for Editor in 0.93 ms, found 1 plugins.
Preloading 0 native plugins for Editor in 0.00 ms.
Mono: successfully reloaded assembly
- Completed reload, in  1.256 seconds
Platform modules already initialized, skipping
Shader 'Universal Render Pipeline/Particles/Lit': fallback shader 'Universal Render Pipeline/Particles/SimpleLit' not found
Refreshing native plugins compatible for Editor in 0.68 ms, found 1 plugins.
Preloading 0 native plugins for Editor in 0.00 ms.
Unloading 3884 Unused Serialized files (Serialized files now loaded: 0)
System memory in use before: 257.9 MB.
System memory in use after: 258.2 MB.

Unloading 9 unused Assets to reduce memory usage. Loaded Objects now: 4579.
Total: 3.358455 ms (FindLiveObjects: 0.407066 ms CreateObjectMapping: 0.307297 ms MarkObjects: 2.626961 ms  DeleteObjects: 0.015980 ms)

========================================================================
Received Prepare
Registering precompiled user dll's ...
Registered in 0.064197 seconds.
Begin MonoManager ReloadAssembly
Native extension for OSXStandalone target not found
Refreshing native plugins compatible for Editor in 0.65 ms, found 1 plugins.
Preloading 0 native plugins for Editor in 0.00 ms.
Mono: successfully reloaded assembly
- Completed reload, in  1.113 seconds
Platform modules already initialized, skipping
Shader 'Universal Render Pipeline/Particles/Lit': fallback shader 'Universal Render Pipeline/Particles/SimpleLit' not found
Refreshing native plugins compatible for Editor in 0.71 ms, found 1 plugins.
Preloading 0 native plugins for Editor in 0.00 ms.
Unloading 3884 Unused Serialized files (Serialized files now loaded: 0)
System memory in use before: 258.2 MB.
System memory in use after: 258.5 MB.

Unloading 9 unused Assets to reduce memory usage. Loaded Objects now: 4582.
Total: 2.881309 ms (FindLiveObjects: 0.382856 ms CreateObjectMapping: 0.245478 ms MarkObjects: 2.235394 ms  DeleteObjects: 0.016407 ms)

========================================================================
Received Prepare
Registering precompiled user dll's ...
Registered in 0.001894 seconds.
Begin MonoManager ReloadAssembly
Native extension for OSXStandalone target not found
Refreshing native plugins compatible for Editor in 0.68 ms, found 1 plugins.
Preloading 0 native plugins for Editor in 0.00 ms.
Mono: successfully reloaded assembly
- Completed reload, in  1.182 seconds
Platform modules already initialized, skipping
Shader 'Universal Render Pipeline/Particles/Lit': fallback shader 'Universal Render Pipeline/Particles/SimpleLit' not found
Refreshing native plugins compatible for Editor in 0.65 ms, found 1 plugins.
Preloading 0 native plugins for Editor in 0.00 ms.
Unloading 3884 Unused Serialized files (Serialized files now loaded: 0)
System memory in use before: 258.5 MB.
System memory in use after: 258.7 MB.

Unloading 9 unused Assets to reduce memory usage. Loaded Objects now: 4585.
Total: 2.977174 ms (FindLiveObjects: 0.332696 ms CreateObjectMapping: 0.202701 ms MarkObjects: 2.423649 ms  DeleteObjects: 0.017207 ms)

========================================================================
Received Prepare
Registering precompiled user dll's ...
Registered in 0.001731 seconds.
Begin MonoManager ReloadAssembly
Native extension for OSXStandalone target not found
Refreshing native plugins compatible for Editor in 0.64 ms, found 1 plugins.
Preloading 0 native plugins for Editor in 0.00 ms.
Mono: successfully reloaded assembly
- Completed reload, in  1.128 seconds
Platform modules already initialized, skipping
Shader 'Universal Render Pipeline/Particles/Lit': fallback shader 'Universal Render Pipeline/Particles/SimpleLit' not found
Refreshing native plugins compatible for Editor in 0.64 ms, found 1 plugins.
Preloading 0 native plugins for Editor in 0.00 ms.
Unloading 3884 Unused Serialized files (Serialized files now loaded: 0)
System memory in use before: 258.7 MB.
System memory in use after: 259.0 MB.

Unloading 9 unused Assets to reduce memory usage. Loaded Objects now: 4588.
Total: 2.441358 ms (FindLiveObjects: 0.291651 ms CreateObjectMapping: 0.172741 ms MarkObjects: 1.961629 ms  DeleteObjects: 0.014345 ms)

========================================================================
Received Prepare
Registering precompiled user dll's ...
Registered in 0.002007 seconds.
Begin MonoManager ReloadAssembly
Native extension for OSXStandalone target not found
Refreshing native plugins compatible for Editor in 0.63 ms, found 1 plugins.
Preloading 0 native plugins for Editor in 0.00 ms.
Mono: successfully reloaded assembly
- Completed reload, in  1.117 seconds
Platform modules already initialized, skipping
Shader 'Universal Render Pipeline/Particles/Lit': fallback shader 'Universal Render Pipeline/Particles/SimpleLit' not found
Refreshing native plugins compatible for Editor in 0.69 ms, found 1 plugins.
Preloading 0 native plugins for Editor in 0.00 ms.
Unloading 3884 Unused Serialized files (Serialized files now loaded: 0)
System memory in use before: 259.0 MB.
System memory in use after: 259.2 MB.

Unloading 9 unused Assets to reduce memory usage. Loaded Objects now: 4591.
Total: 3.349046 ms (FindLiveObjects: 0.425626 ms CreateObjectMapping: 0.305401 ms MarkObjects: 2.599999 ms  DeleteObjects: 0.016650 ms)

========================================================================
Received Prepare
Registering precompiled user dll's ...
Registered in 0.001697 seconds.
Begin MonoManager ReloadAssembly
Native extension for OSXStandalone target not found
Refreshing native plugins compatible for Editor in 0.63 ms, found 1 plugins.
Preloading 0 native plugins for Editor in 0.00 ms.
Mono: successfully reloaded assembly
- Completed reload, in  1.129 seconds
Platform modules already initialized, skipping
Shader 'Universal Render Pipeline/Particles/Lit': fallback shader 'Universal Render Pipeline/Particles/SimpleLit' not found
Refreshing native plugins compatible for Editor in 0.64 ms, found 1 plugins.
Preloading 0 native plugins for Editor in 0.00 ms.
Unloading 3884 Unused Serialized files (Serialized files now loaded: 0)
System memory in use before: 259.2 MB.
System memory in use after: 259.5 MB.

Unloading 9 unused Assets to reduce memory usage. Loaded Objects now: 4594.
Total: 3.389084 ms (FindLiveObjects: 0.408921 ms CreateObjectMapping: 0.300705 ms MarkObjects: 2.662370 ms  DeleteObjects: 0.015819 ms)

========================================================================
Received Import Request.
  Time since last request: 1293.574206 seconds.
  path: Assets/Scripts/Chessboard.cs
  artifactKey: Guid(a65da7ac8c7054270892dee1dc407b95) Importer(815301076,1909f56bfc062723c751e8b465ee728b)
Start importing Assets/Scripts/Chessboard.cs using Guid(a65da7ac8c7054270892dee1dc407b95) Importer(815301076,1909f56bfc062723c751e8b465ee728b)  -> (artifact id: '812883ce3abb61d28fa4f37149cbc69c') in 0.008940 seconds 
========================================================================
Received Prepare
Registering precompiled user dll's ...
Registered in 0.001701 seconds.
Begin MonoManager ReloadAssembly
Native extension for OSXStandalone target not found
Refreshing native plugins compatible for Editor in 0.63 ms, found 1 plugins.
Preloading 0 native plugins for Editor in 0.00 ms.
Mono: successfully reloaded assembly
- Completed reload, in  1.096 seconds
Platform modules already initialized, skipping
Shader 'Universal Render Pipeline/Particles/Lit': fallback shader 'Universal Render Pipeline/Particles/SimpleLit' not found
Refreshing native plugins compatible for Editor in 0.67 ms, found 1 plugins.
Preloading 0 native plugins for Editor in 0.00 ms.
Unloading 3884 Unused Serialized files (Serialized files now loaded: 0)
System memory in use before: 259.5 MB.
System memory in use after: 259.8 MB.

Unloading 9 unused Assets to reduce memory usage. Loaded Objects now: 4597.
Total: 2.601121 ms (FindLiveObjects: 0.346235 ms CreateObjectMapping: 0.235639 ms MarkObjects: 2.003865 ms  DeleteObjects: 0.014226 ms)

========================================================================
Received Import Request.
  Time since last request: 66.839309 seconds.
  path: Assets/Prefabs/King.prefab
  artifactKey: Guid(68a6558670dbe48fdab358bd22aa41ba) Importer(815301076,1909f56bfc062723c751e8b465ee728b)
Start importing Assets/Prefabs/King.prefab using Guid(68a6558670dbe48fdab358bd22aa41ba) Importer(815301076,1909f56bfc062723c751e8b465ee728b)  -> (artifact id: '9f41ad30a3983d377fbd251354f04b72') in 0.159918 seconds 
========================================================================
Received Import Request.
  Time since last request: 5.252278 seconds.
  path: Assets/Prefabs/Knight.prefab
  artifactKey: Guid(5dbaeb9c4c97c46558951db96ae05370) Importer(815301076,1909f56bfc062723c751e8b465ee728b)
Start importing Assets/Prefabs/Knight.prefab using Guid(5dbaeb9c4c97c46558951db96ae05370) Importer(815301076,1909f56bfc062723c751e8b465ee728b)  -> (artifact id: '404cb0698ffade867a60e38aca911322') in 0.008021 seconds 
========================================================================
Received Import Request.
  Time since last request: 23.532588 seconds.
  path: Assets/Prefabs/Rook.prefab
  artifactKey: Guid(ec3d16440217c4b5383b9f5b3c244ef3) Importer(815301076,1909f56bfc062723c751e8b465ee728b)
Start importing Assets/Prefabs/Rook.prefab using Guid(ec3d16440217c4b5383b9f5b3c244ef3) Importer(815301076,1909f56bfc062723c751e8b465ee728b)  -> (artifact id: 'e215cfdba4c3b8701929500edb0dc9ef') in 0.290581 seconds 
========================================================================
Received Import Request.
  Time since last request: 1.194818 seconds.
  path: Assets/Prefabs/King.prefab
  artifactKey: Guid(68a6558670dbe48fdab358bd22aa41ba) Importer(815301076,1909f56bfc062723c751e8b465ee728b)
Start importing Assets/Prefabs/King.prefab using Guid(68a6558670dbe48fdab358bd22aa41ba) Importer(815301076,1909f56bfc062723c751e8b465ee728b)  -> (artifact id: 'a07b6e3990034d73b079b1189213ce24') in 0.009323 seconds 
========================================================================
Received Prepare
Registering precompiled user dll's ...
Registered in 0.001869 seconds.
Begin MonoManager ReloadAssembly
Native extension for OSXStandalone target not found
Refreshing native plugins compatible for Editor in 0.68 ms, found 1 plugins.
Preloading 0 native plugins for Editor in 0.00 ms.
Mono: successfully reloaded assembly
- Completed reload, in  1.105 seconds
Platform modules already initialized, skipping
Shader 'Universal Render Pipeline/Particles/Lit': fallback shader 'Universal Render Pipeline/Particles/SimpleLit' not found
Refreshing native plugins compatible for Editor in 0.62 ms, found 1 plugins.
Preloading 0 native plugins for Editor in 0.00 ms.
Unloading 3884 Unused Serialized files (Serialized files now loaded: 0)
System memory in use before: 260.0 MB.
System memory in use after: 260.3 MB.

Unloading 9 unused Assets to reduce memory usage. Loaded Objects now: 4636.
Total: 3.430617 ms (FindLiveObjects: 0.420797 ms CreateObjectMapping: 0.313733 ms MarkObjects: 2.677768 ms  DeleteObjects: 0.017084 ms)

========================================================================
Received Import Request.
  Time since last request: 14.957206 seconds.
  path: Assets/Prefabs/King.prefab
  artifactKey: Guid(68a6558670dbe48fdab358bd22aa41ba) Importer(815301076,1909f56bfc062723c751e8b465ee728b)
Start importing Assets/Prefabs/King.prefab using Guid(68a6558670dbe48fdab358bd22aa41ba) Importer(815301076,1909f56bfc062723c751e8b465ee728b)  -> (artifact id: '1d73b073d0f7e08d95c8da6d926ea310') in 0.160000 seconds 
========================================================================
Received Import Request.
  Time since last request: 0.633446 seconds.
  path: Assets/Prefabs/King.prefab
  artifactKey: Guid(68a6558670dbe48fdab358bd22aa41ba) Importer(815301076,1909f56bfc062723c751e8b465ee728b)
Start importing Assets/Prefabs/King.prefab using Guid(68a6558670dbe48fdab358bd22aa41ba) Importer(815301076,1909f56bfc062723c751e8b465ee728b)  -> (artifact id: 'ffa90be237df2b0b85ec03d0f143a72a') in 0.007804 seconds 
========================================================================
Received Import Request.
  Time since last request: 4.545117 seconds.
  path: Assets/Prefabs/Bishop.prefab
  artifactKey: Guid(4459dd7c7d5e54a2e8235216801b7eb8) Importer(815301076,1909f56bfc062723c751e8b465ee728b)
Start importing Assets/Prefabs/Bishop.prefab using Guid(4459dd7c7d5e54a2e8235216801b7eb8) Importer(815301076,1909f56bfc062723c751e8b465ee728b)  -> (artifact id: '031e923bdb678e57887c2d5410d7d68f') in 0.007619 seconds 
========================================================================
Received Import Request.
  Time since last request: 3.899593 seconds.
  path: Assets/Prefabs/Bishop.prefab
  artifactKey: Guid(4459dd7c7d5e54a2e8235216801b7eb8) Importer(815301076,1909f56bfc062723c751e8b465ee728b)
Start importing Assets/Prefabs/Bishop.prefab using Guid(4459dd7c7d5e54a2e8235216801b7eb8) Importer(815301076,1909f56bfc062723c751e8b465ee728b)  -> (artifact id: '3f6e2c7814ed3e066f6b42502cd7f95d') in 0.010988 seconds 
========================================================================
Received Import Request.
  Time since last request: 4.810117 seconds.
  path: Assets/Prefabs/Bishop.prefab
  artifactKey: Guid(4459dd7c7d5e54a2e8235216801b7eb8) Importer(815301076,1909f56bfc062723c751e8b465ee728b)
Start importing Assets/Prefabs/Bishop.prefab using Guid(4459dd7c7d5e54a2e8235216801b7eb8) Importer(815301076,1909f56bfc062723c751e8b465ee728b)  -> (artifact id: 'ef1b67aa7647f3d8479ea65574e0baaa') in 0.010931 seconds 
========================================================================
Received Import Request.
  Time since last request: 2.626742 seconds.
  path: Assets/Prefabs/Bishop.prefab
  artifactKey: Guid(4459dd7c7d5e54a2e8235216801b7eb8) Importer(815301076,1909f56bfc062723c751e8b465ee728b)
Start importing Assets/Prefabs/Bishop.prefab using Guid(4459dd7c7d5e54a2e8235216801b7eb8) Importer(815301076,1909f56bfc062723c751e8b465ee728b)  -> (artifact id: 'c80c16e6c5ccdefaa850b74c7a011a43') in 0.007378 seconds 
========================================================================
Received Prepare
Registering precompiled user dll's ...
Registered in 0.001761 seconds.
Begin MonoManager ReloadAssembly
Native extension for OSXStandalone target not found
Refreshing native plugins compatible for Editor in 0.63 ms, found 1 plugins.
Preloading 0 native plugins for Editor in 0.00 ms.
Mono: successfully reloaded assembly
- Completed reload, in  1.141 seconds
Platform modules already initialized, skipping
Shader 'Universal Render Pipeline/Particles/Lit': fallback shader 'Universal Render Pipeline/Particles/SimpleLit' not found
Refreshing native plugins compatible for Editor in 0.69 ms, found 1 plugins.
Preloading 0 native plugins for Editor in 0.00 ms.
Unloading 3884 Unused Serialized files (Serialized files now loaded: 0)
System memory in use before: 260.5 MB.
System memory in use after: 260.7 MB.

Unloading 9 unused Assets to reduce memory usage. Loaded Objects now: 4675.
Total: 2.500463 ms (FindLiveObjects: 0.317754 ms CreateObjectMapping: 0.197919 ms MarkObjects: 1.969432 ms  DeleteObjects: 0.014560 ms)

========================================================================
Received Prepare
Registering precompiled user dll's ...
Registered in 0.001429 seconds.
Begin MonoManager ReloadAssembly
Native extension for OSXStandalone target not found
Refreshing native plugins compatible for Editor in 0.71 ms, found 1 plugins.
Preloading 0 native plugins for Editor in 0.00 ms.
Mono: successfully reloaded assembly
- Completed reload, in  1.235 seconds
Platform modules already initialized, skipping
Shader 'Universal Render Pipeline/Particles/Lit': fallback shader 'Universal Render Pipeline/Particles/SimpleLit' not found
Refreshing native plugins compatible for Editor in 0.66 ms, found 1 plugins.
Preloading 0 native plugins for Editor in 0.00 ms.
Unloading 3884 Unused Serialized files (Serialized files now loaded: 0)
System memory in use before: 260.7 MB.
System memory in use after: 261.0 MB.

Unloading 9 unused Assets to reduce memory usage. Loaded Objects now: 4678.
Total: 2.515070 ms (FindLiveObjects: 0.342348 ms CreateObjectMapping: 0.195002 ms MarkObjects: 1.963402 ms  DeleteObjects: 0.013521 ms)

========================================================================
Received Prepare
Registering precompiled user dll's ...
Registered in 0.001779 seconds.
Begin MonoManager ReloadAssembly
Native extension for OSXStandalone target not found
Refreshing native plugins compatible for Editor in 0.71 ms, found 1 plugins.
Preloading 0 native plugins for Editor in 0.00 ms.
Mono: successfully reloaded assembly
- Completed reload, in  1.170 seconds
Platform modules already initialized, skipping
Shader 'Universal Render Pipeline/Particles/Lit': fallback shader 'Universal Render Pipeline/Particles/SimpleLit' not found
Refreshing native plugins compatible for Editor in 0.65 ms, found 1 plugins.
Preloading 0 native plugins for Editor in 0.00 ms.
Unloading 3884 Unused Serialized files (Serialized files now loaded: 0)
System memory in use before: 260.9 MB.
System memory in use after: 261.1 MB.

Unloading 9 unused Assets to reduce memory usage. Loaded Objects now: 4681.
Total: 2.491265 ms (FindLiveObjects: 0.358042 ms CreateObjectMapping: 0.164570 ms MarkObjects: 1.954610 ms  DeleteObjects: 0.013284 ms)

========================================================================
Received Prepare
Registering precompiled user dll's ...
Registered in 0.001767 seconds.
Begin MonoManager ReloadAssembly
Native extension for OSXStandalone target not found
Refreshing native plugins compatible for Editor in 0.72 ms, found 1 plugins.
Preloading 0 native plugins for Editor in 0.00 ms.
Mono: successfully reloaded assembly
- Completed reload, in  1.199 seconds
Platform modules already initialized, skipping
Shader 'Universal Render Pipeline/Particles/Lit': fallback shader 'Universal Render Pipeline/Particles/SimpleLit' not found
Refreshing native plugins compatible for Editor in 0.70 ms, found 1 plugins.
Preloading 0 native plugins for Editor in 0.00 ms.
Unloading 3884 Unused Serialized files (Serialized files now loaded: 0)
System memory in use before: 261.1 MB.
System memory in use after: 261.4 MB.

Unloading 9 unused Assets to reduce memory usage. Loaded Objects now: 4684.
Total: 2.627229 ms (FindLiveObjects: 0.346022 ms CreateObjectMapping: 0.204925 ms MarkObjects: 2.059287 ms  DeleteObjects: 0.015934 ms)

========================================================================
Received Import Request.
  Time since last request: 310.195249 seconds.
  path: Assets/Prefabs/Rook.prefab
  artifactKey: Guid(ec3d16440217c4b5383b9f5b3c244ef3) Importer(815301076,1909f56bfc062723c751e8b465ee728b)
Start importing Assets/Prefabs/Rook.prefab using Guid(ec3d16440217c4b5383b9f5b3c244ef3) Importer(815301076,1909f56bfc062723c751e8b465ee728b)  -> (artifact id: '1cfebbb4639f50a0bea316aa45c53efc') in 0.181168 seconds 
========================================================================
Received Import Request.
  Time since last request: 5.973830 seconds.
  path: Assets/Prefabs/Queen.prefab
  artifactKey: Guid(bc756259f73f74496954bc3fd5c10f5a) Importer(815301076,1909f56bfc062723c751e8b465ee728b)
Start importing Assets/Prefabs/Queen.prefab using Guid(bc756259f73f74496954bc3fd5c10f5a) Importer(815301076,1909f56bfc062723c751e8b465ee728b)  -> (artifact id: '3a830df386474389defaf490e0a15de8') in 0.008664 seconds 
========================================================================
Received Import Request.
  Time since last request: 0.893828 seconds.
  path: Assets/Prefabs/Pawn.prefab
  artifactKey: Guid(ebab44321b5f04714b2fd83496df2ade) Importer(815301076,1909f56bfc062723c751e8b465ee728b)
Start importing Assets/Prefabs/Pawn.prefab using Guid(ebab44321b5f04714b2fd83496df2ade) Importer(815301076,1909f56bfc062723c751e8b465ee728b)  -> (artifact id: 'f04516019b4bf54ba025ff2d19bed933') in 0.007506 seconds 
========================================================================
Received Import Request.
  Time since last request: 0.488148 seconds.
  path: Assets/Prefabs/Knight.prefab
  artifactKey: Guid(5dbaeb9c4c97c46558951db96ae05370) Importer(815301076,1909f56bfc062723c751e8b465ee728b)
Start importing Assets/Prefabs/Knight.prefab using Guid(5dbaeb9c4c97c46558951db96ae05370) Importer(815301076,1909f56bfc062723c751e8b465ee728b)  -> (artifact id: '8aba4e2ba0581d740e4025598a1eb299') in 0.009133 seconds 
========================================================================
Received Import Request.
  Time since last request: 0.833928 seconds.
  path: Assets/Prefabs/King.prefab
  artifactKey: Guid(68a6558670dbe48fdab358bd22aa41ba) Importer(815301076,1909f56bfc062723c751e8b465ee728b)
Start importing Assets/Prefabs/King.prefab using Guid(68a6558670dbe48fdab358bd22aa41ba) Importer(815301076,1909f56bfc062723c751e8b465ee728b)  -> (artifact id: '939b4e8135d9122fdab691d691a8b783') in 0.007184 seconds 
========================================================================
Received Prepare
Registering precompiled user dll's ...
Registered in 0.001758 seconds.
Begin MonoManager ReloadAssembly
Native extension for OSXStandalone target not found
Refreshing native plugins compatible for Editor in 0.66 ms, found 1 plugins.
Preloading 0 native plugins for Editor in 0.00 ms.
Mono: successfully reloaded assembly
- Completed reload, in  1.211 seconds
Platform modules already initialized, skipping
Shader 'Universal Render Pipeline/Particles/Lit': fallback shader 'Universal Render Pipeline/Particles/SimpleLit' not found
Refreshing native plugins compatible for Editor in 0.69 ms, found 1 plugins.
Preloading 0 native plugins for Editor in 0.00 ms.
Unloading 3884 Unused Serialized files (Serialized files now loaded: 0)
System memory in use before: 261.7 MB.
System memory in use after: 261.9 MB.

Unloading 9 unused Assets to reduce memory usage. Loaded Objects now: 4723.
Total: 2.652267 ms (FindLiveObjects: 0.316022 ms CreateObjectMapping: 0.202947 ms MarkObjects: 2.116602 ms  DeleteObjects: 0.015695 ms)

========================================================================
Received Import Request.
  Time since last request: 16.402246 seconds.
  path: Assets/Prefabs/Rook.prefab
  artifactKey: Guid(ec3d16440217c4b5383b9f5b3c244ef3) Importer(815301076,1909f56bfc062723c751e8b465ee728b)
Start importing Assets/Prefabs/Rook.prefab using Guid(ec3d16440217c4b5383b9f5b3c244ef3) Importer(815301076,1909f56bfc062723c751e8b465ee728b)  -> (artifact id: '2b1160a9aa44db066ae850d2cf79b7bb') in 0.161561 seconds 
========================================================================
Received Prepare
Registering precompiled user dll's ...
Registered in 0.001896 seconds.
Begin MonoManager ReloadAssembly
Native extension for OSXStandalone target not found
Refreshing native plugins compatible for Editor in 0.63 ms, found 1 plugins.
Preloading 0 native plugins for Editor in 0.00 ms.
Mono: successfully reloaded assembly
- Completed reload, in  1.126 seconds
Platform modules already initialized, skipping
Shader 'Universal Render Pipeline/Particles/Lit': fallback shader 'Universal Render Pipeline/Particles/SimpleLit' not found
Refreshing native plugins compatible for Editor in 0.63 ms, found 1 plugins.
Preloading 0 native plugins for Editor in 0.00 ms.
Unloading 3884 Unused Serialized files (Serialized files now loaded: 0)
System memory in use before: 262.0 MB.
System memory in use after: 262.3 MB.

Unloading 9 unused Assets to reduce memory usage. Loaded Objects now: 4762.
Total: 3.511648 ms (FindLiveObjects: 0.419013 ms CreateObjectMapping: 0.292398 ms MarkObjects: 2.781606 ms  DeleteObjects: 0.017544 ms)

========================================================================
Received Prepare
Registering precompiled user dll's ...
Registered in 0.001800 seconds.
Begin MonoManager ReloadAssembly
Native extension for OSXStandalone target not found
Refreshing native plugins compatible for Editor in 0.62 ms, found 1 plugins.
Preloading 0 native plugins for Editor in 0.00 ms.
Mono: successfully reloaded assembly
- Completed reload, in  1.161 seconds
Platform modules already initialized, skipping
Shader 'Universal Render Pipeline/Particles/Lit': fallback shader 'Universal Render Pipeline/Particles/SimpleLit' not found
Refreshing native plugins compatible for Editor in 0.67 ms, found 1 plugins.
Preloading 0 native plugins for Editor in 0.00 ms.
Unloading 3884 Unused Serialized files (Serialized files now loaded: 0)
System memory in use before: 262.3 MB.
System memory in use after: 262.6 MB.

Unloading 9 unused Assets to reduce memory usage. Loaded Objects now: 4765.
Total: 2.818230 ms (FindLiveObjects: 0.319081 ms CreateObjectMapping: 0.191437 ms MarkObjects: 2.288959 ms  DeleteObjects: 0.016998 ms)

========================================================================
Received Import Request.
  Time since last request: 579.780410 seconds.
  path: Assets/Config/UniversalRenderPipelineAsset_Renderer.asset
  artifactKey: Guid(115deb1b2504e4e0f9100bfc915b44ce) Importer(815301076,1909f56bfc062723c751e8b465ee728b)
Start importing Assets/Config/UniversalRenderPipelineAsset_Renderer.asset using Guid(115deb1b2504e4e0f9100bfc915b44ce) Importer(815301076,1909f56bfc062723c751e8b465ee728b)  -> (artifact id: 'bc5c093cacb34e1cf74147fa1a63fcb8') in 0.227669 seconds 
========================================================================
Received Prepare
Registering precompiled user dll's ...
Registered in 0.004710 seconds.
Begin MonoManager ReloadAssembly
Native extension for OSXStandalone target not found
Refreshing native plugins compatible for Editor in 0.63 ms, found 1 plugins.
Preloading 0 native plugins for Editor in 0.00 ms.
Mono: successfully reloaded assembly
- Completed reload, in  1.177 seconds
Platform modules already initialized, skipping
Shader 'Universal Render Pipeline/Particles/Lit': fallback shader 'Universal Render Pipeline/Particles/SimpleLit' not found
Refreshing native plugins compatible for Editor in 0.63 ms, found 1 plugins.
Preloading 0 native plugins for Editor in 0.00 ms.
Unloading 3884 Unused Serialized files (Serialized files now loaded: 0)
System memory in use before: 266.8 MB.
System memory in use after: 267.0 MB.

Unloading 9 unused Assets to reduce memory usage. Loaded Objects now: 4768.
Total: 2.540467 ms (FindLiveObjects: 0.329840 ms CreateObjectMapping: 0.190277 ms MarkObjects: 2.006182 ms  DeleteObjects: 0.013439 ms)

========================================================================
Received Import Request.
  Time since last request: 27.703208 seconds.
  path: Assets/Config/UniversalRenderPipelineAsset.asset
  artifactKey: Guid(fac4503fcdc2142b2b0ab8ad22b410c0) Importer(815301076,1909f56bfc062723c751e8b465ee728b)
Start importing Assets/Config/UniversalRenderPipelineAsset.asset using Guid(fac4503fcdc2142b2b0ab8ad22b410c0) Importer(815301076,1909f56bfc062723c751e8b465ee728b)  -> (artifact id: 'd30fc1152d46f27eefa1dc0ed7df8a8a') in 0.015686 seconds 
========================================================================
Received Prepare
Registering precompiled user dll's ...
Registered in 0.003311 seconds.
Begin MonoManager ReloadAssembly
Native extension for OSXStandalone target not found
Refreshing native plugins compatible for Editor in 0.67 ms, found 1 plugins.
Preloading 0 native plugins for Editor in 0.00 ms.
Mono: successfully reloaded assembly
- Completed reload, in  1.344 seconds
Platform modules already initialized, skipping
Shader 'Universal Render Pipeline/Particles/Lit': fallback shader 'Universal Render Pipeline/Particles/SimpleLit' not found
Refreshing native plugins compatible for Editor in 0.66 ms, found 1 plugins.
Preloading 0 native plugins for Editor in 0.00 ms.
Unloading 3886 Unused Serialized files (Serialized files now loaded: 0)
System memory in use before: 267.1 MB.
System memory in use after: 267.3 MB.

Unloading 12 unused Assets to reduce memory usage. Loaded Objects now: 4771.
Total: 2.936747 ms (FindLiveObjects: 0.389553 ms CreateObjectMapping: 0.206933 ms MarkObjects: 2.079089 ms  DeleteObjects: 0.260275 ms)

========================================================================
Received Prepare
Registering precompiled user dll's ...
Registered in 0.001722 seconds.
Begin MonoManager ReloadAssembly
Native extension for OSXStandalone target not found
Refreshing native plugins compatible for Editor in 0.68 ms, found 1 plugins.
Preloading 0 native plugins for Editor in 0.00 ms.
Mono: successfully reloaded assembly
- Completed reload, in  1.142 seconds
Platform modules already initialized, skipping
Shader 'Universal Render Pipeline/Particles/Lit': fallback shader 'Universal Render Pipeline/Particles/SimpleLit' not found
Refreshing native plugins compatible for Editor in 0.63 ms, found 1 plugins.
Preloading 0 native plugins for Editor in 0.00 ms.
Unloading 3884 Unused Serialized files (Serialized files now loaded: 0)
System memory in use before: 267.3 MB.
System memory in use after: 267.6 MB.

Unloading 9 unused Assets to reduce memory usage. Loaded Objects now: 4774.
Total: 2.631416 ms (FindLiveObjects: 0.342240 ms CreateObjectMapping: 0.194812 ms MarkObjects: 2.077361 ms  DeleteObjects: 0.016053 ms)

========================================================================
Received Import Request.
  Time since last request: 12662.863129 seconds.
  path: Assets/Prefabs/Queen.prefab
  artifactKey: Guid(bc756259f73f74496954bc3fd5c10f5a) Importer(815301076,1909f56bfc062723c751e8b465ee728b)
Start importing Assets/Prefabs/Queen.prefab using Guid(bc756259f73f74496954bc3fd5c10f5a) Importer(815301076,1909f56bfc062723c751e8b465ee728b)  -> (artifact id: '835d55d02a005512d34bdb3bad8011b7') in 0.173052 seconds 
========================================================================
Received Prepare
Registering precompiled user dll's ...
Registered in 0.003975 seconds.
Begin MonoManager ReloadAssembly
Native extension for OSXStandalone target not found
Refreshing native plugins compatible for Editor in 0.77 ms, found 1 plugins.
Preloading 0 native plugins for Editor in 0.00 ms.
Mono: successfully reloaded assembly
- Completed reload, in  1.221 seconds
Platform modules already initialized, skipping
Shader 'Universal Render Pipeline/Particles/Lit': fallback shader 'Universal Render Pipeline/Particles/SimpleLit' not found
Refreshing native plugins compatible for Editor in 0.64 ms, found 1 plugins.
Preloading 0 native plugins for Editor in 0.00 ms.
Unloading 3884 Unused Serialized files (Serialized files now loaded: 0)
System memory in use before: 267.7 MB.
System memory in use after: 268.0 MB.

Unloading 9 unused Assets to reduce memory usage. Loaded Objects now: 4813.
Total: 3.538257 ms (FindLiveObjects: 0.430461 ms CreateObjectMapping: 0.292626 ms MarkObjects: 2.796672 ms  DeleteObjects: 0.017178 ms)

========================================================================
Received Prepare
Registering precompiled user dll's ...
Registered in 0.024547 seconds.
Begin MonoManager ReloadAssembly
Native extension for OSXStandalone target not found
Refreshing native plugins compatible for Editor in 0.67 ms, found 1 plugins.
Preloading 0 native plugins for Editor in 0.00 ms.
Mono: successfully reloaded assembly
- Completed reload, in  1.300 seconds
Platform modules already initialized, skipping
Shader 'Universal Render Pipeline/Particles/Lit': fallback shader 'Universal Render Pipeline/Particles/SimpleLit' not found
Refreshing native plugins compatible for Editor in 0.62 ms, found 1 plugins.
Preloading 0 native plugins for Editor in 0.00 ms.
Unloading 3884 Unused Serialized files (Serialized files now loaded: 0)
System memory in use before: 268.1 MB.
System memory in use after: 268.4 MB.

Unloading 9 unused Assets to reduce memory usage. Loaded Objects now: 4816.
Total: 3.995373 ms (FindLiveObjects: 0.517357 ms CreateObjectMapping: 0.310013 ms MarkObjects: 3.142450 ms  DeleteObjects: 0.024310 ms)

========================================================================
Received Import Request.
  Time since last request: 24744.913685 seconds.
  path: Assets/Scripts/Chessboard.cs
  artifactKey: Guid(a65da7ac8c7054270892dee1dc407b95) Importer(815301076,1909f56bfc062723c751e8b465ee728b)
Start importing Assets/Scripts/Chessboard.cs using Guid(a65da7ac8c7054270892dee1dc407b95) Importer(815301076,1909f56bfc062723c751e8b465ee728b)  -> (artifact id: '4798dcee204765a58438ef03846eb593') in 0.012065 seconds 
========================================================================
Received Prepare
Registering precompiled user dll's ...
Registered in 0.001472 seconds.
Begin MonoManager ReloadAssembly
Native extension for OSXStandalone target not found
Refreshing native plugins compatible for Editor in 0.64 ms, found 1 plugins.
Preloading 0 native plugins for Editor in 0.00 ms.
Mono: successfully reloaded assembly
- Completed reload, in  1.132 seconds
Platform modules already initialized, skipping
Shader 'Universal Render Pipeline/Particles/Lit': fallback shader 'Universal Render Pipeline/Particles/SimpleLit' not found
Refreshing native plugins compatible for Editor in 0.65 ms, found 1 plugins.
Preloading 0 native plugins for Editor in 0.00 ms.
Unloading 3884 Unused Serialized files (Serialized files now loaded: 0)
System memory in use before: 268.3 MB.
System memory in use after: 268.6 MB.

Unloading 9 unused Assets to reduce memory usage. Loaded Objects now: 4819.
Total: 3.653377 ms (FindLiveObjects: 0.451539 ms CreateObjectMapping: 0.305997 ms MarkObjects: 2.878043 ms  DeleteObjects: 0.016658 ms)

========================================================================
Received Prepare
Registering precompiled user dll's ...
Registered in 0.002804 seconds.
Begin MonoManager ReloadAssembly
Native extension for OSXStandalone target not found
Refreshing native plugins compatible for Editor in 0.62 ms, found 1 plugins.
Preloading 0 native plugins for Editor in 0.00 ms.
Mono: successfully reloaded assembly
- Completed reload, in  1.258 seconds
Platform modules already initialized, skipping
Shader 'Universal Render Pipeline/Particles/Lit': fallback shader 'Universal Render Pipeline/Particles/SimpleLit' not found
Refreshing native plugins compatible for Editor in 0.74 ms, found 1 plugins.
Preloading 0 native plugins for Editor in 0.00 ms.
Unloading 3884 Unused Serialized files (Serialized files now loaded: 0)
System memory in use before: 268.6 MB.
System memory in use after: 268.8 MB.

Unloading 9 unused Assets to reduce memory usage. Loaded Objects now: 4822.
Total: 3.689274 ms (FindLiveObjects: 0.378442 ms CreateObjectMapping: 0.307298 ms MarkObjects: 2.979085 ms  DeleteObjects: 0.022975 ms)

========================================================================
Received Prepare
Registering precompiled user dll's ...
Registered in 0.018138 seconds.
Begin MonoManager ReloadAssembly
Native extension for OSXStandalone target not found
Refreshing native plugins compatible for Editor in 0.73 ms, found 1 plugins.
Preloading 0 native plugins for Editor in 0.00 ms.
Mono: successfully reloaded assembly
- Completed reload, in  1.139 seconds
Platform modules already initialized, skipping
Shader 'Universal Render Pipeline/Particles/Lit': fallback shader 'Universal Render Pipeline/Particles/SimpleLit' not found
Refreshing native plugins compatible for Editor in 0.70 ms, found 1 plugins.
Preloading 0 native plugins for Editor in 0.00 ms.
Unloading 3884 Unused Serialized files (Serialized files now loaded: 0)
System memory in use before: 268.8 MB.
System memory in use after: 269.1 MB.

Unloading 9 unused Assets to reduce memory usage. Loaded Objects now: 4825.
Total: 3.012083 ms (FindLiveObjects: 0.412766 ms CreateObjectMapping: 0.242381 ms MarkObjects: 2.341289 ms  DeleteObjects: 0.014627 ms)

========================================================================
Received Prepare
Registering precompiled user dll's ...
Registered in 0.001479 seconds.
Begin MonoManager ReloadAssembly
Native extension for OSXStandalone target not found
Refreshing native plugins compatible for Editor in 0.64 ms, found 1 plugins.
Preloading 0 native plugins for Editor in 0.00 ms.
Mono: successfully reloaded assembly
- Completed reload, in  1.131 seconds
Platform modules already initialized, skipping
Shader 'Universal Render Pipeline/Particles/Lit': fallback shader 'Universal Render Pipeline/Particles/SimpleLit' not found
Refreshing native plugins compatible for Editor in 0.81 ms, found 1 plugins.
Preloading 0 native plugins for Editor in 0.00 ms.
Unloading 3884 Unused Serialized files (Serialized files now loaded: 0)
System memory in use before: 269.1 MB.
System memory in use after: 269.3 MB.

Unloading 9 unused Assets to reduce memory usage. Loaded Objects now: 4828.
Total: 2.737981 ms (FindLiveObjects: 0.356707 ms CreateObjectMapping: 0.205575 ms MarkObjects: 2.158955 ms  DeleteObjects: 0.015590 ms)

========================================================================
Received Prepare
Registering precompiled user dll's ...
Registered in 0.001506 seconds.
Begin MonoManager ReloadAssembly
Native extension for OSXStandalone target not found
Refreshing native plugins compatible for Editor in 0.70 ms, found 1 plugins.
Preloading 0 native plugins for Editor in 0.00 ms.
Mono: successfully reloaded assembly
- Completed reload, in  1.134 seconds
Platform modules already initialized, skipping
Shader 'Universal Render Pipeline/Particles/Lit': fallback shader 'Universal Render Pipeline/Particles/SimpleLit' not found
Refreshing native plugins compatible for Editor in 0.69 ms, found 1 plugins.
Preloading 0 native plugins for Editor in 0.00 ms.
Unloading 3884 Unused Serialized files (Serialized files now loaded: 0)
System memory in use before: 269.3 MB.
System memory in use after: 269.6 MB.

Unloading 9 unused Assets to reduce memory usage. Loaded Objects now: 4831.
Total: 2.898345 ms (FindLiveObjects: 0.340812 ms CreateObjectMapping: 0.199756 ms MarkObjects: 2.335432 ms  DeleteObjects: 0.020714 ms)

========================================================================
Received Prepare
Registering precompiled user dll's ...
Registered in 0.001470 seconds.
Begin MonoManager ReloadAssembly
Native extension for OSXStandalone target not found
Refreshing native plugins compatible for Editor in 0.62 ms, found 1 plugins.
Preloading 0 native plugins for Editor in 0.00 ms.
Mono: successfully reloaded assembly
- Completed reload, in  1.134 seconds
Platform modules already initialized, skipping
Shader 'Universal Render Pipeline/Particles/Lit': fallback shader 'Universal Render Pipeline/Particles/SimpleLit' not found
Refreshing native plugins compatible for Editor in 0.63 ms, found 1 plugins.
Preloading 0 native plugins for Editor in 0.00 ms.
Unloading 3884 Unused Serialized files (Serialized files now loaded: 0)
System memory in use before: 269.6 MB.
System memory in use after: 269.9 MB.

Unloading 9 unused Assets to reduce memory usage. Loaded Objects now: 4834.
Total: 3.655737 ms (FindLiveObjects: 0.436715 ms CreateObjectMapping: 0.297195 ms MarkObjects: 2.902805 ms  DeleteObjects: 0.017790 ms)

========================================================================
Received Prepare
Registering precompiled user dll's ...
Registered in 0.001963 seconds.
Begin MonoManager ReloadAssembly
Native extension for OSXStandalone target not found
Refreshing native plugins compatible for Editor in 0.63 ms, found 1 plugins.
Preloading 0 native plugins for Editor in 0.00 ms.
Mono: successfully reloaded assembly
- Completed reload, in  1.258 seconds
Platform modules already initialized, skipping
Shader 'Universal Render Pipeline/Particles/Lit': fallback shader 'Universal Render Pipeline/Particles/SimpleLit' not found
Refreshing native plugins compatible for Editor in 0.74 ms, found 1 plugins.
Preloading 0 native plugins for Editor in 0.00 ms.
Unloading 3884 Unused Serialized files (Serialized files now loaded: 0)
System memory in use before: 269.9 MB.
System memory in use after: 270.1 MB.

Unloading 9 unused Assets to reduce memory usage. Loaded Objects now: 4837.
Total: 3.405121 ms (FindLiveObjects: 0.370123 ms CreateObjectMapping: 0.281889 ms MarkObjects: 2.734561 ms  DeleteObjects: 0.017367 ms)

========================================================================
Received Prepare
Registering precompiled user dll's ...
Registered in 0.019077 seconds.
Begin MonoManager ReloadAssembly
Native extension for OSXStandalone target not found
Refreshing native plugins compatible for Editor in 0.62 ms, found 1 plugins.
Preloading 0 native plugins for Editor in 0.00 ms.
Mono: successfully reloaded assembly
- Completed reload, in  1.271 seconds
Platform modules already initialized, skipping
Shader 'Universal Render Pipeline/Particles/Lit': fallback shader 'Universal Render Pipeline/Particles/SimpleLit' not found
Refreshing native plugins compatible for Editor in 0.67 ms, found 1 plugins.
Preloading 0 native plugins for Editor in 0.00 ms.
Unloading 3884 Unused Serialized files (Serialized files now loaded: 0)
System memory in use before: 270.1 MB.
System memory in use after: 270.4 MB.

Unloading 9 unused Assets to reduce memory usage. Loaded Objects now: 4840.
Total: 3.688707 ms (FindLiveObjects: 0.472313 ms CreateObjectMapping: 0.306312 ms MarkObjects: 2.889610 ms  DeleteObjects: 0.017904 ms)

========================================================================
Received Prepare
Registering precompiled user dll's ...
Registered in 0.001458 seconds.
Begin MonoManager ReloadAssembly
Native extension for OSXStandalone target not found
Refreshing native plugins compatible for Editor in 0.64 ms, found 1 plugins.
Preloading 0 native plugins for Editor in 0.00 ms.
Mono: successfully reloaded assembly
- Completed reload, in  1.119 seconds
Platform modules already initialized, skipping
Shader 'Universal Render Pipeline/Particles/Lit': fallback shader 'Universal Render Pipeline/Particles/SimpleLit' not found
Refreshing native plugins compatible for Editor in 0.63 ms, found 1 plugins.
Preloading 0 native plugins for Editor in 0.00 ms.
Unloading 3884 Unused Serialized files (Serialized files now loaded: 0)
System memory in use before: 270.4 MB.
System memory in use after: 270.6 MB.

Unloading 9 unused Assets to reduce memory usage. Loaded Objects now: 4843.
Total: 3.737170 ms (FindLiveObjects: 0.466908 ms CreateObjectMapping: 0.323070 ms MarkObjects: 2.924788 ms  DeleteObjects: 0.021163 ms)

========================================================================
Received Prepare
Registering precompiled user dll's ...
Registered in 0.036154 seconds.
Begin MonoManager ReloadAssembly
Native extension for OSXStandalone target not found
Refreshing native plugins compatible for Editor in 0.64 ms, found 1 plugins.
Preloading 0 native plugins for Editor in 0.00 ms.
Mono: successfully reloaded assembly
- Completed reload, in  1.122 seconds
Platform modules already initialized, skipping
Shader 'Universal Render Pipeline/Particles/Lit': fallback shader 'Universal Render Pipeline/Particles/SimpleLit' not found
Refreshing native plugins compatible for Editor in 0.63 ms, found 1 plugins.
Preloading 0 native plugins for Editor in 0.00 ms.
Unloading 3884 Unused Serialized files (Serialized files now loaded: 0)
System memory in use before: 270.6 MB.
System memory in use after: 270.9 MB.

Unloading 9 unused Assets to reduce memory usage. Loaded Objects now: 4846.
Total: 3.623102 ms (FindLiveObjects: 0.437947 ms CreateObjectMapping: 0.299519 ms MarkObjects: 2.867672 ms  DeleteObjects: 0.016891 ms)

========================================================================
Received Prepare
Registering precompiled user dll's ...
Registered in 0.001475 seconds.
Begin MonoManager ReloadAssembly
Native extension for OSXStandalone target not found
Refreshing native plugins compatible for Editor in 0.64 ms, found 1 plugins.
Preloading 0 native plugins for Editor in 0.00 ms.
Mono: successfully reloaded assembly
- Completed reload, in  1.122 seconds
Platform modules already initialized, skipping
Shader 'Universal Render Pipeline/Particles/Lit': fallback shader 'Universal Render Pipeline/Particles/SimpleLit' not found
Refreshing native plugins compatible for Editor in 0.63 ms, found 1 plugins.
Preloading 0 native plugins for Editor in 0.00 ms.
Unloading 3884 Unused Serialized files (Serialized files now loaded: 0)
System memory in use before: 270.9 MB.
System memory in use after: 271.2 MB.

Unloading 9 unused Assets to reduce memory usage. Loaded Objects now: 4849.
Total: 3.652128 ms (FindLiveObjects: 0.446890 ms CreateObjectMapping: 0.304060 ms MarkObjects: 2.882196 ms  DeleteObjects: 0.017842 ms)

========================================================================
Received Prepare
Registering precompiled user dll's ...
Registered in 0.001899 seconds.
Begin MonoManager ReloadAssembly
Native extension for OSXStandalone target not found
Refreshing native plugins compatible for Editor in 0.64 ms, found 1 plugins.
Preloading 0 native plugins for Editor in 0.00 ms.
Mono: successfully reloaded assembly
- Completed reload, in  1.116 seconds
Platform modules already initialized, skipping
Shader 'Universal Render Pipeline/Particles/Lit': fallback shader 'Universal Render Pipeline/Particles/SimpleLit' not found
Refreshing native plugins compatible for Editor in 0.63 ms, found 1 plugins.
Preloading 0 native plugins for Editor in 0.00 ms.
Unloading 3884 Unused Serialized files (Serialized files now loaded: 0)
System memory in use before: 271.1 MB.
System memory in use after: 271.4 MB.

Unloading 9 unused Assets to reduce memory usage. Loaded Objects now: 4852.
Total: 3.665351 ms (FindLiveObjects: 0.458148 ms CreateObjectMapping: 0.293221 ms MarkObjects: 2.891021 ms  DeleteObjects: 0.021463 ms)

========================================================================
Received Prepare
Registering precompiled user dll's ...
Registered in 0.001735 seconds.
Begin MonoManager ReloadAssembly
Native extension for OSXStandalone target not found
Refreshing native plugins compatible for Editor in 0.63 ms, found 1 plugins.
Preloading 0 native plugins for Editor in 0.00 ms.
Mono: successfully reloaded assembly
- Completed reload, in  1.117 seconds
Platform modules already initialized, skipping
Shader 'Universal Render Pipeline/Particles/Lit': fallback shader 'Universal Render Pipeline/Particles/SimpleLit' not found
Refreshing native plugins compatible for Editor in 0.63 ms, found 1 plugins.
Preloading 0 native plugins for Editor in 0.00 ms.
Unloading 3884 Unused Serialized files (Serialized files now loaded: 0)
System memory in use before: 271.4 MB.
System memory in use after: 271.7 MB.

Unloading 9 unused Assets to reduce memory usage. Loaded Objects now: 4855.
Total: 3.632338 ms (FindLiveObjects: 0.461089 ms CreateObjectMapping: 0.304040 ms MarkObjects: 2.848836 ms  DeleteObjects: 0.017157 ms)

========================================================================
Received Prepare
Registering precompiled user dll's ...
Registered in 0.001760 seconds.
Begin MonoManager ReloadAssembly
Native extension for OSXStandalone target not found
Refreshing native plugins compatible for Editor in 0.62 ms, found 1 plugins.
Preloading 0 native plugins for Editor in 0.00 ms.
Mono: successfully reloaded assembly
- Completed reload, in  1.115 seconds
Platform modules already initialized, skipping
Shader 'Universal Render Pipeline/Particles/Lit': fallback shader 'Universal Render Pipeline/Particles/SimpleLit' not found
Refreshing native plugins compatible for Editor in 0.63 ms, found 1 plugins.
Preloading 0 native plugins for Editor in 0.00 ms.
Unloading 3884 Unused Serialized files (Serialized files now loaded: 0)
System memory in use before: 271.7 MB.
System memory in use after: 271.9 MB.

Unloading 9 unused Assets to reduce memory usage. Loaded Objects now: 4858.
Total: 3.603789 ms (FindLiveObjects: 0.441036 ms CreateObjectMapping: 0.298339 ms MarkObjects: 2.846235 ms  DeleteObjects: 0.017066 ms)

========================================================================
Received Prepare
Registering precompiled user dll's ...
Registered in 0.001643 seconds.
Begin MonoManager ReloadAssembly
Native extension for OSXStandalone target not found
Refreshing native plugins compatible for Editor in 0.68 ms, found 1 plugins.
Preloading 0 native plugins for Editor in 0.00 ms.
Mono: successfully reloaded assembly
- Completed reload, in  1.105 seconds
Platform modules already initialized, skipping
Shader 'Universal Render Pipeline/Particles/Lit': fallback shader 'Universal Render Pipeline/Particles/SimpleLit' not found
Refreshing native plugins compatible for Editor in 0.65 ms, found 1 plugins.
Preloading 0 native plugins for Editor in 0.00 ms.
Unloading 3884 Unused Serialized files (Serialized files now loaded: 0)
System memory in use before: 271.9 MB.
System memory in use after: 272.2 MB.

Unloading 9 unused Assets to reduce memory usage. Loaded Objects now: 4861.
Total: 3.251832 ms (FindLiveObjects: 0.393917 ms CreateObjectMapping: 0.264007 ms MarkObjects: 2.574406 ms  DeleteObjects: 0.018048 ms)

========================================================================
Received Prepare
Registering precompiled user dll's ...
Registered in 0.033131 seconds.
Begin MonoManager ReloadAssembly
Native extension for OSXStandalone target not found
Refreshing native plugins compatible for Editor in 0.63 ms, found 1 plugins.
Preloading 0 native plugins for Editor in 0.00 ms.
Mono: successfully reloaded assembly
- Completed reload, in  1.266 seconds
Platform modules already initialized, skipping
Shader 'Universal Render Pipeline/Particles/Lit': fallback shader 'Universal Render Pipeline/Particles/SimpleLit' not found
Refreshing native plugins compatible for Editor in 0.75 ms, found 1 plugins.
Preloading 0 native plugins for Editor in 0.00 ms.
Unloading 3884 Unused Serialized files (Serialized files now loaded: 0)
System memory in use before: 272.2 MB.
System memory in use after: 272.4 MB.

Unloading 9 unused Assets to reduce memory usage. Loaded Objects now: 4864.
Total: 2.810110 ms (FindLiveObjects: 0.351890 ms CreateObjectMapping: 0.201897 ms MarkObjects: 2.239918 ms  DeleteObjects: 0.015509 ms)

========================================================================
Received Prepare
Registering precompiled user dll's ...
Registered in 0.001610 seconds.
Begin MonoManager ReloadAssembly
Native extension for OSXStandalone target not found
Refreshing native plugins compatible for Editor in 0.64 ms, found 1 plugins.
Preloading 0 native plugins for Editor in 0.00 ms.
Mono: successfully reloaded assembly
- Completed reload, in  1.106 seconds
Platform modules already initialized, skipping
Shader 'Universal Render Pipeline/Particles/Lit': fallback shader 'Universal Render Pipeline/Particles/SimpleLit' not found
Refreshing native plugins compatible for Editor in 0.63 ms, found 1 plugins.
Preloading 0 native plugins for Editor in 0.00 ms.
Unloading 3884 Unused Serialized files (Serialized files now loaded: 0)
System memory in use before: 272.4 MB.
System memory in use after: 272.7 MB.

Unloading 9 unused Assets to reduce memory usage. Loaded Objects now: 4867.
Total: 3.640026 ms (FindLiveObjects: 0.439045 ms CreateObjectMapping: 0.299415 ms MarkObjects: 2.884276 ms  DeleteObjects: 0.016219 ms)

========================================================================
Received Import Request.
  Time since last request: 6595.837562 seconds.
  path: Assets/Prefabs
  artifactKey: Guid(28567443a7f374357b313bf846619ab1) Importer(815301076,1909f56bfc062723c751e8b465ee728b)
Start importing Assets/Prefabs using Guid(28567443a7f374357b313bf846619ab1) Importer(815301076,1909f56bfc062723c751e8b465ee728b)  -> (artifact id: 'fb3ddb32d3e6172affd6b8599b04adf4') in 0.004886 seconds 
========================================================================
Received Prepare
Registering precompiled user dll's ...
Registered in 0.001559 seconds.
Begin MonoManager ReloadAssembly
Native extension for OSXStandalone target not found
Refreshing native plugins compatible for Editor in 0.62 ms, found 1 plugins.
Preloading 0 native plugins for Editor in 0.00 ms.
Mono: successfully reloaded assembly
- Completed reload, in  1.104 seconds
Platform modules already initialized, skipping
Shader 'Universal Render Pipeline/Particles/Lit': fallback shader 'Universal Render Pipeline/Particles/SimpleLit' not found
Refreshing native plugins compatible for Editor in 0.62 ms, found 1 plugins.
Preloading 0 native plugins for Editor in 0.00 ms.
Unloading 3884 Unused Serialized files (Serialized files now loaded: 0)
System memory in use before: 272.7 MB.
System memory in use after: 273.0 MB.

Unloading 9 unused Assets to reduce memory usage. Loaded Objects now: 4870.
Total: 2.599284 ms (FindLiveObjects: 0.387928 ms CreateObjectMapping: 0.185638 ms MarkObjects: 2.012033 ms  DeleteObjects: 0.012946 ms)

========================================================================
Received Prepare
Registering precompiled user dll's ...
Registered in 0.029732 seconds.
Begin MonoManager ReloadAssembly
Native extension for OSXStandalone target not found
Refreshing native plugins compatible for Editor in 0.63 ms, found 1 plugins.
Preloading 0 native plugins for Editor in 0.00 ms.
Mono: successfully reloaded assembly
- Completed reload, in  1.110 seconds
Platform modules already initialized, skipping
Shader 'Universal Render Pipeline/Particles/Lit': fallback shader 'Universal Render Pipeline/Particles/SimpleLit' not found
Refreshing native plugins compatible for Editor in 0.65 ms, found 1 plugins.
Preloading 0 native plugins for Editor in 0.00 ms.
Unloading 3884 Unused Serialized files (Serialized files now loaded: 0)
System memory in use before: 273.0 MB.
System memory in use after: 273.2 MB.

Unloading 9 unused Assets to reduce memory usage. Loaded Objects now: 4873.
Total: 2.625575 ms (FindLiveObjects: 0.396321 ms CreateObjectMapping: 0.190806 ms MarkObjects: 2.023447 ms  DeleteObjects: 0.014270 ms)

========================================================================
Received Prepare
Registering precompiled user dll's ...
Registered in 0.001455 seconds.
Begin MonoManager ReloadAssembly
Native extension for OSXStandalone target not found
Refreshing native plugins compatible for Editor in 0.80 ms, found 1 plugins.
Preloading 0 native plugins for Editor in 0.00 ms.
Mono: successfully reloaded assembly
- Completed reload, in  1.107 seconds
Platform modules already initialized, skipping
Shader 'Universal Render Pipeline/Particles/Lit': fallback shader 'Universal Render Pipeline/Particles/SimpleLit' not found
Refreshing native plugins compatible for Editor in 0.62 ms, found 1 plugins.
Preloading 0 native plugins for Editor in 0.00 ms.
Unloading 3884 Unused Serialized files (Serialized files now loaded: 0)
System memory in use before: 273.2 MB.
System memory in use after: 273.5 MB.

Unloading 9 unused Assets to reduce memory usage. Loaded Objects now: 4876.
Total: 3.622274 ms (FindLiveObjects: 0.457207 ms CreateObjectMapping: 0.295042 ms MarkObjects: 2.852007 ms  DeleteObjects: 0.016869 ms)

========================================================================
Received Prepare
Registering precompiled user dll's ...
Registered in 0.037731 seconds.
Begin MonoManager ReloadAssembly
Native extension for OSXStandalone target not found
Refreshing native plugins compatible for Editor in 0.63 ms, found 1 plugins.
Preloading 0 native plugins for Editor in 0.00 ms.
Mono: successfully reloaded assembly
- Completed reload, in  1.281 seconds
Platform modules already initialized, skipping
Shader 'Universal Render Pipeline/Particles/Lit': fallback shader 'Universal Render Pipeline/Particles/SimpleLit' not found
Refreshing native plugins compatible for Editor in 0.63 ms, found 1 plugins.
Preloading 0 native plugins for Editor in 0.00 ms.
Unloading 3884 Unused Serialized files (Serialized files now loaded: 0)
System memory in use before: 273.5 MB.
System memory in use after: 273.7 MB.

Unloading 9 unused Assets to reduce memory usage. Loaded Objects now: 4879.
Total: 3.690788 ms (FindLiveObjects: 0.510327 ms CreateObjectMapping: 0.308914 ms MarkObjects: 2.853247 ms  DeleteObjects: 0.016804 ms)

